Checked 413575475547 curves in 727.326s
#Gamma(12,1) =  1185515760 (in 21046385 orbits) for p = 13
#Gamma(12,u) =  1181003577 (in 20964019 orbits) for p = 13

Frequencies of signed root multiplicities
Gamma(12,1): 43 different patterns
1 [] 1004663634
1 [+3] 11894688
1 [-2] 77271870
1 [+2,+2,+2,+2] 975
1 [+2] 77293476
1 [-2,-2] 2640456
1 [-2,+2] 5550012
1 [+6] 2548
1 [+2,+2] 2741778
1 [-4] 440076
1 [-2,+3] 857376
1 [+2,+2,+2] 60320
1 [+2,+3] 848952
1 [+3,+3,+3] 364
1 [+3,+3] 65208
1 [+2,+2,+2,+3] 832
1 [-2,-2,+2] 168168
1 [-2,-2,-2] 29744
1 [-6] 1352
1 [-4,+2] 30576
1 [+4] 462501
1 [-2,+2,+2] 189618
1 [-4,+3] 3744
1 [+5] 71448
1 [+2,+2,+3] 28548
1 [+3,+4] 5616
1 [+2,+4] 34476
1 [-2,-2,+3] 20592
1 [-2,+2,+3] 61776
1 [-2,+4] 30576
1 [-2,+2,+2,+2] 5460
1 [-4,-2] 16224
1 [+2,+5] 5616
1 [-2,+3,+3] 4290
1 [+2,+3,+3] 4134
1 [+2,+2,+5] 156
1 [-2,+2,+2,+3] 1560
1 [+2,+3,+4] 312
1 [-2,+5] 3744
1 [+3,+5] 780
1 [+2,+2,+4] 1638
1 [+2,+2,+3,+3] 234
1 [+7] 312
Gamma(12,u): 29 different patterns
u [] 1002972607
u [+3] 11880024
u [-2] 75579504
u [+2] 77271870
u [-2,+3] 778752
u [+2,+2] 2775006
u [-2,+2] 5280912
u [-4] 365547
u [+6] 1352
u [-2,-2] 2193282
u [+2,+3] 857376
u [+2,+2,+2] 63206
u [+4] 440076
u [+2,+2,+2,+3] 520
u [-2,-2,+2] 89232
u [-2,+2,+2] 168168
u [+5] 64896
u [+2,+3,+3] 4290
u [+3,+3] 66924
u [-2,+4] 16224
u [+2,+4] 30576
u [-2,+2,+3] 41184
u [+2,+2,+3] 30888
u [+3,+4] 3744
u [-4,+2] 16224
u [-2,+3,+3] 5148
u [+2,+2,+2,+2] 1365
u [+2,+5] 3744
u [+3,+5] 936
