Checked 9415285130163 curves in 12221.698s
#Gamma(14,1) =  79236771460 (in 1964548336 orbits) for p = 11
#Gamma(14,u) =  79217303451 (in 1964065573 orbits) for p = 11

Frequencies of signed root multiplicities
Gamma(14,1): 131 different patterns
1 [] 64990234375
1 [+4] 48827108
1 [-2] 5908203125
1 [-4] 48829550
1 [+2] 5908203125
1 [+3] 1074218750
1 [-2,-2,+2] 18270450
1 [-2,-2] 244147750
1 [-2,+2] 488271080
1 [+2,+3] 88774400
1 [+2,+2] 244141975
1 [+3,+3] 8065090
1 [-2,+3] 88790900
1 [-2,+2,+2] 18099675
1 [-2,-2,-2] 5989500
1 [-2,-2,+2,+2] 619740
1 [-4,-2] 3993000
1 [+2,+2,+3] 3298680
1 [+3,+4] 731500
1 [+2,+2,+2] 6061275
1 [+2,+2,+4] 148500
1 [-2,+4] 4060100
1 [+5] 8879090
1 [-2,+2,+3] 6583500
1 [+2,+5] 731500
1 [+2,+4] 4022150
1 [-2,+2,+2,+2] 396000
1 [-4,+2,+2] 154935
1 [-2,+5] 742500
1 [-4,+2] 4060100
1 [-2,-2,+2,+2,+2] 15400
1 [-4,-2,+2] 311850
1 [-2,+2,+2,+3] 213840
1 [-2,+3,+3] 598950
1 [-4,+3] 742500
1 [-4,+2,+3] 55440
1 [+2,+3,+3] 597630
1 [-2,-2,+3] 3341250
1 [+6] 406010
1 [-2,-2,-2,+2] 415800
1 [-2,+2,+4] 309870
1 [+7] 74250
1 [-6] 399300
1 [+2,+3,+3,+3] 1980
1 [+2,+3,+5] 11880
1 [+2,+3,+4] 53460
1 [-4,-2,-2] 108900
1 [-2,-2,-2,-2] 72600
1 [-2,-2,+5] 30690
1 [-2,+6] 34650
1 [+3,+3,+3] 36630
1 [-2,-2,-2,+2,+2] 13860
1 [-4,-2,+3] 61380
1 [-2,+3,+4] 55440
1 [-2,-2,+4] 155925
1 [-2,-2,+2,+2,+3] 9240
1 [+3,+5] 133100
1 [-2,-2,+2,+3] 221760
1 [+2,+2,+2,+2] 96800
1 [-2,+2,+5] 55440
1 [+2,+6] 34430
1 [+4,+4] 17215
1 [-6,-2] 24200
1 [+8] 3465
1 [+2,+2,+5] 26730
1 [-2,+2,+3,+3] 47520
1 [+3,+6] 6160
1 [+2,+2,+2,+3] 72600
1 [+2,+7] 6160
1 [-2,+2,+2,+4] 13200
1 [-2,-2,-2,+3] 81840
1 [-2,+7] 6820
1 [-4,+4] 34650
1 [-4,-4] 12100
1 [-2,-2,+2,+4] 11880
1 [-6,+3] 6820
1 [+9] 682
1 [-6,+2] 34650
1 [-2,+2,+2,+2,+2] 3850
1 [-2,-2,+3,+3] 17820
1 [+2,+2,+2,+2,+2] 1485
1 [-6,+2,+2] 1485
1 [-2,+3,+5] 8910
1 [-2,+2,+3,+4] 5280
1 [+2,+2,+3,+3] 17655
1 [+2,+3,+6] 660
1 [+4,+5] 6160
1 [-4,+5] 6820
1 [-4,+2,+2,+3] 2640
1 [-2,+2,+2,+2,+3] 6160
1 [-4,+2,+2,+2] 4400
1 [+3,+3,+4] 5940
1 [+2,+2,+3,+4] 2640
1 [-2,+3,+3,+4] 880
1 [-2,-2,+2,+3,+3] 3080
1 [+2,+2,+2,+3,+3] 440
1 [-2,+4,+4] 1485
1 [-2,+2,+2,+2,+2,+2] 330
1 [-2,+2,+2,+3,+3] 1155
1 [+2,+2,+2,+5] 880
1 [+2,+2,+2,+2,+3] 550
1 [+2,+2,+2,+4] 2200
1 [-2,+3,+3,+3] 2640
1 [-8] 2420
1 [+3,+3,+5] 990
1 [-4,-2,+2,+2] 11880
1 [-2,+2,+6] 2970
1 [-2,+2,+2,+5] 2640
1 [+5,+5] 495
1 [-2,+2,+3,+5] 1760
1 [-4,+2,+3,+3] 880
1 [-4,+3,+3] 4455
1 [+2,+2,+2,+2,+4] 275
1 [+2,+3,+3,+4] 330
1 [+2,+2,+6] 1650
1 [+2,+4,+4] 1650
1 [-4,+2,+4] 2970
1 [+2,+2,+2,+2,+3,+3] 55
1 [+4,+6] 330
1 [+2,+8] 330
1 [+2,+4,+5] 660
1 [+3,+3,+3,+3] 110
1 [+2,+2,+7] 330
1 [+2,+5,+5] 110
1 [+3,+7] 990
1 [+3,+4,+4] 330
1 [+3,+4,+5] 220
1 [+2,+3,+3,+3,+3] 55
1 [+2,+2,+3,+5] 330
1 [+2,+3,+7] 220
1 [+3,+3,+6] 110
Gamma(14,u): 103 different patterns
u [] 64983404255
u [+2] 5908203125
u [+4] 48829550
u [-4] 48206279
u [-2] 5901372675
u [+3] 1074218750
u [+2,+2] 244135540
u [-2,+2] 488295500
u [-2,-2] 241031395
u [+2,+3] 88790900
u [-2,+3] 88753500
u [-2,-2,-2] 5308875
u [-2,+2,+3] 6682500
u [-2,+2,+2] 18270450
u [+3,+3] 8080050
u [+2,+2,+3] 3291750
u [+2,+4] 4060100
u [+5] 8875350
u [-2,-2,+2] 17968500
u [-2,+4] 3993000
u [-2,-2,+3] 3212550
u [-4,+2] 3993000
u [+3,+4] 742500
u [-4,-2] 3539250
u [-2,-2,+2,+2] 623700
u [+2,+3,+3] 598950
u [+6] 399300
u [+2,+2,+2] 6033225
u [+2,+2,+2,+2] 99000
u [-2,+2,+2,+2] 413160
u [+2,+5] 742500
u [-4,-2,-2] 27225
u [+3,+5] 136400
u [-2,+5] 713900
u [+7] 71390
u [-2,+2,+2,+3] 221760
u [-2,+3,+4] 61380
u [-2,+3,+3] 613800
u [-4,+3] 713900
u [+2,+2,+2,+3] 71280
u [-2,-2,-2,+2] 290400
u [-2,+2,+4] 311850
u [+2,+3,+4] 55440
u [-2,+3,+5] 9900
u [-4,-2,+2] 217800
u [-2,-2,-2,-2] 18150
u [-2,-2,+2,+3] 245520
u [+2,+2,+4] 154935
u [+2,+6] 34650
u [-6] 353925
u [-4,+2,+3] 61380
u [-4,+2,+2] 155925
u [-4,+3,+3] 4950
u [-2,-2,-2,+3] 29040
u [-4,+4] 24200
u [+3,+6] 6820
u [-2,+2,+3,+3] 35640
u [-4,-2,+3] 21780
u [-2,-2,+5] 10890
u [-2,-2,+4] 108900
u [+2,+2,+3,+4] 2640
u [+9] 242
u [-2,+6] 24200
u [-6,+2] 24200
u [+4,+4] 17325
u [+2,+3,+3,+4] 880
u [+3,+3,+3] 35970
u [+2,+2,+5] 27720
u [-2,+2,+5] 61380
u [+4,+5] 6820
u [-4,+2,+2,+2] 3960
u [+2,+4,+4] 1485
u [-2,-2,+3,+3] 19800
u [+2,+2,+2,+2,+2] 770
u [-2,+2,+2,+2,+2] 7700
u [+8] 2420
u [-2,+2,+2,+4] 11880
u [-2,-2,+2,+2,+2] 13860
u [+2,+2,+3,+3] 23760
u [+2,+2,+6] 1485
u [+2,+7] 6820
u [+3,+3,+4] 4455
u [+2,+3,+5] 8910
u [+2,+2,+2,+2,+3] 1540
u [+2,+2,+2,+4] 4400
u [-2,+3,+3,+3] 2640
u [-2,+2,+2,+2,+3] 6160
u [-6,-2] 6050
u [+2,+2,+3,+5] 880
u [-4,+5] 2420
u [-2,+7] 2420
u [+2,+3,+3,+3] 2640
u [-8] 605
u [-4,-4] 3025
u [+2,+2,+2,+5] 880
u [-2,+2,+2,+3,+3] 3080
u [+3,+7] 1100
u [+2,+2,+2,+3,+3] 385
u [-6,+3] 2420
u [+2,+2,+2,+2,+2,+2] 55
u [+3,+3,+5] 990
u [+5,+5] 550
u [+3,+3,+3,+3] 220
