Checked 31813498119 curves in 59.691s
#Gamma(11,1) =  91177411 (in 1618185 orbits) for p = 13

Frequencies of signed root multiplicities
Gamma(11,1): 33 different patterns
1 [-2] 5940012
1 [+2] 5947344
1 [] 77280060
1 [+3] 914862
1 [+2,+2] 212238
1 [-2,-2,+2] 10296
1 [+5] 5577
1 [-2,+2] 428688
1 [-2,+2,+2,+2] 260
1 [+2,+2,+2,+2] 104
1 [+2,+3] 65208
1 [-2,-2] 194688
1 [-2,+3] 66924
1 [-4] 32448
1 [-2,+4] 1872
1 [-2,+2,+3] 4290
1 [-2,+2,+2] 15444
1 [+4] 35724
1 [+3,+3] 4680
1 [-2,-2,+3] 2574
1 [+2,+2,+3] 2067
1 [+2,+2,+2] 4758
1 [+2,+4] 2808
1 [+2,+5] 390
1 [+2,+3,+3] 546
1 [-4,+2] 1872
1 [+7] 39
1 [-4,+3] 468
1 [-2,+5] 468
1 [+3,+4] 390
1 [+6] 156
1 [+2,+2,+4] 78
1 [+2,+2,+2,+3] 78
