Checked 6047981701347 curves in 5020.556s
#Gamma(12,1) =  1794519864 (in 18629911 orbits) for p = 17
#Gamma(12,u) =  1777969990 (in 18460003 orbits) for p = 17

Frequencies of signed root multiplicities
Gamma(12,1): 28 different patterns
1 [] 1585629848
1 [+4] 319498
1 [-4] 259522
1 [+2] 93428192
1 [+2,+2] 2607120
1 [-2] 92496184
1 [+3] 11005392
1 [-2,+2] 5111968
1 [+2,+3] 607648
1 [-2,+3] 596224
1 [-2,-2] 2076176
1 [+2,+2,+2] 46784
1 [-2,+2,+2] 122400
1 [-2,+4] 8704
1 [-2,-2,+2] 65280
1 [+3,+3] 34544
1 [+5] 37264
1 [+2,+4] 16320
1 [-4,+2] 8704
1 [+2,+2,+3] 17952
1 [+2,+3,+3] 2448
1 [+2,+2,+2,+2] 340
1 [-2,+2,+3] 16320
1 [-2,+3,+3] 2040
1 [+3,+4] 1088
1 [+6] 544
1 [+2,+5] 1088
1 [+3,+5] 272
Gamma(12,u): 18 different patterns
u [] 1577855136
u [+4] 259522
u [-2,-2] 1414944
u [+2] 92496184
u [-2] 87102288
u [+3] 10732304
u [+2,+2] 2555984
u [-2,+2] 4152352
u [+5] 27744
u [-2,+3] 443904
u [+2,+3] 596224
u [-4] 176868
u [-2,+2,+2] 65280
u [+2,+2,+3] 8160
u [+2,+2,+2] 40800
u [+3,+3] 31552
u [+2,+3,+3] 2040
u [+2,+4] 8704
