Checked 855935011833 curves in 1694.466s
#Gamma(13,1) =  7203339781 (in 178595019 orbits) for p = 11

Frequencies of signed root multiplicities
Gamma(13,1): 107 different patterns
1 [] 5908203125
1 [+3] 97656493
1 [+4] 4439545
1 [-2] 537109375
1 [+2] 537109375
1 [+2,+2] 22193600
1 [-2,-2,+2] 1670625
1 [-2,-2] 22188375
1 [-2,+2] 44395450
1 [-2,+3] 8080050
1 [+2,+3] 8065090
1 [-4,-2] 356950
1 [-2,+4] 371250
1 [+5] 808005
1 [+2,+2,+3] 298815
1 [-2,-2,-2] 535425
1 [-4] 4437675
1 [-2,+2,+2] 1645875
1 [+3,+3] 732655
1 [-2,+2,+3] 598950
1 [+2,+2,+2] 549780
1 [-2,-2,+2,+2] 55440
1 [+2,+3,+3] 54945
1 [-4,+3] 68200
1 [+2,+4] 365750
1 [-4,+2] 371250
1 [-2,-2,+2,+3] 17820
1 [-2,-2,+3] 306900
1 [+2,+5] 66550
1 [+3,+4] 66550
1 [-4,+2,+2,+2] 440
1 [-2,+5] 68200
1 [-4,-2,+2] 30690
1 [-6] 35695
1 [-2,+2,+4] 27720
1 [+3,+5] 11990
1 [-2,+3,+4] 4455
1 [-2,+2,+2,+3] 23760
1 [-2,-2,+4] 15345
1 [+3,+3,+3] 3465
1 [-2,+2,+2,+2] 35640
1 [-2,-2,-2,+2] 40920
1 [-2,+3,+3] 53955
1 [+2,+2,+5] 2970
1 [-2,+2,+3,+3] 3960
1 [-2,-2,-2,-2] 3630
1 [-8] 121
1 [+9] 55
1 [-6,-2] 1210
1 [+2,+2,+4] 13365
1 [+3,+4,+4] 55
1 [-4,-2,+3] 4950
1 [+8] 341
1 [+2,+2,+2,+2,+2,+3] 11
1 [-2,+6] 3410
1 [-4,+2,+2] 13860
1 [-6,+2] 3410
1 [+7] 6820
1 [+2,+2,+2,+2] 9075
1 [-4,+5] 550
1 [+6] 37125
1 [-2,+2,+5] 4455
1 [+2,+2,+2,+3] 5885
1 [+2,+3,+5] 990
1 [-4,+2,+3] 4455
1 [-2,-2,-2,+3] 6600
1 [-2,-2,+3,+3] 1980
1 [+2,+3,+4] 5940
1 [-2,+2,+2,+4] 1320
1 [-2,+3,+5] 990
1 [-4,+4] 3410
1 [-2,-2,+2,+2,+3] 1540
1 [+4,+4] 1540
1 [-4,-4] 605
1 [-2,-2,+2,+2,+2] 1540
1 [-2,+2,+2,+5] 440
1 [+3,+3,+4] 495
1 [+2,+2,+2,+4] 440
1 [-4,+3,+3] 495
1 [-4,-2,-2] 5445
1 [+2,+6] 3080
1 [-2,-2,+5] 2475
1 [-2,+2,+2,+2,+2] 770
1 [-2,+3,+3,+3] 440
1 [+2,+2,+3,+3] 1485
1 [+4,+5] 495
1 [+2,+7] 495
1 [-6,+3] 550
1 [+2,+3,+3,+3] 220
1 [+3,+6] 495
1 [-2,+7] 550
1 [+2,+2,+2,+2,+3] 110
1 [+2,+2,+2,+2,+2] 55
1 [-4,+2,+2,+3] 440
1 [-2,+2,+3,+4] 880
1 [+2,+4,+5] 110
1 [+2,+4,+4] 165
1 [+2,+2,+3,+3,+3] 55
1 [+3,+7] 110
1 [+2,+2,+6] 165
1 [+3,+3,+5] 165
1 [+2,+2,+7] 55
1 [+2,+3,+6] 110
1 [+2,+2,+3,+4] 165
1 [-2,+2,+2,+2,+3] 385
1 [+2,+2,+2,+5] 55
1 [+5,+5] 55
