Checked 732421875 curves in 26.106s
#Gamma(14,1) =  100656875 (in 12078825 orbits) for p = 5
#Gamma(14,u) =  100578750 (in 12069450 orbits) for p = 5

Frequencies of signed root multiplicities
Gamma(14,1): 215 different patterns
1 [+2] 12500000
1 [-2] 12500000
1 [] 62500000
1 [+3] 5000000
1 [+4,+5,+5] 10
1 [-4] 500000
1 [+2,+2] 1000000
1 [-2,-2] 1000000
1 [-2,+3] 800000
1 [-4,+3] 32000
1 [-2,+2] 2000000
1 [-2,-2,+2] 120000
1 [+4] 500000
1 [+2,+3] 800000
1 [+2,+2,+3] 48000
1 [+2,+3,+3] 19200
1 [+6] 20000
1 [-2,+4] 80000
1 [+5] 200000
1 [+2,+4] 80000
1 [-2,+2,+3] 96000
1 [-6] 20000
1 [-2,-2,-2,-2,-2] 5
1 [+3,+3] 160000
1 [-4,-2] 80000
1 [-2,+2,+2] 120000
1 [-2,+2,+4] 9600
1 [-4,+2] 80000
1 [+2,+2,+2] 40000
1 [-2,-2,+3] 48000
1 [+2,+5] 32000
1 [-2,-2,-2] 40000
1 [-2,+5] 32000
1 [+7] 8000
1 [+3,+4] 32000
1 [+3,+3,+4] 790
1 [-2,-2,+2,+2,+3] 60
1 [+2,+2,+4] 4800
1 [-6,+3] 1280
1 [-2,+3,+3] 19200
1 [+2,+2,+5] 1920
1 [+3,+5] 12800
1 [-4,-2,+3] 3840
1 [+8] 800
1 [-6,+2,+2] 180
1 [-2,-2,+7] 120
1 [-6,-2] 3200
1 [-4,+2,+3] 3840
1 [-4,+2,+2] 4800
1 [-4,-2,+4] 420
1 [+3,+3,+3] 2560
1 [-2,-2,+2,+3] 3840
1 [+4,+4] 1600
1 [-2,-2,-2,+2] 3200
1 [-4,-2,-2] 4800
1 [-2,+2,+2,+2] 3200
1 [-4,-4] 1600
1 [-2,+3,+4] 3840
1 [-6,+2] 3200
1 [-4,-4,+2,+2] 30
1 [-4,-2,+2,+2] 360
1 [-2,-2,+5] 1920
1 [+3,+7] 500
1 [-2,+2,+3,+3] 1580
1 [-2,+2,+2,+4] 420
1 [+3,+6] 1280
1 [-2,-2,-2,+3] 1280
1 [-4,-4,+2] 210
1 [+2,+2,+2,+3] 1280
1 [-4,-2,+2] 9600
1 [+2,+3,+3,+3] 200
1 [-2,+2,+2,+3] 3840
1 [+9] 320
1 [+4,+5] 1280
1 [-4,+5] 1280
1 [-2,-2,+4] 4800
1 [-2,+6] 3200
1 [+2,+3,+4] 3840
1 [+2,+2,+2,+2] 800
1 [-2,-2,-2,-2] 800
1 [-2,+2,+7] 120
1 [-2,+2,+5] 3840
1 [-2,+3,+5] 1500
1 [-2,-2,+2,+2] 4800
1 [-2,+3,+3,+3] 200
1 [-2,-2,+2,+5] 120
1 [+2,+7] 1280
1 [+2,+3,+5] 1580
1 [-4,+4] 3200
1 [-2,-2,+6] 210
1 [+2,+6] 3200
1 [-4,+3,+3] 750
1 [-6,-2,+3] 240
1 [-6,+2,+3] 120
1 [-4,+2,+2,+2] 140
1 [-4,+3,+5] 60
1 [-4,+2,+4] 360
1 [-6,-2,+2] 420
1 [-2,+2,+6] 360
1 [-4,-2,+5] 240
1 [-2,-2,-2,+2,+4] 20
1 [+2,+3,+6] 120
1 [-2,+3,+6] 120
1 [-2,+2,+3,+4] 240
1 [-2,+3,+3,+6] 20
1 [-4,-4,-2] 150
1 [-4,-2,-2,+2] 420
1 [-2,+3,+3,+4] 80
1 [+10] 35
1 [-2,+2,+2,+2,+2] 25
1 [+2,+4,+4] 210
1 [-2,-2,-2,+4] 140
1 [-6,+3,+3] 30
1 [+5,+6] 40
1 [-4,+6] 140
1 [-2,+7] 1280
1 [+2,+2,+3,+3] 750
1 [-4,-2,+2,+3] 240
1 [-4,+7] 80
1 [-2,-2,+3,+3] 750
1 [-8,-2] 100
1 [+2,+3,+7] 80
1 [-8] 800
1 [-2,-2,+2,+2,+2] 70
1 [-2,+2,+2,+5] 120
1 [-2,-2,-2,+5] 80
1 [+3,+3,+5] 300
1 [-6,+2,+4] 60
1 [-10] 25
1 [+2,+3,+3,+3,+3] 5
1 [-6,-4] 100
1 [+2,+2,+7] 60
1 [+3,+4,+4] 60
1 [-2,+2,+3,+5] 160
1 [-2,+4,+4] 180
1 [-2,-2,+2,+4] 360
1 [-2,+8] 140
1 [-2,-2,+2,+3,+3] 40
1 [-4,+2,+3,+3] 80
1 [-2,+4,+5] 120
1 [-8,+2] 140
1 [-2,-2,+2,+6] 60
1 [-2,+9] 80
1 [-2,+5,+5] 30
1 [+5,+5] 250
1 [+2,+2,+2,+2,+6] 5
1 [+2,+3,+3,+4] 60
1 [+2,+10] 20
1 [+2,+2,+3,+4] 240
1 [-4,+2,+5] 120
1 [-2,+2,+2,+2,+3] 80
1 [-4,+3,+4] 120
1 [-4,-2,+2,+4] 120
1 [-4,-2,-2,-2] 100
1 [-2,+3,+4,+5] 40
1 [+3,+8] 40
1 [-8,+3] 80
1 [+4,+6] 120
1 [-4,+2,+3,+5] 40
1 [-6,-2,-2] 150
1 [-2,-2,-2,-2,+2] 35
1 [-4,-2,-2,+3] 240
1 [-2,+2,+8] 60
1 [-2,-2,+2,+3,+5] 20
1 [+2,+8] 120
1 [-2,+2,+3,+7] 40
1 [-4,+2,+2,+3] 120
1 [-4,-2,+3,+3] 60
1 [+2,+2,+2,+4] 100
1 [-2,-2,-2,+2,+2] 60
1 [+2,+2,+2,+5] 80
1 [-2,+4,+6] 60
1 [+4,+8] 20
1 [+4,+7] 40
1 [-8,+2,+2] 30
1 [-6,+4] 140
1 [+3,+3,+3,+3] 30
1 [+2,+2,+6] 210
1 [+2,+4,+5] 120
1 [+2,+2,+3,+5] 60
1 [+3,+5,+6] 20
1 [-4,-2,-2,+2,+2] 30
1 [-2,-2,-2,+3,+3] 10
1 [-4,+2,+6] 60
1 [-6,-2,+2,+2] 60
1 [-2,-2,+3,+4] 120
1 [-6,+5] 80
1 [-2,-2,-2,+2,+3] 40
1 [-4,+4,+4] 30
1 [+2,+2,+2,+2,+2] 10
1 [-4,-4,+3] 120
1 [-2,+3,+7] 60
1 [+3,+4,+5] 80
1 [+2,+5,+5] 40
1 [+3,+3,+6] 40
1 [+2,+2,+2,+3,+3] 20
1 [+5,+7] 20
1 [-2,-2,+4,+4] 30
1 [-2,-2,+3,+3,+4] 10
1 [-2,-2,+3,+5] 60
1 [-2,+2,+2,+3,+3] 30
1 [+2,+3,+9] 20
1 [+2,+9] 40
1 [-2,-2,-2,-2,+3] 20
1 [-6,+2,+3,+3] 20
1 [-2,+2,+5,+5] 20
1 [+2,+5,+7] 20
1 [+3,+9] 20
1 [+6,+6] 10
1 [+11] 20
1 [-4,+3,+3,+4] 20
1 [+3,+4,+7] 20
1 [-4,-2,+2,+3,+3] 20
1 [+3,+3,+8] 10
1 [+2,+2,+2,+4,+4] 10
Gamma(14,u): 181 different patterns
u [-2] 12474400
u [+2] 12500000
u [+3] 5000000
u [] 62474400
u [-4] 494880
u [-2,+2] 2000000
u [+2,+3] 800000
u [-2,-2] 989760
u [-2,+2,+3] 96000
u [+2,+2] 1000000
u [-2,+3] 800000
u [+4] 500000
u [+3,+3] 160000
u [-2,+4] 80000
u [-2,-2,-2] 37950
u [+2,+5] 32000
u [+2,+2,+3] 48000
u [-2,+2,+2] 120000
u [-4,+2] 80000
u [-2,-2,+2] 120000
u [+2,+2,+2,+2,+2] 5
u [-4,+5] 1280
u [+5] 200000
u [+6] 20000
u [+2,+2,+2] 40000
u [-4,-2,-2] 3600
u [+7] 8000
u [-4,-2] 75900
u [-2,-2,+3] 48000
u [+3,+4] 32000
u [-2,+3,+5] 1560
u [-4,+2,+3] 3840
u [-4,+3] 32000
u [+2,+4] 80000
u [-2,+3,+3] 19200
u [+2,+3,+3] 19200
u [-2,-2,+2,+2,+3] 60
u [-2,+5] 32000
u [+3,+5] 12800
u [-4,-2,+4] 300
u [-4,-2,+2] 9600
u [-2,-2,+2,+4] 420
u [-6] 18975
u [+2,+2,+4] 4800
u [-2,+2,+4] 9600
u [-4,-4] 1200
u [-2,-2,+4] 4800
u [-2,-2,+2,+2] 4800
u [-2,-2,+3,+3] 780
u [-2,-2,+2,+3] 3840
u [-2,+2,+3,+3] 1500
u [+2,+6] 3200
u [-2,-2,+5] 1920
u [+2,+2,+2,+3] 1280
u [+2,+2,+6] 180
u [+3,+3,+4] 750
u [-2,-2,-2,+2] 3200
u [-2,+2,+2,+2] 3200
u [+2,+3,+4] 3840
u [+2,+3,+5] 1500
u [-4,+2,+2] 4800
u [-6,+2] 3200
u [-2,+3,+4] 3840
u [+4,+5] 1280
u [-8] 600
u [-2,+6] 3200
u [-4,-2,+3] 3840
u [+2,+3,+3,+4] 80
u [-6,-2] 2400
u [-2,+2,+2,+3] 3840
u [-2,+2,+5] 3840
u [+2,+2,+2,+4] 140
u [+3,+6] 1280
u [-4,-2,-2,+2] 300
u [-2,+2,+2,+5] 120
u [-4,+4] 3200
u [-2,+2,+7] 240
u [+3,+7] 520
u [+3,+3,+3,+3] 20
u [+4,+4] 1600
u [+3,+4,+4] 60
u [+4,+7] 80
u [-2,-2,-2,-2] 600
u [-4,+3,+3] 780
u [-2,-2,+2,+5] 240
u [+3,+3,+3] 2560
u [-2,+2,+2,+4] 360
u [-2,+2,+6] 420
u [+2,+7] 1280
u [+3,+9] 40
u [-4,-2,+2,+3] 480
u [-4,+2,+4] 420
u [+2,+8] 140
u [+2,+2,+2,+2] 800
u [-2,+3,+6] 240
u [+2,+2,+3,+3] 790
u [-4,+6] 100
u [+2,+2,+5] 1920
u [+2,+2,+3,+4] 120
u [-2,-2,+3,+4] 240
u [-2,-2,-2,+3] 1280
u [-4,-2,+2,+2,+2] 20
u [+2,+4,+6] 60
u [-2,+7] 1280
u [-2,+4,+4] 210
u [-4,-2,+2,+2] 420
u [-2,-2,-2,-2,+2] 25
u [+5,+5] 260
u [-2,+2,+3,+5] 120
u [+8] 800
u [-2,+4,+5] 240
u [-6,+3] 1280
u [-4,+3,+4] 240
u [+2,+2,+3,+5] 80
u [+2,+3,+6] 120
u [-2,+3,+3,+3] 200
u [-2,-2,-2,+2,+2] 70
u [-4,+2,+2,+3] 120
u [-2,-2,+6] 150
u [+2,+3,+3,+3] 200
u [+2,+2,+2,+5] 40
u [+9] 320
u [+4,+6] 140
u [+3,+3,+5] 300
u [-2,+3,+3,+3,+3] 5
u [+2,+2,+8] 30
u [+2,+4,+4] 180
u [-6,+2,+3] 240
u [-6,-2,+2] 300
u [-4,+2,+2,+4] 60
u [-2,+2,+2,+3,+3] 40
u [-4,-4,+2] 150
u [-2,+2,+3,+4] 240
u [-4,+2,+5] 240
u [-2,+5,+5] 60
u [-6,+3,+3] 60
u [-6,+4] 100
u [-6,+2,+2] 210
u [+10] 25
u [+2,+5,+5] 30
u [+5,+7] 40
u [-4,-2,+3,+3] 120
u [+2,+9] 80
u [-2,-2,-2,+2,+3] 80
u [-2,+2,+2,+2,+2] 35
u [-4,+2,+3,+3] 60
u [+3,+3,+6] 30
u [-2,+2,+2,+3,+5] 20
u [+2,+3,+7] 60
u [-2,-2,+3,+5] 120
u [-4,+2,+2,+2] 120
u [+2,+2,+3,+7] 20
u [-8,+2] 100
u [+5,+6] 80
u [-2,-2,+2,+2,+2] 60
u [-2,+8] 100
u [-4,+3,+5] 120
u [-2,+2,+4,+4] 60
u [-2,-2,+2,+2,+4] 30
u [+2,+3,+3,+6] 20
u [-2,-2,-2,+4] 100
u [+2,+2,+2,+3,+3] 10
u [-2,+2,+2,+6] 60
u [+3,+8] 80
u [+2,+4,+5] 120
u [-2,+2,+2,+2,+3] 40
u [-2,+3,+3,+4] 60
u [+3,+3,+4,+4] 10
u [+2,+2,+7] 60
u [-2,+3,+7] 120
u [-6,+2,+2,+2] 20
u [-2,-2,-2,+3,+3] 20
u [-4,+2,+2,+3,+3] 10
u [-2,-2,+2,+3,+3] 30
u [+2,+3,+4,+5] 40
u [+3,+4,+5] 60
u [+2,+2,+2,+2,+3] 20
u [+2,+2,+5,+5] 10
u [-2,+2,+3,+3,+4] 20
u [+4,+4,+4] 10
u [+3,+3,+3,+5] 20
