Checked 77812273803 curves in 169.139s
#Gamma(12,1) =  654838030 (in 16235834 orbits) for p = 11
#Gamma(12,u) =  653096576 (in 16192480 orbits) for p = 11

Frequencies of signed root multiplicities
Gamma(12,1): 52 different patterns
1 [+2] 48827108
1 [-2] 48829550
1 [] 537109375
1 [+3] 8879090
1 [-2,+2] 4060100
1 [-2,-2] 1996500
1 [+2,+2] 2011075
1 [+2,+3] 731500
1 [+4] 406010
1 [-2,+3] 742500
1 [-2,-2,+2] 155925
1 [-4] 399300
1 [+3,+3] 66550
1 [-2,+2,+2] 154935
1 [-4,+2] 34650
1 [-2,-2,+2,+2] 5940
1 [+5] 74250
1 [-2,+4] 34650
1 [-2,-2,-2] 36300
1 [+6] 3465
1 [+3,+4] 6160
1 [+2,+2,+2] 49500
1 [-2,+2,+2,+2] 4400
1 [+2,+2,+3] 26730
1 [-2,-2,+3] 30690
1 [+2,+4] 34430
1 [+2,+3,+3] 5940
1 [-2,+2,+4] 2970
1 [-2,+2,+3] 55440
1 [+7] 682
1 [-4,+3] 6820
1 [-2,+3,+3] 4455
1 [-4,+2,+2] 1485
1 [-2,+5] 6820
1 [+3,+5] 990
1 [-4,-2] 24200
1 [+2,+5] 6160
1 [-2,+2,+3,+3] 880
1 [-2,+2,+2,+3] 2640
1 [-6] 2420
1 [+2,+2,+4] 1650
1 [+2,+2,+2,+3] 880
1 [+2,+2,+3,+3] 165
1 [+4,+4] 165
1 [+2,+2,+2,+2,+2] 55
1 [+2,+2,+2,+2] 550
1 [+3,+3,+3] 330
1 [+2,+3,+4] 660
1 [+3,+3,+4] 110
1 [+2,+6] 330
1 [+2,+3,+5] 220
1 [+2,+2,+5] 330
Gamma(12,u): 40 different patterns
u [+2] 48829550
u [-2] 48206279
u [] 536488425
u [+2,+2] 2030050
u [+3] 8875350
u [-2,+2] 3993000
u [+2,+3] 742500
u [-2,+3] 713900
u [-2,-2] 1769625
u [+4] 399300
u [-4] 353925
u [+5] 71390
u [-2,+2,+3] 61380
u [-2,+2,+2] 155925
u [-2,-2,+2] 108900
u [-2,-2,-2] 9075
u [-2,+4] 24200
u [+3,+3] 68200
u [+3,+4] 6820
u [+2,+2,+3] 27720
u [+2,+2,+2] 51645
u [+7] 242
u [-4,+3] 2420
u [+2,+4] 34650
u [-2,-2,+3] 10890
u [-4,+2] 24200
u [+2,+2,+2,+2] 1100
u [+2,+5] 6820
u [+3,+5] 1100
u [-4,-2] 6050
u [-2,+2,+2,+2] 3960
u [+6] 2420
u [-2,+3,+3] 4950
u [+2,+3,+3] 4455
u [-6] 605
u [-2,+5] 2420
u [+2,+2,+3,+3] 440
u [+2,+2,+2,+3] 880
u [+2,+2,+4] 1485
u [+3,+3,+3] 330
