Checked 1747866711689283 curves in 1419701.440s
#Gamma(14,1) =  519113642472 (in 5388712627 orbits) for p = 17
#Gamma(14,u) =  518738837250 (in 5384837030 orbits) for p = 17

Frequencies of signed root multiplicities
Gamma(14,1): 76 different patterns
1 [] 458334909816
1 [-2,-2] 739969472
1 [-2] 26955707416
1 [+2] 26963529728
1 [+3] 3172524224
1 [-2,+2] 1494851072
1 [+6] 319498
1 [+2,+2] 746733024
1 [-6] 259522
1 [+2,+3] 175810464
1 [-2,-2,+2] 38339760
1 [-2,-2,+2,+2] 856800
1 [+4] 93428192
1 [-4,-2] 4152352
1 [-2,+3] 176086272
1 [-2,+2,+2] 39106800
1 [+5] 11005392
1 [-4] 92496184
1 [-2,+4] 5111968
1 [+3,+3] 10344432
1 [+2,+2,+3] 4650384
1 [-2,+2,+3] 9114720
1 [-2,-2,-2] 10380880
1 [-2,-2,+3] 4471680
1 [+2,+2,+2] 13023632
1 [-4,+2,+3] 16320
1 [+2,+3,+3] 558144
1 [+2,+5] 607648
1 [-2,+5] 596224
1 [+2,+4] 5214240
1 [-4,+2] 5111968
1 [-2,+3,+3] 518160
1 [-2,+2,+2,+2] 654976
1 [+2,+2,+2,+2] 164560
1 [+3,+5] 69088
1 [-4,+3] 596224
1 [+3,+4] 607648
1 [-2,-2,-2,+2] 304640
1 [-2,+2,+2,+3] 251328
1 [-2,-2,+4] 65280
1 [-4,-2,+2] 130560
1 [-2,+6] 8704
1 [-4,+2,+2] 122400
1 [-2,+2,+4] 244800
1 [+2,+2,+4] 140352
1 [+2,+2,+2,+3] 83776
1 [+7] 37264
1 [+2,+3,+4] 35904
1 [-2,-2,+2,+3] 114240
1 [+2,+6] 16320
1 [-2,-2,+3,+3] 14280
1 [-2,+2,+3,+3] 34272
1 [+2,+2,+5] 17952
1 [-4,+4] 8704
1 [+4,+4] 8160
1 [-2,+3,+4] 16320
1 [+3,+3,+4] 2448
1 [+3,+3,+3] 22848
1 [-2,+2,+2,+2,+2] 4420
1 [+2,+2,+3,+3] 11424
1 [-2,+2,+5] 16320
1 [+2,+2,+2,+2,+2] 2856
1 [-6,+2] 8704
1 [+2,+3,+5] 4896
1 [-2,+3,+5] 4080
1 [+2,+2,+2,+4] 1360
1 [+2,+2,+2,+2,+3] 1360
1 [-4,+3,+3] 2040
1 [+3,+6] 1088
1 [+2,+7] 1088
1 [+2,+3,+3,+3] 1088
1 [+3,+7] 272
1 [+4,+5] 1088
1 [+8] 544
1 [+5,+5] 136
1 [+2,+2,+2,+3,+3] 272
Gamma(14,u): 52 different patterns
u [] 458188578576
u [-2] 26823537312
u [+2] 26955707416
u [-2,+2] 1479938944
u [+3] 3170228272
u [-2,-2] 696818304
u [+4] 92496184
u [-2,-2,-2] 7074720
u [+6] 259522
u [+2,+3] 176086272
u [+2,+2] 747425536
u [-2,+3] 171716864
u [-2,-2,+2] 31142640
u [-2,+2,+3] 8943360
u [-4] 87102288
u [-4,-2] 2829888
u [+2,+4] 5111968
u [+3,+3] 10386048
u [-2,+2,+2] 38339760
u [-4,+3] 443904
u [-2,+2,+2,+2] 571200
u [+2,+2,+2] 13035600
u [+5] 10732304
u [-4,+2] 4152352
u [+2,+3,+3] 518160
u [+2,+2,+3] 4557360
u [-2,-2,+3] 3329280
u [-2,+4] 4152352
u [-2,+5] 443904
u [+2,+5] 596224
u [+3,+3,+4] 2040
u [-2,+2,+4] 130560
u [-2,-2,+2,+2] 456960
u [+3,+4] 596224
u [-2,+3,+3] 473280
u [+2,+2,+2,+2] 163744
u [-2,+2,+3,+3] 28560
u [+3,+3,+3] 16320
u [-2,+2,+2,+3] 114240
u [-4,+2,+2] 65280
u [+3,+5] 63104
u [+2,+2,+4] 122400
u [-6] 176868
u [+2,+2,+2,+3] 83776
u [+7] 27744
u [+2,+2,+3,+3] 17136
u [+2,+6] 8704
u [+2,+3,+4] 16320
u [+2,+2,+2,+2,+2] 884
u [+4,+4] 4352
u [+2,+2,+5] 8160
u [+2,+3,+5] 4080
