Checked 1594323 curves in 0.392s
#Gamma(14,1) =  419904 (in 139968 orbits) for p = 3
#Gamma(14,u) =  417717 (in 139239 orbits) for p = 3

Frequencies of signed root multiplicities
Gamma(14,1): 151 different patterns
1 [+3,+11] 6
1 [] 177147
1 [+3] 39366
1 [+2] 59049
1 [-2] 59049
1 [-2,+3,+3] 324
1 [-2,+2] 13122
1 [+5] 4374
1 [+4] 6561
1 [+2,+3] 8748
1 [-2,-2] 6561
1 [+3,+5] 648
1 [+5,+9] 6
1 [-2,+3,+9] 6
1 [-4,+2] 1458
1 [-4] 6561
1 [+2,+2] 6561
1 [+6] 729
1 [-4,-4] 81
1 [-2,+3] 8748
1 [+2,+2,+4] 81
1 [+3,+3] 2916
1 [-2,+4] 1458
1 [-2,-2,+2] 729
1 [-4,-2] 1458
1 [-6] 729
1 [+2,+5] 972
1 [+2,+4] 1458
1 [-4,-2,+3] 108
1 [+2,+2,+3] 486
1 [+4,+5] 108
1 [-2,+7] 108
1 [+7] 486
1 [-2,+6] 162
1 [+2,+3,+3] 324
1 [+8] 81
1 [+2,+6,+6] 3
1 [-4,+3] 972
1 [-2,+2,+2] 729
1 [-4,-2,-2] 81
1 [-2,+5] 972
1 [+2,+3,+4] 108
1 [+3,+4] 972
1 [-2,-2,+3] 486
1 [-6,-2] 162
1 [-6,+2] 162
1 [-6,+3,+5] 6
1 [+2,+2,+2] 243
1 [-8,+3,+3] 3
1 [-2,-2,-2] 243
1 [-2,+2,+3] 972
1 [+2,+6] 162
1 [+4,+4] 81
1 [-4,-2,+2] 162
1 [-8] 81
1 [-2,+2,+4] 162
1 [-2,+3,+4] 108
1 [+2,+2,+5] 54
1 [+9] 54
1 [+4,+6] 18
1 [+2,+7] 108
1 [-2,+4,+5] 12
1 [-6,+3] 108
1 [-4,+4] 162
1 [-4,+2,+3] 108
1 [-4,+2,+2] 81
1 [-4,+2,+4] 18
1 [-2,-2,+4] 81
1 [+3,+7] 72
1 [-4,+3,+3] 36
1 [-2,-2,+5] 54
1 [-4,+2,+5] 12
1 [-2,+2,+7] 12
1 [-2,+2,+5] 108
1 [-4,+5] 108
1 [+3,+3,+4] 36
1 [+3,+6] 108
1 [+3,+3,+3] 72
1 [-2,+3,+5] 72
1 [-6,+4] 18
1 [+10] 9
1 [-2,+4,+4] 9
1 [+2,+2,+6] 9
1 [-4,+3,+4] 12
1 [-2,+3,+6] 12
1 [+5,+5] 36
1 [+2,+2,+7] 6
1 [-4,+7] 12
1 [+2,+3,+5] 72
1 [+11] 6
1 [-8,+2] 18
1 [-4,-2,+5] 12
1 [-6,+5] 12
1 [-2,+8] 18
1 [+3,+3,+5] 24
1 [+2,+4,+4] 9
1 [+2,+3,+6] 12
1 [-6,-2,+2] 18
1 [-4,+6] 18
1 [-8,-2] 18
1 [-4,-4,-2] 9
1 [-6,-2,-2] 9
1 [-6,-4,+2] 6
1 [-4,-4,+4] 3
1 [-10,+2] 6
1 [-2,+3,+7] 6
1 [-2,-2,+6] 9
1 [+3,+4,+5] 12
1 [-4,+8] 6
1 [-2,+10] 6
1 [-6,-4] 18
1 [-4,+3,+5] 6
1 [+3,+9] 6
1 [-6,+6] 6
1 [+12] 3
1 [+3,+3,+6] 6
1 [-6,-2,+4] 6
1 [-6,+3,+3] 3
1 [-4,-4,+2] 9
1 [-10] 9
1 [-4,-2,+4] 18
1 [+2,+3,+7] 12
1 [+2,+8] 18
1 [-8,+4] 6
1 [-2,+5,+7] 6
1 [+2,+4,+8] 6
1 [+2,+2,+10] 3
1 [-6,+2,+2] 9
1 [-4,+5,+5] 3
1 [-2,-2,+7] 6
1 [+3,+4,+4] 6
1 [+4,+7] 12
1 [-2,+2,+6] 18
1 [-2,+9] 12
1 [+5,+6] 12
1 [-8,+3] 12
1 [-6,-2,+3] 12
1 [+2,+9] 12
1 [+2,+4,+5] 12
1 [+3,+8] 12
1 [-4,+3,+7] 6
1 [-6,+2,+3] 12
1 [+7,+7] 3
1 [-4,-4,+3] 6
1 [+4,+4,+6] 3
1 [+2,+5,+5] 6
1 [-8,-2,+2] 6
1 [-2,+5,+5] 3
1 [-2,-2,+8] 3
1 [-4,-2,+6] 6
1 [+5,+7] 6
Gamma(14,u): 136 different patterns
u [-2,+3] 8748
u [] 176499
u [+4] 6561
u [+2] 59049
u [+3] 39366
u [-2] 58401
u [+2,+3,+3] 324
u [+2,+3] 8748
u [-2,-2] 6345
u [+2,+2] 6561
u [+5] 4374
u [+2,+3,+9] 6
u [-4,+2] 1458
u [-4] 6345
u [+3,+3] 2916
u [-2,+2] 13122
u [-4,-2,-2] 57
u [-4,-2] 1314
u [-4,+3] 972
u [-6] 657
u [+2,+4] 1458
u [-2,+2,+2] 729
u [-4,-4] 57
u [+7] 486
u [-2,+5] 972
u [-6,-2] 114
u [-2,+7] 108
u [+2,+5] 972
u [+2,+3,+4] 108
u [-2,+4] 1458
u [-2,-2,+3] 486
u [+3,+5] 648
u [+3,+4] 972
u [+6] 729
u [-2,+3,+3] 324
u [-2,-2,+2] 729
u [+2,+2,+4] 81
u [-8] 57
u [-4,-2,+3] 108
u [+2,+2,+3] 486
u [+3,+5,+6] 6
u [-2,-2,-2] 219
u [+3,+3,+8] 3
u [+2,+2,+2] 243
u [-2,+2,+3] 972
u [+2,+6] 162
u [+4,+4] 81
u [-2,+2,+4] 162
u [-2,+6] 162
u [+4,+5] 108
u [-4,-2,+2] 162
u [-4,+2,+3] 108
u [-6,+4] 18
u [+3,+6] 108
u [+10] 9
u [+9] 54
u [-2,-2,+5] 54
u [-6,+3] 108
u [-6,+2] 162
u [-4,+2,+5] 12
u [-2,+3,+4] 108
u [-2,-2,+4] 81
u [-4,-2,+4] 18
u [-4,+2,+2] 81
u [+3,+7] 72
u [-4,+4] 162
u [+2,+7] 108
u [+3,+3,+4] 36
u [+2,+2,+5] 54
u [-2,+4,+5] 12
u [-2,+2,+7] 12
u [-2,+2,+5] 108
u [-4,+3,+3] 36
u [+3,+3,+3] 72
u [-4,+6] 18
u [-4,+5] 108
u [+8] 81
u [+2,+3,+5] 72
u [-4,-4,+2] 9
u [-4,+3,+4] 12
u [-4,+7] 12
u [-6,+2,+3] 12
u [-2,-2,+7] 6
u [-2,+3,+5] 72
u [-8,+3] 12
u [-2,+9] 12
u [+2,+9] 12
u [+2,+4,+5] 12
u [+5,+5] 36
u [+3,+3,+5] 24
u [-6,-2,+3] 12
u [-2,+2,+6] 18
u [+3,+8] 12
u [+4,+6] 18
u [+2,+4,+4] 9
u [+5,+7] 12
u [+2,+2,+6] 9
u [-2,+4,+6] 6
u [-4,+4,+4] 3
u [+2,+8] 18
u [+2,+3,+7] 6
u [-6,+2,+2] 9
u [-4,+3,+5] 12
u [+3,+4,+5] 6
u [+3,+9] 12
u [-6,+3,+3] 6
u [+6,+6] 3
u [-4,+2,+6] 6
u [+3,+3,+6] 3
u [-2,+4,+4] 9
u [-4,+2,+4] 18
u [-2,+3,+7] 12
u [+4,+7] 12
u [-2,+8] 18
u [+2,+5,+7] 6
u [-2,-2,+6] 9
u [-8,+2] 18
u [+4,+5,+5] 3
u [+2,+2,+7] 6
u [-4,-4,+3] 6
u [-6,-2,+2] 18
u [+2,+3,+6] 12
u [+5,+6] 12
u [-4,-2,+5] 12
u [+3,+4,+7] 6
u [-6,+5] 12
u [-2,+3,+6] 12
u [+3,+4,+4] 6
u [+2,+10] 6
u [+11] 6
u [+4,+8] 6
u [-2,+5,+5] 6
u [-2,+2,+8] 6
u [+2,+5,+5] 3
u [-8,+2,+2] 3
u [-6,+2,+4] 6
