Checked 2447192163 curves in 4.499s
#Gamma(10,1) =  6988605 (in 123955 orbits) for p = 13
#Gamma(10,u) =  6721403 (in 119136 orbits) for p = 13

Frequencies of signed root multiplicities
Gamma(10,1): 15 different patterns
1 [-2] 440076
1 [+4] 2548
1 [+2] 462501
1 [] 5943990
1 [-4] 1352
1 [+3] 71448
1 [+2,+2] 17238
1 [-2,+2] 30576
1 [+2,+3] 5616
1 [-2,-2] 8112
1 [+3,+3] 390
1 [+2,+2,+3] 156
1 [-2,+3] 3744
1 [+2,+2,+2] 546
1 [+5] 312
Gamma(10,u): 9 different patterns
u [] 5813808
u [-2] 365547
u [+4] 1352
u [+2] 440076
u [+2,+2] 15288
u [+3] 64896
u [+2,+3] 3744
u [-2,+2] 16224
u [+3,+3] 468
