Checked 2034669218547 curves in 16950.706s
#Gamma(16,1) =  122223536512 (in 7483073664 orbits) for p = 7
#Gamma(16,u) =  122223536512 (in 7483073664 orbits) for p = 7

Frequencies of signed root multiplicities
Gamma(16,1): 410 different patterns
1 [+13] 14
1 [-2,+2] 1543790178
1 [+3] 3602177082
1 [+2] 12607619787
1 [+4] 257298363
1 [-2] 12607619787
1 [] 88253338509
1 [+2,+4] 31505922
1 [-4] 257298363
1 [-2,-2] 771895089
1 [-4,+2,+2,+2] 44380
1 [-2,+3] 441082908
1 [-2,-2,+2] 78764805
1 [+2,+2] 771895089
1 [+2,+3] 441082908
1 [+3,+3] 63011844
1 [-2,-2,+3] 22504230
1 [-2,+2,+3] 45008460
1 [-2,+2,+2] 78764805
1 [-4,-2] 31505922
1 [+3,+4] 9001692
1 [+2,+2,+2,+2] 535815
1 [+5] 73513818
1 [-4,+3] 9001692
1 [+7] 1500282
1 [-2,+3,+3] 6429780
1 [+2,+2,+2,+4] 43260
1 [+2,+2,+2] 26254935
1 [-2,-2,-2] 26254935
1 [-2,-2,+2,+2] 3214890
1 [-2,+4] 31505922
1 [-4,-2,+2] 3214890
1 [-2,-2,-2,+2] 2143260
1 [-4,+2] 31505922
1 [+2,+5] 9001692
1 [-2,+2,+4] 3214890
1 [+6] 5250987
1 [+2,+2,+3] 22504230
1 [+2,+3,+3] 6429780
1 [-2,+2,+2,+3] 1837080
1 [-2,+5] 9001692
1 [-2,-2,+2,+3] 1837080
1 [-6] 5250987
1 [+2,+2,+2,+3] 612360
1 [+3,+5] 2571912
1 [-4,-2,+2,+4] 5040
1 [-2,+3,+6] 18900
1 [-2,+2,+5] 918540
1 [+2,+7] 183708
1 [+2,+2,+4] 1607445
1 [-4,-2,+3] 918540
1 [-4,+4] 642978
1 [+2,+2,+5] 459270
1 [+3,+3,+4] 131376
1 [-4,-2,-2] 1607445
1 [-2,-2,+4] 1607445
1 [-4,-4] 321489
1 [-4,+2,+3] 918540
1 [-2,-2,-2,-2] 535815
1 [-4,+2,+2] 1607445
1 [+2,+3,+4] 918540
1 [-2,+2,+2,+2] 2143260
1 [-2,+2,+3,+3] 525504
1 [-2,-2,-2,+3] 612360
1 [-2,+3,+4] 918540
1 [+3,+3,+3] 612360
1 [-2,-2,+3,+3] 262080
1 [-6,-2] 642978
1 [-2,+6] 642978
1 [-2,+7] 183708
1 [-4,+3,+3] 131040
1 [-6,+2] 642978
1 [-2,-2,+2,+5] 37800
1 [+2,+6] 642978
1 [-2,-2,+7] 9450
1 [-2,-2,+5] 459270
1 [+2,+2,+3,+3] 262143
1 [-2,+3,+5] 262080
1 [-2,-2,-2,-2,+3] 9450
1 [+2,+3,+3,+3] 49896
1 [-6,+2,+2] 32445
1 [-4,-2,+2,+3] 75600
1 [-2,+2,+6] 64890
1 [+3,+7] 52416
1 [+4,+5] 183708
1 [-6,+3] 183708
1 [-2,+2,+2,+2,+2] 32445
1 [+3,+6] 183708
1 [-4,-2,+2,+2] 129780
1 [-2,-2,+2,+2,+2] 66570
1 [-2,+4,+5] 18900
1 [+5,+5] 26208
1 [-2,-2,+3,+4] 37800
1 [+2,+2,+2,+5] 12432
1 [-2,-2,+2,+4] 129780
1 [-6,-2,+2] 65730
1 [-4,+2,+2,+3] 37296
1 [-2,-2,-2,+4] 43820
1 [+4,+6] 12978
1 [+2,+3,+5] 262752
1 [-2,-2,-2,+2,+2] 64890
1 [+4,+4] 321489
1 [+2,+4,+4] 33285
1 [+10] 2191
1 [+3,+3,+3,+4] 952
1 [-4,+5] 183708
1 [-2,+3,+3,+5] 3192
1 [-4,-4,+2] 32865
1 [-2,+2,+3,+3,+3] 2856
1 [+2,+3,+3,+5] 2856
1 [-4,-2,+4] 65730
1 [-2,+3,+3,+4] 9912
1 [-2,-2,+2,+3,+3] 14868
1 [+2,+2,+2,+2,+2] 6573
1 [+3,+4,+5] 4956
1 [-2,+2,+3,+4] 74592
1 [-4,-2,-2,+2] 131460
1 [-6,-2,-2] 33075
1 [-2,+2,+2,+2,+3] 37296
1 [+2,+2,+3,+4] 37296
1 [-4,-2,+5] 18900
1 [-2,-2,+2,+2,+3] 55944
1 [-2,-2,-2,+2,+3] 37800
1 [+2,+3,+6] 18648
1 [-4,-2,-2,-2] 44100
1 [+2,+2,+2,+7] 224
1 [-8,-2] 13230
1 [-6,+5] 3780
1 [+8] 107163
1 [-4,+6] 13146
1 [-8] 107163
1 [-4,-2,+3,+3] 10500
1 [-2,+8] 13146
1 [-4,+2,+2,+4] 2520
1 [+2,+8] 12978
1 [-4,+2,+4] 64890
1 [-6,-2,+3] 18900
1 [-6,+2,+2,+4] 252
1 [-10] 2205
1 [-2,-2,+6] 32865
1 [-2,+4,+6] 1260
1 [-2,-2,-2,+3,+3] 5250
1 [-2,+2,+2,+4] 133140
1 [-4,+2,+6] 1260
1 [+2,+4,+5] 18648
1 [+3,+3,+5] 37674
1 [-6,+2,+3] 18900
1 [-2,-2,+3,+5] 10500
1 [-2,+2,+2,+3,+4] 2016
1 [-4,-2,-2,+4] 3780
1 [+2,+2,+7] 9324
1 [-2,-2,-2,-2,+2] 32865
1 [-2,+2,+3,+5] 19824
1 [-2,+3,+3,+3] 50232
1 [-2,-2,+8] 945
1 [-4,+3,+3,+3] 1064
1 [-4,-2,-2,+3] 37800
1 [-2,-2,-2,+7] 280
1 [-2,+2,+2,+3,+3] 17955
1 [-2,+4,+4] 32445
1 [+2,+2,+2,+2,+3] 9450
1 [-2,-2,-2,-2,+5] 210
1 [-4,-2,-2,+5] 840
1 [+2,+2,+3,+5] 11970
1 [-4,+2,+3,+3] 9912
1 [+2,+3,+3,+4] 11970
1 [-2,-2,-2,+3,+4] 840
1 [+3,+8] 3780
1 [-6,+4] 13146
1 [+9] 30618
1 [-2,-2,-2,+5] 12600
1 [+2,+2,+2,+2,+2,+2,+4] 7
1 [-6,+2,+2,+3] 672
1 [+2,+2,+6] 33285
1 [-4,-4,+3,+3] 210
1 [-6,-4] 13230
1 [-6,-2,+3,+3] 420
1 [-4,+2,+5] 18900
1 [-2,+5,+5] 2625
1 [-2,-2,-2,+6] 1260
1 [-4,-2,+2,+5] 1680
1 [-2,+2,+7] 18900
1 [+2,+2,+2,+2,+4] 945
1 [+5,+6] 3780
1 [-4,+3,+4] 18900
1 [+3,+3,+3,+3] 3570
1 [-2,+2,+2,+5] 37296
1 [-4,-4,+3] 9450
1 [+2,+2,+2,+3,+3] 4956
1 [-8,+3] 3780
1 [-2,-2,-2,+2,+2,+3] 672
1 [+2,+9] 3780
1 [-4,-2,+6] 1890
1 [-6,-4,+2] 1890
1 [-4,-4,-2] 33075
1 [-2,-2,+2,+2,+4] 3780
1 [+3,+4,+4] 9324
1 [-8,+3,+3] 105
1 [-4,-4,+4] 945
1 [-2,-2,+2,+3,+4] 2016
1 [-2,+2,+4,+6] 504
1 [-2,+2,+4,+5] 1344
1 [-8,+2] 13146
1 [-2,-2,-2,-2,+4] 945
1 [-4,-2,+2,+3,+3] 1008
1 [-2,+3,+7] 5250
1 [-2,-2,+2,+2,+2,+2] 630
1 [-2,-2,+2,+7] 840
1 [-6,-2,+2,+3] 1680
1 [-2,-2,+2,+6] 2520
1 [-2,+2,+3,+7] 672
1 [-2,-2,-2,+2,+4] 2520
1 [-2,+2,+4,+4] 2520
1 [-2,-2,-2,-2,-2] 6615
1 [-6,+6] 378
1 [+2,+5,+5] 2478
1 [+2,+4,+6] 1260
1 [-2,+2,+2,+6] 2520
1 [-2,-2,-2,-2,-2,+2] 378
1 [-2,+9] 3780
1 [-2,+2,+3,+3,+6] 126
1 [-4,+7] 3780
1 [+4,+7] 3780
1 [-2,+2,+3,+6] 1344
1 [-4,-2,-2,+2,+2] 3780
1 [+2,+2,+2,+3,+4] 840
1 [+3,+9] 1050
1 [+2,+2,+3,+3,+3] 1428
1 [+2,+3,+4,+5] 252
1 [-8,-2,+2] 1890
1 [-6,-2,+4] 1890
1 [+3,+3,+6] 2478
1 [-4,-4,-2,+2] 3780
1 [-6,-2,-2,+2] 3780
1 [-4,+2,+7] 420
1 [-4,-4,+2,+2] 1260
1 [-4,-2,-2,+2,+3] 2520
1 [-6,+2,+4] 1260
1 [-4,-2,-2,-2,+2] 3780
1 [-2,-2,-2,+2,+2,+2] 840
1 [-2,+2,+2,+2,+3,+3] 336
1 [-6,+3,+3] 2625
1 [+5,+7] 1050
1 [-4,-4,-2,+3] 840
1 [+2,+4,+7] 336
1 [+2,+2,+2,+3,+5] 336
1 [-2,-2,+3,+3,+4] 504
1 [-2,-2,+2,+4,+4] 378
1 [-2,-2,-2,+2,+5] 840
1 [-4,+3,+5] 5250
1 [-2,+2,+8] 1260
1 [-4,-2,+7] 420
1 [-4,-2,-2,-2,+3] 840
1 [-2,+2,+2,+2,+4] 2520
1 [-2,-2,-2,+3,+5] 420
1 [-4,+3,+6] 420
1 [+3,+4,+7] 168
1 [+2,+2,+4,+4] 1260
1 [-4,+4,+4] 630
1 [-4,-2,+2,+2,+2] 2520
1 [+2,+3,+4,+4] 672
1 [-6,-2,+2,+2] 2520
1 [-4,-2,+3,+5] 840
1 [-4,+2,+2,+2,+3] 672
1 [-2,-2,+3,+3,+3] 1596
1 [-4,-4,+2,+3] 840
1 [-8,-2,+3] 420
1 [+2,+2,+4,+5] 672
1 [+3,+5,+5] 798
1 [+11] 630
1 [+3,+3,+7] 798
1 [+2,+2,+2,+6] 840
1 [+2,+3,+4,+7] 84
1 [-6,-2,-2,+3] 840
1 [-4,-2,+2,+2,+4] 756
1 [-2,+11] 84
1 [-6,-2,+5] 420
1 [-2,-2,+2,+2,+5] 1008
1 [-4,+2,+2,+5] 672
1 [-2,+2,+2,+8] 252
1 [-6,+2,+5] 420
1 [-4,+2,+2,+3,+3] 189
1 [-4,-2,-2,+2,+2,+2] 252
1 [-2,-2,+2,+2,+6] 378
1 [-4,+2,+2,+2,+2] 630
1 [-2,+5,+7] 210
1 [-4,+5,+5] 105
1 [-2,+2,+2,+7] 672
1 [-2,+3,+4,+4] 672
1 [-2,-2,+3,+7] 420
1 [+2,+2,+3,+7] 126
1 [+2,+3,+7] 4956
1 [+2,+2,+8] 630
1 [-2,-2,+4,+4] 1260
1 [-2,+2,+9] 420
1 [-2,+10] 378
1 [-4,+3,+3,+4] 336
1 [-2,+2,+5,+5] 336
1 [-2,+3,+8] 420
1 [-2,-2,+3,+6] 840
1 [+3,+5,+6] 168
1 [-2,+3,+9] 210
1 [-4,-2,+3,+4] 1680
1 [-2,+2,+2,+2,+2,+3] 420
1 [-8,+2,+2] 630
1 [+2,+2,+3,+3,+4] 504
1 [-2,+2,+3,+4,+5] 252
1 [-8,+2,+3] 420
1 [-4,-2,+2,+2,+3] 2016
1 [-2,-2,-2,+2,+3,+3] 336
1 [-6,+2,+2,+2] 840
1 [-4,+2,+3,+4] 1344
1 [-4,-2,-2,+3,+3] 630
1 [+2,+5,+7] 168
1 [-2,-2,+4,+5] 840
1 [+2,+3,+8] 336
1 [-6,+2,+2,+3,+3] 63
1 [-4,+4,+5] 420
1 [-2,-2,+2,+2,+3,+3] 189
1 [-2,-2,-2,-2,+2,+3] 420
1 [-4,-2,+2,+2,+3,+3] 126
1 [-2,+4,+7] 420
1 [-2,+3,+4,+5] 672
1 [-4,+8] 378
1 [-2,+5,+6] 420
1 [-2,+3,+3,+3,+3] 252
1 [-4,+2,+2,+6] 252
1 [-4,+2,+3,+5] 672
1 [-10,+2] 378
1 [+2,+3,+3,+3,+3] 315
1 [-2,+2,+2,+2,+5] 672
1 [-8,+4] 378
1 [+3,+3,+4,+4] 63
1 [-4,+2,+3,+3,+4] 126
1 [-2,+3,+3,+6] 336
1 [+2,+2,+2,+2,+2,+3] 84
1 [+2,+3,+9] 168
1 [-2,+2,+2,+3,+5] 378
1 [-2,-2,+2,+2,+2,+3] 672
1 [+2,+2,+9] 168
1 [-2,-2,-2,-2,+3,+3] 105
1 [-4,+2,+2,+3,+5] 126
1 [-6,-4,+3] 420
1 [+7,+7] 21
1 [-2,-2,+2,+3,+5] 1008
1 [+3,+4,+6] 336
1 [-2,-2,-2,-2,+2,+2] 630
1 [+4,+4,+6] 63
1 [-2,-2,-2,-2,+2,+2,+2] 21
1 [+3,+3,+3,+5] 336
1 [+2,+2,+2,+2,+5] 210
1 [-4,+9] 84
1 [+4,+8] 252
1 [-2,+2,+3,+3,+4] 378
1 [+2,+5,+6] 336
1 [+2,+2,+3,+6] 672
1 [-6,+3,+5] 210
1 [-4,+3,+7] 210
1 [-2,+2,+2,+3,+7] 126
1 [+4,+4,+4] 210
1 [+2,+2,+5,+5] 63
1 [-4,-4,+5] 210
1 [-2,-2,+9] 210
1 [+2,+10] 252
1 [+2,+2,+10] 63
1 [+2,+3,+3,+6] 126
1 [+2,+6,+6] 63
1 [-6,+3,+4] 420
1 [+6,+6] 126
1 [-2,-2,+2,+3,+3,+4] 126
1 [-2,-2,+5,+5] 210
1 [-2,-2,-2,-2,-2,+3] 84
1 [+4,+4,+5] 168
1 [-4,-4,+2,+2,+2] 126
1 [-4,+2,+4,+4] 252
1 [-2,-2,-2,+2,+2,+4] 252
1 [-2,+2,+2,+2,+2,+2] 378
1 [-8,+2,+2,+2] 84
1 [+3,+10] 84
1 [+12] 63
1 [-6,+2,+3,+3] 336
1 [+3,+3,+8] 84
1 [+4,+9] 84
1 [-6,-2,+2,+2,+2] 252
1 [-2,+4,+4,+4] 84
1 [+2,+2,+2,+2,+3,+3] 105
1 [-2,-2,+2,+2,+3,+5] 126
1 [+2,+3,+5,+6] 84
1 [+4,+5,+5] 84
1 [+5,+9] 42
1 [+2,+11] 84
1 [+6,+7] 84
1 [-2,-2,-2,+2,+2,+3,+3] 21
1 [-10,+3] 84
1 [+2,+2,+5,+7] 42
1 [+2,+3,+3,+3,+5] 84
1 [+2,+4,+8] 126
1 [-2,+2,+3,+3,+3,+3] 42
1 [-8,+5] 84
1 [-6,+7] 84
1 [+2,+3,+3,+8] 42
1 [-2,+3,+3,+4,+4] 63
1 [+5,+8] 84
1 [-2,+2,+2,+5,+5] 63
1 [+2,+4,+5,+5] 42
1 [+3,+11] 42
1 [+3,+4,+4,+5] 42
1 [+3,+3,+4,+6] 42
1 [+2,+2,+3,+9] 42
1 [+3,+3,+3,+3,+4] 21
Gamma(16,u): 370 different patterns
u [] 88253338509
u [-16] 7
u [-2] 12607619787
u [-2,+2] 1543790178
u [-4] 257298363
u [+2,+2] 771895089
u [+2] 12607619787
u [-2,-2] 771895089
u [+4] 257298363
u [+3] 3602177082
u [+2,+3] 441082908
u [-2,-2,+2] 78764805
u [-2,+3] 441082908
u [+5] 73513818
u [-2,-2,-2] 26254935
u [+2,+4] 31505922
u [-2,+2,+3] 45008460
u [-4,+2] 31505922
u [-2,+2,+2] 78764805
u [+2,+3,+3] 6429780
u [-2,+4] 31505922
u [+3,+4] 9001692
u [-4,+3] 9001692
u [-4,-2] 31505922
u [+7] 1500282
u [-2,+3,+3] 6429780
u [-4,+2,+2,+2] 43260
u [+2,+2,+2] 26254935
u [-2,+5] 9001692
u [+2,+5] 9001692
u [+3,+3] 63011844
u [-2,+2,+2,+3] 1837080
u [+3,+3,+3] 612360
u [-2,-2,+3] 22504230
u [-2,+2,+2,+2] 2143260
u [-2,+2,+5] 918540
u [+2,+2,+3] 22504230
u [+2,+2,+2,+4] 44380
u [+2,+2,+2,+7] 224
u [-2,-2,+4] 1607445
u [-6] 5250987
u [-2,+2,+4] 3214890
u [-4,-2,+3] 918540
u [+2,+2,+4] 1607445
u [+6] 5250987
u [-2,-2,-2,+2,+2] 65730
u [-2,-2,-2,+2] 2143260
u [-4,-2,-2] 1607445
u [+2,+3,+4] 918540
u [-6,+3] 183708
u [-4,-2,+2] 3214890
u [+2,+2,+2,+3] 612360
u [-6,+2,+3] 18900
u [-2,-2,+2,+2] 3214890
u [+4,+4] 321489
u [-4,+2,+3] 918540
u [-2,+2,+3,+3] 524160
u [-2,-2,-2,-2] 535815
u [+3,+5] 2571912
u [-2,-2,+5] 459270
u [-2,-2,+3,+3] 262920
u [+2,+3,+3,+3] 50232
u [-2,-2,+2,+3] 1837080
u [-4,+2,+2,+3] 37800
u [+2,+2,+3,+3] 262752
u [+2,+7] 183708
u [-4,+4] 642978
u [-8,+2] 13230
u [-4,+2,+2] 1607445
u [-14,-2] 42
u [+2,+2,+3,+5] 9912
u [+8] 107163
u [-2,+3,+5] 262920
u [-2,+2,+2,+2,+2] 33285
u [+2,+2,+5] 459270
u [-2,+3,+4] 918540
u [-2,+3,+3,+3] 49560
u [+2,+2,+2,+2] 535815
u [+2,+6] 642978
u [-4,+5] 183708
u [-2,-2,+3,+3,+3] 1260
u [-4,-2,-2,+2] 132300
u [-6,+2] 642978
u [-2,+6] 642978
u [-4,-4] 321489
u [-2,-2,+2,+4] 131460
u [-2,+7] 183708
u [+3,+3,+4] 131040
u [-2,-2,+2,+2,+2] 64890
u [-2,-2,-2,+3] 612360
u [-6,-2] 642978
u [-4,-2,+2,+2] 131460
u [-2,+2,+2,+5] 37800
u [+2,+3,+6] 18900
u [-2,-2,+2,+2,+3] 56700
u [-2,+3,+6] 18900
u [-2,+2,+2,+4] 129780
u [-2,+2,+2,+2,+3] 37296
u [-6,+3,+3] 3150
u [-6,-2,+2] 66150
u [-2,-2,-2,-2,+2] 33075
u [+4,+5] 183708
u [-8,-2] 12936
u [+3,+7] 52584
u [-6,+2,+2] 32865
u [-2,-2,-2,+2,+3] 37800
u [-4,+2,+5] 18900
u [+2,+3,+5] 262080
u [-4,+3,+3] 131460
u [-2,-2,+2,+5] 37800
u [-10,-2,-2,-2] 140
u [-8] 107163
u [-10] 2156
u [-4,-2,-2,-2] 43120
u [-4,-4,-2] 32340
u [-2,+2,+3,+4] 75600
u [-2,-2,+6] 33075
u [+9] 30618
u [-4,-4,+3] 8820
u [-4,-4,+2] 33075
u [-8,+3] 3528
u [-4,+6] 13230
u [-4,-2,+2,+3] 75600
u [-2,-2,+2,+3,+3] 15750
u [+2,+2,+2,+5] 12432
u [-6,-2,+3] 17640
u [-6,-4] 12936
u [-4,+2,+3,+3] 10500
u [+2,+3,+3,+4] 9912
u [-4,+2,+4] 65730
u [+5,+5] 26292
u [-2,-2,-2,+4] 44100
u [+3,+6] 183708
u [+3,+3,+5] 37170
u [-4,-2,+2,+3,+3] 1260
u [-2,+2,+6] 65730
u [-2,+4,+5] 18900
u [-4,-2,+2,+2,+2] 2520
u [+3,+4,+4] 9450
u [-4,-2,+4] 66150
u [+4,+6] 13146
u [+3,+3,+3,+7] 56
u [+10] 2205
u [-2,+4,+4] 32865
u [+2,+9] 3780
u [-2,+8] 13230
u [-4,-2,-2,+2,+3] 2520
u [-2,+2,+3,+5] 21000
u [-6,-2,-2] 32340
u [-4,+3,+5] 6300
u [-4,-2,+3,+3] 12600
u [-2,-2,+3,+5] 12600
u [+3,+3,+3,+4] 1064
u [-4,-2,-2,-2,-2,-2,-2] 7
u [+3,+8] 3780
u [-4,-2,+5] 17640
u [+2,+2,+2,+3,+3] 5985
u [-4,-4,-4,-4] 35
u [-4,+3,+4] 18900
u [-2,-2,+3,+4] 37800
u [+2,+2,+7] 9450
u [-4,+2,+3,+4] 1680
u [-4,-2,+2,+4] 7560
u [-2,+3,+3,+5] 2520
u [+2,+3,+3,+5] 3192
u [+2,+4,+4] 32445
u [-2,+3,+3,+4] 10500
u [-2,-2,-2,+2,+3,+3] 420
u [-8,-2,-2] 2205
u [-4,+2,+2,+4] 2520
u [-2,+2,+7] 18900
u [+2,+2,+5,+5] 168
u [+2,+2,+2,+2,+2] 6489
u [-2,+5,+5] 3150
u [-6,-4,-2] 4410
u [-4,+7] 3528
u [+2,+2,+6] 32445
u [-4,-2,-2,+3] 35280
u [+2,+2,+3,+4] 37296
u [-6,+4] 13230
u [+2,+8] 13146
u [-2,+2,+2,+2,+4] 2520
u [-2,-2,-2,-2,-2] 6468
u [-2,+2,+3,+6] 1680
u [+2,+2,+2,+2,+3] 9324
u [+2,+4,+7] 420
u [-4,-2,-2,-2,-2] 2205
u [+2,+4,+5] 18900
u [-2,-2,-2,-2,+3] 8820
u [-4,-2,-2,+2,+2] 5670
u [-2,-2,+2,+3,+4] 2520
u [-6,+2,+5] 420
u [-4,+4,+5] 420
u [-2,-2,+7] 8820
u [+2,+2,+2,+2,+4] 630
u [-6,-2,+2,+2] 3780
u [-2,-2,-2,+5] 11760
u [+2,+2,+2,+6] 840
u [-2,-2,-2,+2,+2,+3] 840
u [+4,+7] 3780
u [-2,-2,-2,+3,+4] 840
u [-2,+2,+2,+3,+3] 14868
u [+3,+4,+5] 5250
u [+3,+5,+5] 630
u [+5,+8] 84
u [+2,+3,+7] 5250
u [+2,+3,+4,+4] 672
u [-6,+5] 3528
u [+2,+2,+2,+3,+4] 672
u [-2,+2,+3,+3,+4] 1008
u [-2,+4,+6] 1890
u [-2,+3,+7] 6300
u [+3,+9] 1260
u [-2,+2,+3,+3,+3] 3192
u [-4,+2,+6] 1890
u [-2,+9] 3528
u [-2,-2,-2,+3,+3] 6300
u [-2,-2,+2,+2,+5] 1260
u [-8,+2,+2] 945
u [-2,-2,+2,+3,+5] 1260
u [+5,+6] 3780
u [-4,+2,+2,+2,+2] 630
u [-2,+2,+8] 1890
u [-2,-2,+2,+2,+4] 3780
u [-2,-2,-2,+2,+4] 3780
u [+2,+2,+4,+6] 252
u [-2,-2,-2,-2,+2,+2] 945
u [-4,-4,-2,-2] 4410
u [-4,-2,+2,+5] 1680
u [+3,+3,+3,+3] 3612
u [-2,+2,+4,+5] 1680
u [-4,-4,+2,+2] 1890
u [-6,+2,+3,+3] 420
u [-6,-2,+2,+3] 1680
u [-4,+4,+4] 945
u [-4,+2,+2,+2,+3] 672
u [+4,+9] 84
u [-2,-2,+2,+2,+3,+3] 504
u [+2,+5,+5] 2625
u [-6,-6,-2,-2] 210
u [-2,+2,+3,+7] 840
u [-2,-2,+2,+2,+2,+3] 672
u [+3,+3,+6] 2625
u [-4,-2,+3,+4] 1680
u [-2,+3,+3,+3,+3] 252
u [+2,+3,+9] 210
u [-4,-4,-4] 735
u [-4,+2,+2,+5] 840
u [-8,-4] 882
u [-2,-2,+2,+2,+2,+2] 630
u [-2,+2,+4,+4] 2520
u [-4,-4,-4,-2,-2] 210
u [+2,+10] 378
u [-6,+2,+2,+3] 840
u [+2,+4,+6] 1260
u [+3,+3,+7] 630
u [+2,+3,+4,+5] 672
u [-6,-2,-2,-2] 2940
u [-2,+2,+2,+7] 840
u [-4,+2,+2,+2,+4] 252
u [-4,-2,+2,+2,+3] 2520
u [-2,-2,+2,+7] 840
u [+4,+8] 378
u [-4,+3,+3,+4] 420
u [-2,-2,+2,+6] 3780
u [+3,+3,+5,+5] 84
u [+5,+7] 1260
u [-4,+2,+2,+2,+3,+3] 42
u [-2,+2,+9] 420
u [-2,+2,+2,+3,+4] 2016
u [-10,-4,-2] 210
u [-2,-2,+4,+4] 1890
u [-2,+2,+2,+2,+2,+2] 252
u [+2,+2,+4,+5] 672
u [-2,+2,+5,+5] 420
u [-2,+2,+2,+3,+5] 1008
u [-8,-2,-2,-2,-2] 105
u [-2,-2,+3,+6] 840
u [+2,+3,+3,+3,+3] 252
u [-2,+3,+4,+4] 840
u [-2,-2,-2,+2,+2,+2] 840
u [-6,+2,+2,+2] 840
u [-2,+2,+2,+6] 2520
u [+2,+3,+8] 420
u [-2,-2,+3,+3,+4] 630
u [+3,+3,+3,+5] 336
u [-10,-2] 882
u [+2,+2,+3,+4,+5] 126
u [-2,+2,+2,+4,+4] 378
u [-2,+3,+4,+5] 840
u [-6,-6] 441
u [+2,+2,+3,+3,+3] 1428
u [-2,-2,+4,+5] 840
u [-4,+3,+3,+3] 840
u [-4,+2,+3,+5] 840
u [+2,+2,+4,+4] 1260
u [+2,+2,+3,+6] 672
u [-4,+3,+6] 420
u [+2,+2,+3,+7] 336
u [-8,+2,+3] 420
u [-2,-2,-2,-2,+2,+3] 420
u [-4,-4,+2,+3] 840
u [-6,-4,-4,-2] 420
u [-2,+2,+2,+2,+2,+3] 336
u [+3,+4,+6] 420
u [-2,+3,+3,+6] 420
u [-4,+2,+7] 420
u [-2,+2,+2,+2,+6] 252
u [-2,-2,+2,+2,+2,+4] 252
u [-6,+2,+4] 1890
u [-2,-2,-2,+2,+5] 840
u [+4,+5,+5] 105
u [-8,-4,-2,-2] 420
u [-2,+3,+3,+3,+5] 168
u [+2,+3,+3,+6] 336
u [+3,+5,+6] 210
u [-2,+2,+2,+2,+5] 672
u [+11] 588
u [-6,+3,+4] 420
u [+6,+6] 189
u [-8,-6,-2] 210
u [-6,-4,-2,-2,-2] 420
u [+6,+7] 84
u [+3,+3,+4,+4] 168
u [+2,+3,+3,+4,+4] 63
u [-2,-2,-2,+2,+2,+2,+2] 21
u [-2,+5,+6] 420
u [+2,+2,+8] 630
u [+3,+4,+7] 210
u [+2,+2,+2,+2,+3,+3] 84
u [-6,-6,-4] 105
u [+2,+2,+2,+2,+5] 168
u [+2,+2,+3,+3,+3,+3] 21
u [+2,+5,+6] 420
u [+2,+2,+9] 210
u [-6,+2,+2,+2,+2] 63
u [+2,+2,+2,+2,+2,+3] 84
u [-2,+4,+7] 420
u [+2,+2,+2,+3,+5] 126
u [-12] 147
u [-2,-2,-2,-2,-2,-2] 147
u [-2,+3,+8] 420
u [+4,+4,+5] 210
u [-4,+2,+2,+3,+3] 504
u [-2,+2,+2,+2,+3,+5] 84
u [+2,+5,+7] 210
u [-2,+2,+2,+3,+3,+4] 126
u [-2,-2,+3,+3,+3,+3] 42
u [+2,+2,+2,+5,+5] 21
u [-8,-4,-4] 105
u [-4,+3,+3,+3,+3] 42
u [-2,+2,+2,+2,+3,+3] 126
u [-4,-2,+2,+2,+2,+2] 126
u [+4,+4,+4] 210
u [+2,+2,+2,+2,+2,+2] 63
u [+2,+4,+4,+4] 84
u [+2,+2,+3,+3,+4] 189
u [-6,-2,-2,-2,-2,-2] 42
u [-12,-4] 42
u [+3,+3,+8] 105
u [+2,+2,+3,+3,+6] 63
u [-4,-4,-2,-2,-2,-2] 105
u [-12,-2,-2] 105
u [+2,+2,+2,+8] 84
u [-8,-8] 21
u [-2,-2,+2,+2,+2,+3,+3] 21
u [+3,+10] 84
u [-10,-6] 42
u [+2,+2,+2,+3,+7] 42
u [+2,+11] 84
