Checked 69894255367443 curves in 71197.990s
#Gamma(14,1) =  200369485680 (in 3556842770 orbits) for p = 13
#Gamma(14,u) =  200307194516 (in 3555734462 orbits) for p = 13

Frequencies of signed root multiplicities
Gamma(14,1): 112 different patterns
1 [] 169789022208
1 [-2] 13060627242
1 [+2] 13060731879
1 [+5] 11894688
1 [+4] 77293476
1 [+3] 2009372976
1 [-2,+2] 927521712
1 [-2,-2] 463631220
1 [+2,+2] 463646430
1 [-4] 77271870
1 [+2,+3] 142653888
1 [-2,+2,+2] 30159558
1 [-2,+3] 142736256
1 [-2,+2,+2,+2,+2] 8775
1 [-2,-2,-2] 9681672
1 [+2,+4] 5483556
1 [+3,+3] 10978032
1 [-4,-2] 5280912
1 [-2,+3,+3] 717288
1 [-2,-2,+3] 4715568
1 [-2,-2,+2,+3] 308880
1 [-2,-2,+2] 30525066
1 [-2,+2,+3] 9338472
1 [-4,+2] 5550012
1 [-2,-2,+2,+2] 948090
1 [-2,+4] 5550012
1 [+8] 2548
1 [-2,-2,-2,+2] 560560
1 [+2,+2,+2] 10046010
1 [+6] 462501
1 [+2,+5] 848952
1 [-6] 440076
1 [+7] 71448
1 [-2,+2,+2,+2] 603200
1 [+2,+2,+3] 4614480
1 [+2,+2,+2,+2] 146900
1 [-2,+3,+3,+3] 3640
1 [-2,+5] 857376
1 [+2,+2,+2,+5] 832
1 [+2,+2,+4] 180960
1 [-2,-2,-2,-2] 74360
1 [-2,+2,+2,+3] 285480
1 [+2,+3,+3] 713544
1 [-4,-2,-2] 89232
1 [-8] 1352
1 [+3,+4] 848952
1 [-2,+2,+5] 61776
1 [-4,-2,+2] 336336
1 [+2,+6] 34476
1 [-4,+3] 857376
1 [-4,+2,+3] 61776
1 [+3,+5] 130416
1 [-2,-2,+4] 168168
1 [+3,+3,+4] 4134
1 [-2,+2,+2,+2,+3] 7488
1 [-2,-2,+5] 20592
1 [+3,+3,+3] 37596
1 [-2,-2,+2,+2,+3] 7020
1 [-2,+2,+4] 379236
1 [-2,+2,+3,+3] 41340
1 [+4,+5] 5616
1 [-4,+2,+2] 189618
1 [-2,+3,+4] 61776
1 [+2,+2,+2,+3] 86736
1 [+2,+2,+3,+3] 24102
1 [-4,+5] 3744
1 [-4,+3,+3] 4290
1 [-2,-2,-2,+3] 68640
1 [-2,+6] 30576
1 [-4,-2,+3] 41184
1 [-2,-2,+2,+2,+2] 24570
1 [+4,+4] 17238
1 [+2,+2,+5] 28548
1 [-6,-2] 16224
1 [-4,+2,+2,+2] 5460
1 [-4,-4] 8112
1 [+2,+2,+2,+4] 3900
1 [-2,+3,+5] 8580
1 [-2,+2,+2,+4] 16380
1 [+2,+3,+3,+4] 468
1 [-2,+2,+2,+3,+3] 2106
1 [-2,-2,+3,+3] 21450
1 [+2,+2,+2,+2,+2] 1872
1 [-4,+4] 30576
1 [-6,+2] 30576
1 [+3,+6] 5616
1 [+2,+3,+4] 57096
1 [-2,+2,+3,+4] 3120
1 [+2,+3,+3,+3] 1560
1 [+2,+3,+3,+3,+3] 39
1 [+2,+7] 5616
1 [+2,+2,+3,+4] 2496
1 [+2,+2,+7] 156
1 [+2,+3,+5] 8268
1 [+2,+2,+2,+3,+3] 780
1 [+2,+2,+6] 1638
1 [+3,+7] 780
1 [-6,+3] 3744
1 [+2,+4,+5] 312
1 [-2,+2,+2,+5] 1560
1 [-2,+7] 3744
1 [+3,+3,+5] 1092
1 [+2,+2,+3,+5] 468
1 [+2,+4,+4] 1638
1 [+9] 312
1 [+3,+3,+3,+3] 156
1 [+5,+5] 390
1 [-4,+2,+2,+3] 1560
1 [+3,+4,+4] 156
1 [+2,+2,+2,+2,+3] 780
1 [+2,+2,+2,+2,+2,+2] 78
1 [+2,+3,+6] 312
Gamma(14,u): 79 different patterns
u [+2] 13060627242
u [] 169766855856
u [-2] 13038643891
u [+5] 11880024
u [+2,+2] 463760856
u [-2,+2] 927262440
u [+3] 2009281560
u [-2,-2] 453477024
u [-2,+3] 142560288
u [-4] 75579504
u [+2,+3] 142736256
u [-6] 365547
u [-2,+2,+2] 30525066
u [+2,+4] 5550012
u [+4] 77271870
u [-2,+3,+3] 736164
u [-2,-2,+3] 4283136
u [-2,-2,+2] 29045016
u [-4,-2] 4386564
u [+3,+3] 10978344
u [+6] 440076
u [-2,-2,-2] 8042034
u [-4,+2] 5280912
u [-2,+2,+3] 9431136
u [+2,+2,+2] 10053186
u [+2,+2,+2,+2] 150800
u [-2,-2,-2,+2] 297440
u [-4,+2,+2] 168168
u [+2,+2,+3] 4669236
u [-2,-2,+4] 89232
u [-2,+5] 778752
u [-2,-2,+2,+3] 205920
u [+3,+6] 3744
u [-2,+4] 5280912
u [+8] 1352
u [+3,+4] 857376
u [+2,+5] 857376
u [+2,+3,+3] 717288
u [-2,+2,+2,+2] 632060
u [+2,+2,+3,+3] 20670
u [-2,-2,+2,+2] 840840
u [-4,+3] 778752
u [+2,+3,+3,+3] 3640
u [+2,+2,+2,+5] 520
u [-2,+2,+2,+3] 308880
u [-2,+2,+4] 336336
u [-4,-2,+2] 178464
u [+3,+5] 133848
u [-2,+2,+2,+2,+2] 12285
u [+4,+4] 15288
u [-4,+4] 16224
u [+7] 64896
u [+3,+3,+3] 34320
u [+2,+3,+5] 8580
u [-2,+3,+4] 41184
u [+2,+2,+4] 189618
u [-2,+6] 16224
u [-6,+2] 16224
u [+2,+2,+5] 30888
u [-2,+2,+5] 41184
u [+2,+2,+2,+3] 95160
u [+2,+3,+4] 61776
u [+2,+2,+2,+2,+2] 1755
u [+2,+6] 30576
u [-2,-2,+3,+3] 25740
u [-2,+2,+3,+3] 42900
u [-4,+2,+3] 41184
u [-4,+3,+3] 5148
u [-2,+3,+5] 10296
u [-2,+2,+2,+2,+3] 4680
u [+2,+2,+2,+3,+3] 702
u [+3,+3,+4] 4290
u [+2,+7] 3744
u [+2,+2,+3,+4] 1560
u [+2,+2,+2,+2,+3] 1872
u [+4,+5] 3744
u [+2,+2,+2,+4] 5460
u [+3,+7] 936
u [+5,+5] 468
