Checked 14348907 curves in 3.765s
#Gamma(16,1) =  3779136 (in 1259712 orbits) for p = 3
#Gamma(16,u) =  3779136 (in 1259712 orbits) for p = 3

Frequencies of signed root multiplicities
Gamma(16,1): 240 different patterns
1 [+3,+13] 6
1 [+2] 531441
1 [] 1594323
1 [-2,-2] 59049
1 [+3] 354294
1 [-4] 59049
1 [+4] 59049
1 [-2] 531441
1 [+2,+2] 59049
1 [-4,+3,+3] 324
1 [-2,+3] 78732
1 [+2,+3] 78732
1 [-2,+2] 118098
1 [-4,+2] 13122
1 [+2,+5] 8748
1 [+5] 39366
1 [-2,+2,+3] 8748
1 [+3,+3] 26244
1 [+6] 6561
1 [+2,+2,+2] 2187
1 [-2,+5] 8748
1 [+4,+4] 729
1 [+3,+4] 8748
1 [+7] 4374
1 [-4,-2] 13122
1 [-2,-2,-2] 2187
1 [-2,+4] 13122
1 [-4,+3,+9] 6
1 [+7,+9] 6
1 [-4,+3] 8748
1 [+3,+7] 648
1 [-6] 6561
1 [-2,+2,+4] 1458
1 [+2,+4] 13122
1 [-4,-2,+2] 1458
1 [-2,-2,+2] 6561
1 [+3,+5] 5832
1 [-2,+3,+5] 648
1 [+8] 729
1 [-4,-4,-2] 81
1 [+2,+2,+4] 729
1 [-2,+3,+3] 2916
1 [+2,+2,+6] 81
1 [-4,+4] 1458
1 [+2,+6] 1458
1 [+2,+2,+3] 4374
1 [-2,+2,+2] 6561
1 [-2,-2,+3] 4374
1 [-6,-2] 1458
1 [+2,+3,+3] 2916
1 [+2,+3,+4] 972
1 [-2,-2,+4] 729
1 [-8,-2] 162
1 [-4,-2,-2] 729
1 [-8] 729
1 [-2,+6] 1458
1 [+2,+3,+5] 648
1 [+3,+3,+3] 648
1 [-4,+6] 162
1 [+9] 486
1 [+3,+3,+4] 324
1 [-2,+2,+5] 972
1 [+5,+5] 324
1 [-2,+4,+5] 108
1 [-4,+7] 108
1 [-6,+2] 1458
1 [-6,-4] 162
1 [+2,+7] 972
1 [-6,+3] 972
1 [-4,-2,+5] 108
1 [-4,+2,+3] 972
1 [-4,+2,+2] 729
1 [+3,+6] 972
1 [-2,+7] 972
1 [+2,+4,+4] 81
1 [-2,+3,+4] 972
1 [+2,+2,+7] 54
1 [-2,-2,+7] 54
1 [+10] 81
1 [+4,+6,+6] 3
1 [-4,-2,+3] 972
1 [-6,-2,-2] 81
1 [-4,-4] 729
1 [-4,+5] 972
1 [-4,+3,+4] 108
1 [-10] 81
1 [+2,+8] 162
1 [-2,-2,+6] 81
1 [+4,+5] 972
1 [+2,+4,+5] 108
1 [-6,+3,+7] 6
1 [-6,+4] 162
1 [+4,+6] 162
1 [-4,-2,+4] 162
1 [-4,+2,+5] 108
1 [+2,+9] 108
1 [-2,+9] 108
1 [-10,+3,+3] 3
1 [-2,+4,+6] 18
1 [+2,+2,+5] 486
1 [-2,-2,+5] 486
1 [-6,+2,+3] 108
1 [-2,+3,+6] 108
1 [+3,+8] 108
1 [-6,+2,+2] 81
1 [-4,+2,+4] 162
1 [+2,+3,+6] 108
1 [+3,+3,+5] 216
1 [-4,-4,+3] 54
1 [-2,+5,+6] 12
1 [-8,+3] 108
1 [-6,-2,+2] 162
1 [+3,+5,+5] 24
1 [-6,-2,+3] 108
1 [+5,+6] 108
1 [-2,+2,+6] 162
1 [-4,+4,+4] 9
1 [-2,+2,+7] 108
1 [-8,+2] 162
1 [+5,+7] 72
1 [+4,+7] 108
1 [-4,+3,+5] 72
1 [+11] 54
1 [+2,+3,+7] 72
1 [-2,+3,+8] 12
1 [-2,+3,+7] 72
1 [-2,+2,+9] 12
1 [+2,+11] 12
1 [-6,+2,+5] 12
1 [-6,+5] 108
1 [-2,+8] 162
1 [+3,+4,+5] 72
1 [-4,+2,+6] 18
1 [+5,+8] 12
1 [-8,+2,+3] 12
1 [-2,+4,+4] 81
1 [-4,-4,+2] 81
1 [-10,+3] 12
1 [+3,+9] 72
1 [-2,+5,+5] 36
1 [-6,-4,+3] 12
1 [+3,+4,+4] 54
1 [-6,+6] 18
1 [+2,+2,+8] 9
1 [+12] 9
1 [+3,+10] 12
1 [-6,+3,+4] 12
1 [+3,+3,+6] 36
1 [+2,+10] 18
1 [+2,+4,+7] 12
1 [+3,+3,+7] 24
1 [-10,+2] 18
1 [-6,-2,+5] 12
1 [-4,-4,+5] 6
1 [-6,+3,+3] 36
1 [-8,+5] 12
1 [-4,+9] 12
1 [+4,+9] 12
1 [+2,+5,+6] 12
1 [+4,+8] 18
1 [-4,+8] 18
1 [+2,+4,+6] 18
1 [-2,+11] 12
1 [-2,+4,+7] 12
1 [+2,+5,+5] 36
1 [+3,+4,+7] 12
1 [-8,-2,-2] 9
1 [-6,-4,-2] 18
1 [-6,+2,+4] 18
1 [+2,+5,+7] 12
1 [-8,-4,+2] 6
1 [-6,-4,+2] 18
1 [-6,-2,+4] 18
1 [-10,-2,+2] 6
1 [-4,-2,+6] 18
1 [+4,+5,+5] 6
1 [-8,-4] 18
1 [-8,+4] 18
1 [-4,+10] 6
1 [-4,+3,+7] 6
1 [-12,+2] 6
1 [-2,+3,+9] 6
1 [-6,+8] 6
1 [-2,-2,+8] 9
1 [+3,+5,+6] 12
1 [-8,-2,+2] 18
1 [+7,+7] 3
1 [-6,-4,+4] 6
1 [-4,-4,+6] 3
1 [-4,+2,+7] 12
1 [-10,-2] 18
1 [-2,+5,+9] 6
1 [-2,+5,+7] 6
1 [+5,+11] 6
1 [-2,+10] 18
1 [+2,+6,+8] 6
1 [-4,-2,+8] 6
1 [-8,+3,+5] 6
1 [-4,+4,+5] 12
1 [+6,+6] 9
1 [-6,+7] 12
1 [-4,-2,+7] 12
1 [+3,+4,+6] 12
1 [+2,+2,+9] 6
1 [+2,+3,+8] 12
1 [+14] 3
1 [-4,-4,-4] 3
1 [+13] 6
1 [-6,-6,+2] 3
1 [-2,+2,+8] 18
1 [-8,+3,+3] 3
1 [-4,+3,+6] 12
1 [+6,+7] 12
1 [+2,+4,+10] 6
1 [-10,+4] 6
1 [-4,+5,+7] 6
1 [-8,-2,+3] 12
1 [+4,+4,+5] 6
1 [+2,+2,+12] 3
1 [-2,+3,+11] 6
1 [+2,+3,+9] 12
1 [+3,+11] 6
1 [-8,+6] 6
1 [-6,+3,+5] 6
1 [-6,+5,+5] 3
1 [-2,+12] 6
1 [-4,-4,+4] 9
1 [-12] 9
1 [-6,-6] 9
1 [-8,-2,+4] 6
1 [+4,+4,+4] 3
1 [-2,+7,+7] 3
1 [+4,+4,+8] 3
1 [-8,+2,+2] 9
1 [-2,-2,+9] 6
1 [-4,+5,+5] 3
1 [-2,-2,+10] 3
1 [-6,-2,+6] 6
1 [+3,+3,+8] 6
1 [+5,+9] 6
Gamma(16,u): 238 different patterns
u [-16] 3
u [-2,-2] 59049
u [] 1594323
u [+3] 354294
u [-4] 59049
u [-4,+3] 8748
u [+2] 531441
u [-2] 531441
u [+2,+2] 59049
u [+5] 39366
u [+3,+3,+4] 324
u [+2,+3] 78732
u [-2,+3] 78732
u [+2,+5] 8748
u [-2,+4] 13122
u [-2,+2] 118098
u [+4] 59049
u [-2,+2,+3] 8748
u [+3,+3] 26244
u [+6] 6561
u [-2,-2,-2] 2187
u [-4,-2] 13122
u [-2,+5] 8748
u [+3,+4] 8748
u [+2,+2,+2] 2187
u [+2,+4] 13122
u [+7] 4374
u [+3,+4,+9] 6
u [-4,+2] 13122
u [-6] 6561
u [-12,-4] 6
u [-4,-2,+2] 1458
u [-2,+2,+4] 1458
u [+3,+5] 5832
u [-2,+2,+2] 6561
u [+2,+3,+5] 648
u [-8] 729
u [+2,+4,+4] 81
u [-4,-2,-2] 729
u [+2,+3,+3] 2916
u [-6,-2,-2] 81
u [-6,-2] 1458
u [-8,-2] 162
u [-4,+5] 972
u [-2,+6] 1458
u [-2,-2,+3] 4374
u [-2,-2,+2] 6561
u [+2,+2,+3] 4374
u [+2,+6] 1458
u [-2,+3,+3] 2916
u [-4,-2,+3] 972
u [-4,+2,+2] 729
u [+4,+4] 729
u [+5,+5] 324
u [+2,+2,+4] 729
u [+9] 486
u [-2,+3,+5] 648
u [+3,+7] 648
u [+3,+3,+3] 648
u [+3,+6] 972
u [-4,+3,+3] 324
u [-6,+3] 972
u [-2,+2,+5] 972
u [-10] 81
u [-2,+7] 972
u [-4,+2,+5] 108
u [-6,-4] 162
u [+2,+7] 972
u [+2,+4,+5] 108
u [-2,+3,+4] 972
u [-2,-2,+4] 729
u [-4,+4] 1458
u [+8] 729
u [-4,-4,-2] 81
u [-4,+2,+3] 972
u [-2,-2,+7] 54
u [+2,+2,+7] 54
u [-6,+2] 1458
u [-10,-6] 6
u [-6,-6,-4] 3
u [+2,+3,+4] 972
u [-4,-4] 729
u [+2,+2,+6] 81
u [-4,+3,+4] 108
u [+4,+5] 972
u [-6,+2,+2] 81
u [-4,-2,+5] 108
u [+3,+6,+7] 6
u [-4,+7] 108
u [-4,+2,+4] 162
u [-2,+4,+5] 108
u [+2,+8] 162
u [+11] 54
u [+3,+3,+10] 3
u [+4,+6] 162
u [-6,-4,+2] 18
u [-2,-2,+5] 486
u [-10,+2] 18
u [-8,+4] 18
u [+2,+2,+5] 486
u [-2,+3,+6] 108
u [-4,+6] 162
u [-6,+2,+3] 108
u [-2,-2,+6] 81
u [-4,-2,+4] 162
u [-6,-2,+3] 108
u [-6,+5] 108
u [+3,+3,+5] 216
u [-8,+2] 162
u [+3,+4,+4] 54
u [-6,+2,+5] 12
u [-2,+10] 18
u [+5,+6] 108
u [+10] 81
u [+2,+9] 108
u [-2,+2,+6] 162
u [+3,+5,+5] 24
u [+2,+3,+6] 108
u [+5,+8] 12
u [+3,+8] 108
u [-6,-2,+2] 162
u [-4,-4,+4] 9
u [-2,+2,+7] 108
u [+4,+7] 108
u [-6,+4] 162
u [-2,+9] 108
u [+3,+4,+5] 72
u [-2,+3,+7] 72
u [-8,+2,+3] 12
u [+2,+3,+7] 72
u [-2,+2,+9] 12
u [-8,+3] 108
u [+2,+11] 12
u [-2,+5,+6] 12
u [-4,+3,+5] 72
u [-4,+8] 18
u [-6,-2,+4] 18
u [-2,+3,+8] 12
u [-4,-4,+2] 81
u [-2,+8] 162
u [-2,+4,+4] 81
u [+3,+9] 72
u [+2,+5,+5] 36
u [+3,+4,+6] 12
u [-6,+7] 12
u [-4,-4,+3] 54
u [-8,-2,-2] 9
u [-4,+3,+6] 12
u [-6,+3,+3] 36
u [-8,-4] 18
u [+6,+6] 9
u [-4,-2,+7] 12
u [-8,+5] 12
u [+3,+3,+7] 24
u [+2,+5,+6] 12
u [+4,+4,+5] 6
u [+3,+3,+6] 36
u [+13] 6
u [-6,-2,+5] 12
u [-6,-4,-2] 18
u [-2,+11] 12
u [-4,+2,+7] 12
u [+4,+10] 6
u [+5,+7] 72
u [-2,+5,+5] 36
u [-4,+3,+7] 12
u [+2,+2,+8] 9
u [-10,-2] 18
u [+2,+4,+6] 18
u [-4,-2,+6] 18
u [-2,+5,+7] 12
u [-2,+4,+8] 6
u [+2,+10] 18
u [-2,+4,+6] 18
u [-4,+2,+6] 18
u [-2,+2,+10] 6
u [-6,+2,+4] 18
u [-4,+5,+5] 6
u [+3,+4,+7] 6
u [+3,+11] 12
u [+2,+3,+9] 6
u [-8,+2,+2] 9
u [-6,+3,+5] 12
u [-2,+2,+8] 18
u [-4,+4,+6] 6
u [+4,+8] 18
u [-6,+4,+4] 3
u [+7,+7] 6
u [-2,+4,+7] 12
u [-6,+6] 18
u [+2,+5,+9] 6
u [-14,-2] 6
u [+2,+5,+7] 6
u [-8,-6,-2] 6
u [-8,+2,+4] 6
u [+3,+5,+8] 6
u [+12] 9
u [-4,+4,+5] 12
u [+3,+10] 12
u [+2,+4,+7] 12
u [-6,-4,+3] 12
u [-2,-2,+9] 6
u [-8,-2,+3] 12
u [+5,+9] 12
u [+4,+4,+4] 3
u [+4,+9] 12
u [-4,+9] 12
u [-2,+6,+6] 3
u [-8,-2,+2] 18
u [+3,+3,+8] 3
u [-6,+3,+4] 12
u [-10,-4,-2] 6
u [+4,+5,+7] 6
u [-10,+3] 12
u [+6,+7] 12
u [+2,+3,+8] 12
u [-12] 9
u [-4,-4,+5] 6
u [-6,-6] 9
u [-12,-2,-2] 3
u [+2,+3,+11] 6
u [+2,+12] 6
u [-2,+3,+9] 12
u [-8,-8] 3
u [+3,+5,+6] 6
u [+5,+5,+6] 3
u [+6,+8] 6
u [-4,+4,+4] 9
u [-4,+2,+8] 6
u [-4,-4,-4] 3
u [+2,+7,+7] 3
u [-8,-4,-4] 3
u [-2,-2,+8] 9
u [+2,+2,+9] 6
u [+4,+5,+5] 3
u [-10,+2,+2] 3
u [-6,+2,+6] 6
u [-8,+3,+3] 6
