Checked 18310546875 curves in 691.564s
#Gamma(16,1) =  2516421875 (in 301970625 orbits) for p = 5
#Gamma(16,u) =  2516421875 (in 301970625 orbits) for p = 5

Frequencies of signed root multiplicities
Gamma(16,1): 419 different patterns
1 [] 1562500000
1 [+2] 312500000
1 [-2,+2] 50000000
1 [+3] 125000000
1 [+2,+2] 25000000
1 [+4] 12500000
1 [+2,+2,+2,+2] 20000
1 [-4] 12500000
1 [-2] 312500000
1 [+2,+2,+2] 1000000
1 [+3,+3] 4000000
1 [-2,-2,+2,+3] 96000
1 [-2,+3] 20000000
1 [-2,-2] 25000000
1 [-2,+2,+2] 3000000
1 [+2,+3] 20000000
1 [+5,+5,+6] 10
1 [-4,-2] 2000000
1 [+5] 5000000
1 [-2,+4] 2000000
1 [+2,+4] 2000000
1 [+2,+2,+2,+3] 32000
1 [-2,-2,-2] 1000000
1 [-4,-2,+3] 96000
1 [-4,+2] 2000000
1 [-4,+3] 800000
1 [-2,-2,+2] 3000000
1 [+2,+3,+3] 480000
1 [+7] 200000
1 [-2,+2,+5] 96000
1 [+3,+4] 800000
1 [+2,+2,+3] 1200000
1 [-2,-2,+3] 1200000
1 [-2,+2,+3] 2400000
1 [-2,+3,+3] 480000
1 [-6] 500000
1 [+2,+3,+4] 96000
1 [-4,-2,+2] 240000
1 [+2,+5] 800000
1 [-6,+2] 80000
1 [-2,+5] 800000
1 [+6] 500000
1 [-4,-4,+2] 4800
1 [-2,+2,+3,+3] 38400
1 [+3,+5] 320000
1 [+8] 20000
1 [+2,+2,+4] 120000
1 [-2,+2,+4] 240000
1 [-2,+2,+2,+3] 96000
1 [-4,+2,+2] 120000
1 [-4,+2,+3] 96000
1 [-2,-2,+4] 120000
1 [+3,+6] 32000
1 [-2,+6] 80000
1 [-2,+3,+4] 96000
1 [-4,+3,+3] 19200
1 [-4,-2,-2] 120000
1 [-8] 20000
1 [-4,-2,-2,-2,-2] 25
1 [-2,-2,+2,+2] 120000
1 [-4,-4] 40000
1 [-8,+2] 3200
1 [+2,+7] 32000
1 [-6,-2,-2] 4800
1 [-6,+3] 32000
1 [+4,+4] 40000
1 [+2,+2,+3,+3] 19200
1 [-2,+4,+4] 4800
1 [-2,+3,+5] 38400
1 [-2,+2,+2,+2] 80000
1 [+3,+3,+3,+3] 510
1 [+3,+3,+3] 64000
1 [+2,+3,+5] 38400
1 [-6,-2] 80000
1 [-2,-2,+2,+4] 9600
1 [-2,+7] 32000
1 [+2,+2,+5] 48000
1 [-2,-2,+2,+5] 3840
1 [-2,-2,+5] 48000
1 [+4,+5] 32000
1 [-2,-2,-2,+2] 80000
1 [+2,+6] 80000
1 [+9] 8000
1 [-4,+2,+2,+2] 3200
1 [-4,+4] 80000
1 [-2,-2,+3,+3] 19200
1 [-2,-2,-2,+3] 32000
1 [-4,-2,-2,+3] 3840
1 [-6,+2,+3] 3840
1 [-4,+5] 32000
1 [-6,-2,+3] 3840
1 [+2,+2,+3,+4] 3840
1 [+2,+3,+3,+3] 5120
1 [-4,-2,+2,+2,+3] 120
1 [-2,+3,+3,+4] 1580
1 [-4,-2,+4] 9600
1 [-2,+2,+6] 9600
1 [-2,+2,+2,+5] 3840
1 [-4,+2,+4] 9600
1 [-6,-2,+4] 420
1 [+3,+3,+3,+5] 120
1 [-6,-4] 3200
1 [+2,+2,+6] 4800
1 [+2,+2,+2,+4] 3200
1 [-2,-2,+2,+2,+2] 1600
1 [-8,+2,+2] 180
1 [+5,+5] 6400
1 [-2,+2,+7] 3840
1 [+2,+4,+4] 4800
1 [+3,+7] 12800
1 [-6,+2,+3,+3] 80
1 [-2,-2,-2,-2] 20000
1 [+2,+2,+7] 1920
1 [+2,+4,+5] 3840
1 [-6,+4] 3200
1 [-4,-2,+2,+2] 9600
1 [-2,+2,+3,+5] 3160
1 [+3,+3,+4] 19200
1 [+3,+3,+5] 7680
1 [-4,-2,+5] 3840
1 [-2,-2,+3,+4] 3840
1 [-6,+2,+2] 4800
1 [-2,+2,+2,+3,+3] 750
1 [-4,+3,+4] 3840
1 [-4,-4,-2] 4800
1 [-2,-2,+6] 4800
1 [-4,-4,-2,+2,+2] 30
1 [-2,+3,+7] 1500
1 [-2,+3,+3,+5] 600
1 [-4,+2,+5] 3840
1 [-6,-2,+2] 9600
1 [+2,+3,+3,+5] 600
1 [+3,+4,+4] 1920
1 [-4,-4,+3] 1920
1 [-2,+8] 3200
1 [-2,+3,+6] 3840
1 [-2,-2,-2,+7] 80
1 [-2,+2,+2,+4] 9600
1 [+2,+8] 3200
1 [-4,-2,+2,+3] 7680
1 [-2,+2,+3,+4] 7680
1 [-8,+3] 1280
1 [-4,-2,+2,+4] 720
1 [-2,-2,-2,+5] 1280
1 [-4,-4,+4] 210
1 [+2,+3,+6] 3840
1 [+3,+9] 500
1 [-2,-2,-2,+4] 3200
1 [+3,+8] 1280
1 [-2,+9] 1280
1 [-2,+2,+2,+6] 420
1 [-6,-4,+2] 420
1 [-2,+3,+3,+3] 5120
1 [-2,-2,-2,-2,+3] 320
1 [-4,-2,-2,+2] 9600
1 [-4,-2,-2,+4] 420
1 [-8,-2] 3200
1 [+4,+6] 3200
1 [+2,+3,+3,+4] 1500
1 [-2,+4,+5] 3840
1 [-4,+2,+3,+3] 1580
1 [-4,+2,+2,+3] 3840
1 [-6,-2,+2,+2] 360
1 [-6,-2,-2,+3] 240
1 [-6,-4,+2,+2] 60
1 [+3,+3,+7] 300
1 [-4,+3,+3,+3] 200
1 [+5,+6] 1280
1 [-6,+5] 1280
1 [-4,+6] 3200
1 [+4,+7] 1280
1 [-2,-2,-2,+2,+3] 1280
1 [-6,+3,+3] 750
1 [-2,-2,+7] 1920
1 [-4,-2,-2,-2] 3200
1 [-2,+2,+9] 120
1 [+2,+2,+3,+5] 1500
1 [-4,+2,+3,+5] 160
1 [-2,+2,+2,+2,+2] 800
1 [-2,+2,+8] 360
1 [-2,+5,+5] 750
1 [-2,-2,+3,+3,+3] 100
1 [-6,+2,+2,+2] 140
1 [+2,+3,+7] 1580
1 [-2,-2,+2,+3,+3] 790
1 [-2,+10] 140
1 [+10] 800
1 [+2,+2,+3,+3,+4] 60
1 [-4,-2,+2,+5] 240
1 [+4,+9] 40
1 [+3,+3,+8] 40
1 [-2,+2,+2,+2,+5] 80
1 [-4,-2,+3,+3] 1500
1 [-6,+3,+4] 120
1 [+2,+2,+9] 60
1 [+2,+5,+5] 790
1 [-4,+2,+2,+4] 420
1 [-2,-2,-2,-2,+2] 800
1 [-4,+7] 1280
1 [-2,-2,-2,+2,+2] 1600
1 [-4,-4,-2,+2] 420
1 [+5,+7] 500
1 [+2,+9] 1280
1 [-2,+4,+8] 60
1 [-2,+2,+2,+2,+3] 1280
1 [-2,-2,+3,+5] 1500
1 [-4,+3,+5] 1500
1 [-4,+4,+4] 180
1 [-2,+2,+2,+7] 120
1 [-4,+4,+6] 60
1 [-2,-2,+2,+2,+3] 1920
1 [-2,-2,-2,+6] 140
1 [-4,-4,+2,+2] 180
1 [+2,+4,+6] 420
1 [-4,-2,+3,+5] 120
1 [+2,+2,+2,+2,+3] 320
1 [+2,+2,+2,+6] 100
1 [+2,+2,+3,+6] 240
1 [+2,+2,+2,+5] 1280
1 [+11] 320
1 [-4,-2,-2,+5] 240
1 [-4,-2,-2,+2,+2] 180
1 [-2,-2,+2,+2,+4] 210
1 [+12] 35
1 [-4,+2,+2,+2,+2] 25
1 [+4,+4,+4] 70
1 [-2,-2,+8] 210
1 [+6,+6] 60
1 [-6,-2,+3,+3] 60
1 [-4,+2,+6] 360
1 [-10,+2] 140
1 [-6,+6] 140
1 [-2,+2,+4,+4] 420
1 [-4,-2,-2,+2,+4] 60
1 [+3,+4,+6] 120
1 [-2,-2,+3,+6] 120
1 [-8,-2,+2] 420
1 [-4,-2,-2,+2,+3] 120
1 [-2,+2,+3,+6] 240
1 [+3,+4,+5] 1580
1 [-2,+3,+5,+6] 40
1 [-4,-4,-2,-2] 150
1 [-6,-2,+2,+3] 240
1 [-8,+4] 140
1 [-6,+7] 80
1 [-2,+4,+7] 120
1 [-4,-2,+7] 240
1 [-6,-2,-2,+2] 420
1 [-6,-4,+3] 240
1 [-2,+2,+4,+5] 240
1 [-2,+2,+3,+7] 160
1 [-6,-2,+5] 240
1 [+2,+3,+4,+4] 240
1 [-6,+2,+4] 360
1 [-4,+3,+3,+4] 80
1 [-4,-4,-2,+3] 240
1 [-4,-4,+2,+4] 60
1 [-8,-2,+2,+2] 60
1 [-8,+2,+3] 120
1 [+4,+4,+5] 60
1 [-2,+2,+2,+3,+5] 60
1 [-2,+3,+8] 120
1 [+2,+3,+11] 20
1 [+3,+3,+6] 790
1 [-8,-2,-2] 150
1 [-2,-2,-2,-2,+4] 35
1 [-4,-2,+6] 420
1 [-2,+5,+6] 120
1 [+2,+2,+3,+3,+3] 100
1 [+2,+5,+6] 120
1 [-4,-2,+3,+4] 240
1 [+3,+5,+5] 300
1 [-2,-2,+2,+2,+5] 60
1 [-6,+2,+5] 120
1 [-12] 25
1 [+3,+3,+3,+3,+4] 5
1 [+2,+2,+2,+2,+2] 160
1 [+2,+2,+5,+5] 30
1 [+7,+7] 10
1 [-2,-2,-2,-2,-2] 160
1 [-6,+2,+6] 60
1 [+2,+3,+8] 120
1 [-4,-4,+2,+3] 120
1 [+2,+4,+7] 120
1 [-10,-2] 100
1 [-6,-6] 50
1 [-8,-2,+3] 240
1 [-2,+3,+4,+4] 120
1 [-4,+3,+7] 60
1 [-2,+2,+5,+5] 80
1 [-2,+3,+4,+5] 160
1 [+2,+2,+2,+7] 80
1 [-4,+8] 140
1 [-4,-2,-2,+3,+3] 30
1 [-8,+5] 80
1 [+2,+2,+4,+4] 150
1 [-2,-2,+2,+6] 360
1 [-2,+4,+6] 360
1 [-2,-2,-2,+2,+4] 120
1 [-2,-2,+2,+3,+5] 80
1 [+2,+2,+2,+2,+8] 5
1 [-6,+3,+5] 60
1 [-2,-2,+4,+4] 180
1 [+2,+2,+2,+2,+4] 50
1 [-2,-2,+2,+3,+7] 20
1 [-4,-4,-4] 50
1 [-2,+5,+7] 60
1 [+2,+2,+3,+7] 60
1 [+2,+2,+4,+5] 240
1 [-4,+2,+3,+4] 240
1 [+3,+3,+3,+4] 200
1 [-2,-2,+3,+7] 60
1 [-4,-2,+2,+6] 120
1 [+4,+8] 120
1 [-4,+9] 80
1 [-4,+2,+2,+5] 120
1 [-4,-2,-2,-2,+2] 140
1 [+2,+3,+4,+5] 120
1 [-2,+2,+10] 60
1 [+3,+5,+6] 80
1 [-4,+2,+7] 120
1 [-4,-2,+2,+2,+2] 140
1 [-6,-4,-2] 300
1 [-2,+2,+2,+3,+4] 240
1 [-10] 800
1 [-4,-4,+5] 120
1 [-2,-2,+4,+5] 120
1 [-4,+4,+5] 120
1 [-4,-2,+4,+4] 60
1 [+2,+10] 120
1 [-2,-2,+3,+4,+5] 20
1 [+2,+2,+8] 210
1 [-4,+2,+2,+3,+3] 30
1 [-4,+2,+3,+7] 40
1 [-2,+2,+3,+9] 40
1 [+3,+3,+4,+4] 30
1 [-10,+2,+2] 30
1 [-2,-2,+5,+5] 30
1 [+2,+2,+2,+3,+3] 260
1 [-2,-2,+2,+7] 120
1 [-4,-2,+2,+3,+5] 40
1 [-4,-2,+2,+3,+3] 80
1 [-2,-2,+9] 120
1 [-6,-2,+2,+4] 120
1 [-2,+2,+2,+2,+4] 100
1 [+2,+12] 20
1 [-8,+3,+3] 30
1 [-2,+6,+6] 30
1 [-2,+3,+4,+7] 40
1 [-2,+2,+3,+3,+3] 200
1 [-2,-2,-2,+3,+3] 250
1 [-10,+3] 80
1 [+3,+10] 40
1 [-4,+2,+2,+2,+3] 80
1 [-2,+3,+9] 60
1 [-4,+3,+4,+5] 40
1 [-6,-2,-2,-2] 100
1 [+13] 20
1 [+4,+10] 20
1 [-4,+5,+5] 30
1 [-2,+3,+3,+8] 20
1 [+2,+3,+3,+6] 60
1 [-8,+2,+3,+3] 20
1 [-4,-4,+2,+3,+3] 10
1 [+6,+7] 40
1 [-8,-4] 100
1 [-6,+2,+2,+3] 120
1 [+2,+3,+3,+3,+5] 20
1 [-2,-2,+2,+3,+4] 120
1 [-2,-2,+4,+6] 60
1 [-4,+3,+6] 120
1 [+2,+2,+2,+4,+6] 20
1 [+5,+8] 40
1 [-2,-2,-2,+4,+4] 10
1 [-6,+2,+3,+5] 40
1 [-2,-2,+3,+3,+6] 10
1 [+3,+4,+7] 80
1 [-4,-2,-2,-2,+3] 80
1 [-6,+4,+4] 30
1 [-2,-2,+3,+3,+4] 40
1 [+2,+3,+9] 80
1 [-2,+3,+3,+6] 80
1 [-2,-2,-2,+2,+5] 40
1 [+2,+5,+7] 80
1 [-8,+2,+4] 60
1 [-2,-2,+2,+8] 60
1 [+2,+2,+2,+3,+5] 40
1 [+2,+3,+3,+3,+3] 20
1 [-2,+2,+3,+3,+4] 60
1 [-4,+2,+8] 60
1 [-2,-2,-2,-2,+5] 20
1 [-4,+3,+3,+6] 20
1 [-2,+11] 80
1 [-2,-2,-2,+2,+6] 20
1 [+4,+5,+5] 40
1 [-2,+4,+5,+5] 20
1 [+4,+5,+7] 20
1 [-4,+2,+5,+5] 20
1 [+2,+5,+9] 20
1 [-4,-4,+3,+3] 30
1 [+2,+7,+7] 10
1 [-2,-2,+2,+5,+5] 10
1 [+3,+11] 20
1 [-2,+2,+5,+7] 40
1 [-4,-2,+3,+3,+4] 20
1 [+3,+6,+7] 20
1 [-6,-2,-2,+2,+2] 30
1 [-6,-2,+2,+3,+3] 20
1 [+2,+11] 40
1 [-2,+3,+3,+3,+3] 30
1 [+6,+8] 20
1 [-2,-2,-2,+3,+4] 40
1 [+5,+9] 20
1 [-6,+3,+3,+4] 20
1 [+3,+3,+10] 10
1 [+3,+5,+8] 20
1 [+2,+2,+4,+4,+4] 10
1 [-2,-2,-2,+3,+5] 20
1 [+3,+4,+9] 20
Gamma(16,u): 397 different patterns
u [-16] 5
u [] 1562500000
u [-2,-2] 25000000
u [-2] 312500000
u [+2,+3] 20000000
u [+2] 312500000
u [+3] 125000000
u [+3,+3] 4000000
u [+2,+2,+3] 1200000
u [+4] 12500000
u [-4] 12500000
u [-2,+2] 50000000
u [+5] 5000000
u [-2,+3] 20000000
u [+2,+2] 25000000
u [+2,+6] 80000
u [-4,-2] 2000000
u [-2,+5] 800000
u [+2,+2,+2] 1000000
u [-2,-2,+2] 3000000
u [-2,+4] 2000000
u [+2,+5] 800000
u [-2,+2,+2] 3000000
u [-2,+2,+3] 2400000
u [+2,+3,+3] 480000
u [-2,-2,-2] 1000000
u [+3,+4] 800000
u [-2,+3,+3] 480000
u [+2,+4] 2000000
u [-4,+2,+3] 96000
u [-2,-2,+2,+3] 96000
u [+2,+2,+4] 120000
u [-2,-2,+3] 1200000
u [+3,+5] 320000
u [-4,-2,+3] 96000
u [-2,+6] 80000
u [+6] 500000
u [-4,+2] 2000000
u [-2,-2,+4] 120000
u [-2,-2,+3,+3] 19200
u [-2,+2,+2,+2] 80000
u [+2,+2,+5] 48000
u [-6,+2] 80000
u [+2,+2,+2,+2] 20000
u [+2,+3,+4] 96000
u [+3,+3,+3] 64000
u [-4,-2,-2] 120000
u [-4,-4] 40000
u [+3,+6] 32000
u [-4,+3] 800000
u [-8] 20000
u [-2,+2,+5] 96000
u [-2,+2,+4] 240000
u [-6,-2,+3] 3840
u [-2,-2,-2,+2] 80000
u [+2,+7] 32000
u [-6] 500000
u [-4,+2,+2] 120000
u [-4,-2,+2] 240000
u [+2,+2,+2,+2,+4] 25
u [-2,+2,+2,+5] 3840
u [-6,+5] 1280
u [-2,-2,+2,+2] 120000
u [+8] 20000
u [-2,-2,-2,-2] 20000
u [+7] 200000
u [-6,+3] 32000
u [-6,+2,+2] 4800
u [-4,-2,-2,-2] 3200
u [-2,+2,+3,+3] 38400
u [-6,-2] 80000
u [-2,+2,+2,+3] 96000
u [-2,+3,+4] 96000
u [-2,-2,-2,+3] 32000
u [+9] 8000
u [+2,+4,+4] 4800
u [+2,+2,+2,+3] 32000
u [-6,-2,-2] 4800
u [-4,+4,+5] 240
u [+4,+5] 32000
u [-4,+4] 80000
u [-2,-2,+2,+5] 3840
u [+2,+3,+3,+3] 5120
u [-2,-2,+5] 48000
u [-4,-2,+4] 9600
u [+4,+4] 40000
u [+3,+7] 12800
u [-2,+3,+7] 1560
u [-4,+2,+2,+3] 3840
u [-4,+2,+5] 3840
u [+2,+3,+5] 38400
u [-6,-4] 3200
u [-4,+5] 32000
u [+3,+3,+4] 19200
u [+2,+2,+3,+3] 19200
u [-2,-2,+2,+3,+4] 120
u [-2,+4,+4] 4800
u [-4,+3,+3] 19200
u [-2,+7] 32000
u [-2,+3,+5] 38400
u [-6,-2,+2] 9600
u [-4,-4,-2] 4800
u [-4,-2,-2,+4] 300
u [+6,+6] 70
u [+5,+5] 6400
u [-2,-2,+6] 4800
u [-2,-2,-2,+2,+2] 1600
u [+2,+3,+6] 3840
u [-2,-2,+4,+4] 210
u [-4,-2,+2,+3] 7680
u [+2,+3,+8] 120
u [+10] 800
u [-8,-2,+2] 300
u [-4,+2,+4] 9600
u [+3,+4,+4] 1920
u [-2,+2,+2,+4] 9600
u [-4,+7] 1280
u [+3,+3,+5] 7680
u [-8,-2] 3200
u [-2,-2,+2,+4] 9600
u [-2,+3,+3,+4] 1500
u [-4,-2,-2,+2] 9600
u [-2,+2,+7] 3840
u [+2,+4,+5] 3840
u [-2,+4,+5] 3840
u [-2,-2,+2,+3,+3] 750
u [+2,+8] 3200
u [+3,+8] 1280
u [-4,-4,+2] 4800
u [-2,-2,+2,+4,+4] 30
u [-2,+2,+6] 9600
u [-4,-2,+2,+2] 9600
u [-2,+2,+3,+4] 7680
u [-10,-2] 200
u [-4,+2,+2,+2] 3200
u [-8,+2] 3200
u [-2,+3,+3,+3] 5120
u [-4,+3,+4] 3840
u [-4,-2,-2,+3] 3840
u [+5,+6] 1280
u [-2,+5,+5] 780
u [+2,+3,+7] 1500
u [-4,-2,+3,+3] 1560
u [-6,+2,+3] 3840
u [-6,+4] 3200
u [-2,-2,+3,+4] 3840
u [-4,+2,+3,+3] 1500
u [+2,+4,+6] 360
u [+4,+6] 3200
u [-2,-2,-2,+5] 1280
u [+2,+2,+6] 4800
u [+2,+2,+3,+4] 3840
u [-4,+6] 3200
u [+2,+2,+2,+4] 3200
u [-4,-2,+5] 3840
u [-2,+3,+6] 3840
u [+2,+9] 1280
u [-2,+2,+3,+5] 3000
u [+2,+5,+5] 750
u [-10,-6] 20
u [-4,+2,+6] 420
u [+2,+2,+2,+2,+3] 320
u [-2,-2,+7] 1920
u [+2,+2,+2,+5] 1280
u [+11] 320
u [+2,+2,+7] 1920
u [-2,-2,+3,+5] 1560
u [-6,+6] 100
u [+2,+2,+3,+5] 1580
u [-2,+8] 3200
u [-2,-2,-2,+4] 3200
u [-4,-2,+3,+4] 480
u [-2,+3,+8] 240
u [-6,+3,+5] 120
u [-2,+9] 1280
u [-4,-2,+6] 300
u [-2,+2,+2,+2,+3] 1280
u [+2,+3,+4,+4] 120
u [+3,+3,+8] 30
u [+2,+3,+3,+5] 600
u [-6,-4,+2] 300
u [+3,+3,+7] 300
u [-2,-2,-2,-2,+2] 800
u [+2,+3,+4,+5] 160
u [+2,+2,+4,+4] 210
u [-2,+4,+7] 240
u [-4,-4,-2,-2] 300
u [-8,+2,+3] 240
u [+2,+2,+3,+3,+3] 100
u [+3,+3,+3,+5] 80
u [-2,+2,+2,+3,+3] 790
u [+5,+7] 520
u [-2,+3,+4,+4] 120
u [-4,-2,-2,+3,+3] 60
u [-4,-4,+3] 1920
u [-2,-2,-2,+2,+5] 80
u [-4,+3,+5] 1560
u [-2,-2,+2,+6] 420
u [-2,+2,+2,+2,+2] 800
u [-2,-2,+2,+2,+2] 1600
u [-2,+3,+9] 120
u [-4,-2,+2,+4] 840
u [+2,+10] 140
u [-6,-4,-2] 600
u [-12] 50
u [-2,+2,+2,+6] 360
u [-2,+3,+3,+5] 600
u [-2,-2,-2,+2,+3] 1280
u [-8,+3] 1280
u [-2,+2,+8] 420
u [-4,-2,+2,+5] 480
u [-6,-2,-2,+2] 300
u [-4,+2,+2,+5] 120
u [-6,-2,+2,+2] 420
u [-2,-2,+2,+2,+3] 1920
u [+3,+3,+3,+3] 515
u [+3,+4,+5] 1500
u [-2,+2,+2,+7] 120
u [-4,+3,+7] 120
u [-2,-2,-2,-2,+3] 320
u [-2,-2,+2,+2,+4] 180
u [+2,+3,+3,+4] 1580
u [-2,-2,+2,+7] 240
u [-4,-2,-2,+2,+2] 210
u [-4,+3,+6] 240
u [-4,-4,-2,+2] 300
u [+2,+2,+2,+6] 140
u [-2,-2,-2,-2,+4] 25
u [-4,-4,-4,-4] 5
u [-4,+2,+2,+4] 360
u [-2,-2,+4,+5] 240
u [+4,+7] 1280
u [+3,+3,+6] 750
u [+2,+5,+6] 120
u [-4,-2,+2,+2,+4] 60
u [-2,+2,+4,+6] 120
u [+2,+2,+9] 60
u [-2,+2,+3,+7] 120
u [-2,+4,+6] 420
u [-6,+2,+2,+2] 120
u [-2,+2,+2,+3,+4] 120
u [-2,+5,+6] 240
u [-6,+2,+4] 420
u [-8,-4] 200
u [-6,-2,+4] 300
u [-2,-2,+8] 150
u [+3,+9] 520
u [-8,-6,-2] 60
u [+3,+4,+6] 120
u [-2,-2,+2,+3,+5] 60
u [-4,+2,+2,+2,+2] 35
u [+2,+2,+4,+5] 120
u [+2,+2,+3,+7] 80
u [-4,+8] 100
u [-2,-2,+3,+3,+3] 100
u [+2,+3,+5,+6] 40
u [-4,+4,+4] 210
u [-6,+3,+3] 780
u [+2,+2,+8] 180
u [-4,-4,+2,+2] 210
u [-2,-2,+2,+2,+5] 60
u [-4,-4,+2,+3] 240
u [-4,+2,+3,+4] 240
u [-8,-2,-2] 300
u [-4,+3,+3,+3,+3] 5
u [-2,-2,-2,-2,-2] 160
u [+2,+2,+10] 30
u [+4,+4,+4] 60
u [+2,+2,+2,+2,+2] 160
u [-6,-2,+2,+3] 480
u [-2,+3,+3,+6] 60
u [-6,-2,+3,+3] 120
u [+4,+8] 140
u [-4,+2,+7] 240
u [+3,+5,+5] 300
u [-2,+5,+7] 120
u [+2,+4,+8] 60
u [-4,-2,+3,+5] 240
u [-6,+2,+2,+4] 60
u [-6,-2,-2,-2] 200
u [-4,-4,+3,+3] 60
u [-8,+2,+2] 210
u [-2,+2,+4,+5] 240
u [+2,+2,+3,+3,+4] 30
u [+3,+10] 80
u [-4,-2,+2,+2,+2] 120
u [-6,-4,-4,-2] 60
u [+2,+2,+5,+5] 40
u [-2,+2,+2,+3,+5] 80
u [+3,+3,+3,+4] 200
u [+12] 25
u [-8,-2,-2,-2,-2] 5
u [-6,-6] 100
u [+6,+7] 80
u [-4,-2,-2,-2,-2] 50
u [+3,+3,+4,+6] 20
u [-2,-2,+3,+7] 120
u [-10,+2] 100
u [-2,+2,+2,+3,+7] 20
u [-4,-4,+4] 150
u [-2,+2,+3,+6] 240
u [-2,+2,+4,+4] 360
u [-2,+2,+2,+2,+4] 140
u [+2,+5,+7] 60
u [-2,+2,+2,+8] 60
u [-2,+2,+9] 240
u [-2,-2,-2,+2,+4] 140
u [-10] 800
u [-4,-4,-4] 100
u [-4,-2,-2,+2,+3] 240
u [-2,-2,+3,+6] 240
u [+2,+3,+4,+7] 40
u [-6,+3,+4] 240
u [-6,+2,+3,+3] 60
u [+2,+3,+9] 60
u [+5,+8] 80
u [-4,+2,+2,+3,+5] 20
u [+4,+9] 80
u [-8,-4,-2,-2] 60
u [-2,-2,+3,+3,+4] 30
u [-4,+3,+3,+4] 60
u [-6,+2,+5] 240
u [-6,-6,-4] 30
u [-4,+3,+3,+3] 200
u [-2,-2,-2,+3,+3] 260
u [+2,+2,+3,+6] 120
u [-2,+2,+3,+4,+5] 40
u [-2,+10] 100
u [-2,+2,+3,+3,+4] 80
u [-4,-2,-2,-2,+2] 100
u [-2,+2,+5,+5] 60
u [+2,+2,+2,+7] 40
u [+2,+3,+3,+6] 80
u [-2,+2,+3,+3,+3] 200
u [+2,+2,+2,+3,+3] 250
u [-8,-4,-4] 30
u [-6,+2,+2,+3] 120
u [-2,-2,-2,+6] 100
u [-8,+4] 100
u [+2,+2,+3,+9] 20
u [-2,-2,-2,+3,+4] 80
u [-4,+2,+3,+5] 120
u [+3,+11] 40
u [-8,+3,+3] 60
u [+3,+5,+6] 60
u [+4,+5,+5] 30
u [+5,+9] 40
u [+4,+4,+6] 30
u [-4,+2,+4,+4] 60
u [-2,+3,+3,+4,+4] 10
u [+2,+6,+6] 30
u [-4,+2,+2,+6] 60
u [+3,+3,+3,+7] 20
u [-4,+5,+5] 60
u [-2,+3,+3,+3,+5] 20
u [-4,-2,+2,+2,+3] 120
u [+2,+3,+3,+8] 20
u [-6,-4,-2,-2,-2] 20
u [-4,-4,+2,+2,+2] 10
u [-6,+2,+2,+3,+3] 10
u [+2,+11] 80
u [+2,+2,+2,+3,+4] 80
u [-4,+2,+2,+3,+3] 40
u [-2,+3,+4,+5] 120
u [+4,+4,+5] 60
u [-2,+2,+2,+2,+5] 40
u [+3,+4,+7] 60
u [-2,-2,-2,+3,+5] 40
u [-2,+3,+3,+3,+3] 20
u [-2,-2,+5,+5] 60
u [-6,-6,-2,-2] 30
u [-4,-2,+2,+3,+3] 60
u [+2,+2,+2,+2,+5] 20
u [+3,+3,+4,+4] 40
u [+2,+4,+7] 120
u [-6,-2,+2,+2,+2] 20
u [+7,+7] 20
u [-10,-4,-2] 60
u [-8,+2,+2,+2] 20
u [-14,-2] 20
u [-12,-4] 20
u [+2,+4,+5,+5] 20
u [-12,-2,-2] 30
u [-2,+2,+2,+5,+5] 10
u [-4,+2,+3,+3,+4] 20
u [-10,-2,-2,-2] 20
u [+2,+2,+5,+7] 20
u [-2,-2,+2,+2,+6] 30
u [-2,+2,+3,+3,+6] 20
u [+2,+3,+3,+3,+3] 30
u [-4,+2,+2,+2,+3] 40
u [+3,+3,+5,+5] 30
u [-8,-8] 10
u [-2,+4,+4,+4] 20
u [-4,-4,-4,-2,-2] 10
u [+2,+2,+2,+3,+5] 20
u [+3,+4,+4,+5] 20
