Checked 102815688922899 curves in 161402.631s
#Gamma(13,1) =  30535044428 (in 316972807 orbits) for p = 17

Frequencies of signed root multiplicities
Gamma(13,1): 57 different patterns
1 [] 26960827544
1 [+2] 1586262112
1 [+5] 649128
1 [-2] 1585114136
1 [+3] 186675572
1 [-2,+2] 88043136
1 [+2,+2] 43952616
1 [+2,+3] 10344432
1 [-2,-2] 42929216
1 [-2,+3] 10386048
1 [-4] 5366152
1 [-2,+4] 298112
1 [+4] 5502696
1 [-2,+2,+2] 2278680
1 [+3,+3] 610776
1 [-2,-2,+2] 2235840
1 [+2,+2,+2] 775064
1 [+2,+2,+3] 279072
1 [-2,+2,+3] 518160
1 [-2,-2,-2] 554880
1 [-4,+2] 298112
1 [-4,-2] 221952
1 [-2,-2,+3] 236640
1 [+2,+4] 303824
1 [-2,+3,+4] 2040
1 [-2,+2,+4] 8160
1 [-2,+3,+3] 24480
1 [+2,+2,+2,+2] 10472
1 [+2,+5] 34544
1 [-2,-2,+2,+2] 28560
1 [+2,+3,+3] 34272
1 [+3,+5] 3264
1 [-2,+2,+2,+3] 17136
1 [-2,+5] 31552
1 [-2,+2,+2,+2] 41888
1 [+3,+4] 34544
1 [+2,+2,+4] 8976
1 [+6] 18632
1 [-6] 13872
1 [-4,+3] 31552
1 [+2,+2,+2,+3] 3808
1 [+3,+3,+3] 2448
1 [-2,-2,+2,+3] 14280
1 [-4,+2,+3] 2040
1 [+2,+3,+4] 2448
1 [+7] 1972
1 [+2,+2,+3,+3] 816
1 [-2,+2,+5] 2040
1 [-4,+2,+2] 4080
1 [+2,+2,+5] 1224
1 [+4,+4] 272
1 [+2,+6] 544
1 [+2,+2,+2,+2,+2] 136
1 [+2,+2,+2,+2,+3] 68
1 [+3,+6] 136
1 [+4,+5] 136
1 [+2,+7] 136
