Checked 29296875 curves in 1.069s
#Gamma(12,1) =  4026275 (in 483153 orbits) for p = 5
#Gamma(12,u) =  4010650 (in 481278 orbits) for p = 5

Frequencies of signed root multiplicities
Gamma(12,1): 100 different patterns
1 [] 2500000
1 [+3] 200000
1 [+2,+5,+5] 10
1 [-2,+2] 80000
1 [+2] 500000
1 [+2,+3] 32000
1 [+4] 20000
1 [-2] 500000
1 [-4] 20000
1 [-2,-2,-2,-2] 25
1 [-2,+3] 32000
1 [-2,+2,+2,+3] 120
1 [-2,-2] 40000
1 [+2,+2] 40000
1 [+2,+2,+2] 1600
1 [-4,+4] 140
1 [-2,+2,+2] 4800
1 [+5] 8000
1 [+3,+4] 1280
1 [-4,+2,+2] 180
1 [-4,+2] 3200
1 [-2,+2,+2,+2] 140
1 [-4,-2,+2] 420
1 [-2,-2,-2] 1600
1 [+3,+3] 6400
1 [-2,-2,+2] 4800
1 [-2,+2,+5] 120
1 [-4,+3] 1280
1 [+2,+2,+3] 1920
1 [-2,+4] 3200
1 [-2,-2,+3] 1920
1 [-2,+2,+3] 3840
1 [+6] 800
1 [+2,+3,+3] 790
1 [-4,-2] 3200
1 [+2,+5] 1280
1 [-2,+5] 1280
1 [+2,+4] 3200
1 [+3,+5] 500
1 [-6] 800
1 [-2,-2,+2,+2] 180
1 [-2,+3,+3] 750
1 [-2,+2,+4] 360
1 [-2,-2,+2,+4] 60
1 [-4,+2,+3] 120
1 [+3,+3,+4] 40
1 [-2,+6] 140
1 [+8] 35
1 [+2,+2,+2,+2] 25
1 [-2,-2,+4] 210
1 [+7] 320
1 [-2,-2,+5] 120
1 [-2,-2,+2,+3] 120
1 [-2,-2,-2,+3] 80
1 [-2,-2,-2,+2] 140
1 [-6,+2,+2] 30
1 [-2,+3,+5] 60
1 [-8] 25
1 [-6,+2] 140
1 [-6,-2] 100
1 [-2,+3,+4] 120
1 [-6,+3] 80
1 [+2,+2,+2,+3] 80
1 [+9] 20
1 [-2,+2,+6] 60
1 [-4,+5] 80
1 [-4,+2,+3,+3] 20
1 [-4,-2,-2] 150
1 [+2,+2,+2,+2,+4] 5
1 [-4,-2,+3] 240
1 [-2,-2,+3,+3] 30
1 [+2,+3,+4] 120
1 [-2,+7] 80
1 [+2,+2,+5] 60
1 [+2,+3,+5] 80
1 [+2,+2,+3,+3] 30
1 [+2,+2,+4] 210
1 [+2,+7] 40
1 [-2,+2,+3,+5] 40
1 [+2,+3,+7] 20
1 [+2,+6] 120
1 [+4,+6] 20
1 [-2,+4,+4] 30
1 [+3,+3,+3] 100
1 [+4,+5] 40
1 [-4,-2,+2,+2] 60
1 [-4,+2,+4] 60
1 [-2,+2,+3,+3] 80
1 [-4,+3,+3] 30
1 [+3,+7] 20
1 [+4,+4] 60
1 [-2,-2,+2,+3,+3] 10
1 [-4,-4] 50
1 [-2,+3,+3,+4] 20
1 [+3,+6] 40
1 [+5,+5] 10
1 [+2,+8] 20
1 [+3,+4,+5] 20
1 [-2,-2,-2,+2,+2] 10
1 [+3,+3,+6] 10
Gamma(12,u): 79 different patterns
u [] 2494880
u [-2] 494880
u [+2] 500000
u [-2,+2] 80000
u [+3] 200000
u [-2,-2] 37950
u [-2,+5] 1280
u [+2,+3] 32000
u [+4] 20000
u [+5] 8000
u [+2,+2] 40000
u [-4,-2] 2400
u [-4] 18975
u [-2,+3,+3] 780
u [+3,+3] 6400
u [-2,+3] 32000
u [+2,+2,+2] 1600
u [-2,+2,+2] 4800
u [-2,-2,+2] 4800
u [+2,+4] 3200
u [-4,+3] 1280
u [-4,+2] 3200
u [+2,+3,+3] 750
u [-2,+2,+3] 3840
u [-6] 600
u [-2,-2,-2,+2] 100
u [+2,+2,+5] 60
u [+2,+5] 1280
u [-2,-2,+3] 1920
u [-2,-2,+2,+3] 240
u [-2,-2,-2] 1200
u [+3,+4] 1280
u [-4,-2,+2] 300
u [-2,+4] 3200
u [+3,+6] 80
u [+2,+2,+3] 1920
u [-2,+3,+4] 240
u [+2,+6] 140
u [+3,+5] 520
u [+6] 800
u [-2,+2,+4] 420
u [+2,+3,+4] 120
u [-4,+2,+3] 240
u [+4,+4] 70
u [+2,+2,+4] 180
u [+2,+2,+3,+3] 40
u [-2,-2,+2,+2] 210
u [-2,+2,+2,+2] 120
u [-2,+6] 100
u [-2,+2,+5] 240
u [+2,+7] 80
u [+3,+3,+3] 100
u [+3,+3,+3,+3] 5
u [+2,+2,+6] 30
u [-2,+2,+2,+3] 120
u [+2,+3,+5] 60
u [+2,+4,+4] 30
u [-2,+2,+2,+4] 60
u [-2,+3,+5] 120
u [+8] 25
u [-2,-2,+4] 150
u [+7] 320
u [-4,+3,+3] 60
u [-4,+4] 100
u [+2,+2,+2,+2] 35
u [-2,-2,+3,+3] 60
u [+3,+3,+4] 30
u [-2,+2,+3,+3] 60
u [+4,+5] 80
u [-4,+2,+2] 210
u [+2,+3,+3,+4] 20
u [+2,+2,+3,+5] 20
u [-6,+2] 100
u [+3,+7] 40
u [-2,+2,+2,+3,+3] 10
u [-4,+2,+2,+2] 20
u [+5,+5] 20
u [+2,+2,+2,+3] 40
u [-2,-2,+2,+2,+2] 10
