Checked 234375 curves in 0.022s
#Gamma(9,1) =  32210 (in 3865 orbits) for p = 5

Frequencies of signed root multiplicities
Gamma(9,1): 32 different patterns
1 [+2] 4000
1 [+3] 1600
1 [-2] 4000
1 [] 20000
1 [-4] 160
1 [+2,+2,+2] 10
1 [+2,+3] 250
1 [+2,+2] 320
1 [-2,+3] 260
1 [-2,-2] 320
1 [-2,+2] 640
1 [-2,-2,+3] 30
1 [-2,+2,+2] 30
1 [-2,-2,+2] 60
1 [+6] 10
1 [-2,+5] 20
1 [+5] 65
1 [-2,+4] 40
1 [+2,+3,+4] 10
1 [+4] 160
1 [+2,+4] 20
1 [+3,+3] 50
1 [-4,+2] 40
1 [-2,+2,+2,+3] 10
1 [+2,+2,+3] 20
1 [+3,+4] 10
1 [+2,+5] 10
1 [-2,+2,+3] 30
1 [+7] 5
1 [+2,+2,+5] 5
1 [-4,+3] 20
1 [+3,+3,+3] 5
