Checked 2187 curves in 0.003s
#Gamma(8,1) =  576 (in 192 orbits) for p = 3
#Gamma(8,u) =  495 (in 165 orbits) for p = 3

Frequencies of signed root multiplicities
Gamma(8,1): 20 different patterns
1 [+3,+5] 6
1 [] 243
1 [+2] 81
1 [+3] 54
1 [-2] 81
1 [-2,+3,+3] 3
1 [+4] 9
1 [+5] 6
1 [-2,+2] 18
1 [-2,-2] 9
1 [-4,+2] 6
1 [+6] 3
1 [+3,+3] 3
1 [-4] 9
1 [-2,+4] 6
1 [+2,+2,+4] 3
1 [+2,+2] 9
1 [-2,+3] 12
1 [+2,+3] 12
1 [-2,-2,+2] 3
Gamma(8,u): 14 different patterns
u [-2] 57
u [] 219
u [+3] 54
u [+4] 9
u [+2] 81
u [+2,+3,+3] 3
u [-2,+3] 12
u [+2,+3] 12
u [+2,+2] 9
u [+3,+3] 6
u [-2,+2] 18
u [+5] 6
u [-2,+2,+2] 3
u [+2,+4] 6
