Checked 46875 curves in 0.004s
#Gamma(8,1) =  6440 (in 771 orbits) for p = 5
#Gamma(8,u) =  5820 (in 699 orbits) for p = 5

Frequencies of signed root multiplicities
Gamma(8,1): 16 different patterns
1 [] 4000
1 [+2,+2] 60
1 [+2] 800
1 [-2] 800
1 [+4] 35
1 [+2,+3] 40
1 [-2,+2] 140
1 [-4] 25
1 [+3] 320
1 [-2,+2,+2] 30
1 [+2,+4] 20
1 [-2,+3] 80
1 [-2,-2] 50
1 [+3,+3] 10
1 [+5] 20
1 [+2,+3,+3] 10
Gamma(8,u): 10 different patterns
u [] 3795
u [+2,+2] 70
u [+2] 800
u [-2] 600
u [+3] 320
u [-2,+2] 100
u [+2,+2,+2] 10
u [+4] 25
u [+3,+3] 20
u [+2,+3] 80
