Checked 7073843073 curves in 93.154s
#Gamma(11,1) =  59527957 (in 10823587 orbits) for p = 11

Frequencies of signed root multiplicities
Gamma(11,1): 42 different patterns
1 [] 48828125
1 [-2] 4437675
1 [+2] 4439545
1 [-2,+2] 371250
1 [+3] 808005
1 [+2,+2] 182875
1 [-2,-2] 178475
1 [+2,+3] 66550
1 [-2,-2,+2] 15345
1 [+4] 37125
1 [+5] 6820
1 [-4,-2] 1210
1 [-2,+3] 68200
1 [-2,+2,+2] 13860
1 [-4] 35695
1 [+2,+4] 3080
1 [+2,+2,+2] 4455
1 [-2,+2,+2,+3] 440
1 [+3,+3] 5995
1 [-6] 121
1 [+2,+2,+3] 2970
1 [-2,+2,+3] 4455
1 [-4,+2] 3410
1 [+6] 341
1 [-2,-2,+3] 2475
1 [+2,+2,+2,+3] 55
1 [+2,+2,+4] 165
1 [-2,-2,-2] 1815
1 [-2,+4] 3410
1 [-4,+3] 550
1 [-2,+3,+3] 495
1 [-2,+5] 550
1 [+2,+5] 495
1 [+2,+3,+3] 495
1 [+2,+3,+4] 110
1 [+3,+4] 495
1 [+2,+2,+5] 55
1 [-2,+2,+2,+2] 440
1 [+2,+2,+2,+2] 110
1 [+7] 55
1 [+3,+5] 110
1 [+3,+3,+3] 55
