Checked 3662109375 curves in 421.479s
#Gamma(15,1) =  503284375 (in 201313750 orbits) for p = 5

Frequencies of signed root multiplicities
Gamma(15,1): 347 different patterns
1 [+13] 5
1 [+3] 25000000
1 [+2] 62500000
1 [] 312500000
1 [-2] 62500000
1 [+4] 2500000
1 [-2,+2] 10000000
1 [-2,-2] 5000000
1 [+2,+3] 4000000
1 [-2,+3] 4000000
1 [+5] 1000000
1 [+3,+5,+5] 60
1 [+2,+2] 5000000
1 [-4] 2500000
1 [+2,+2,+2] 200000
1 [+5,+5,+5] 5
1 [+3,+6,+6] 5
1 [-2,+2,+2] 600000
1 [+7] 40000
1 [+3,+3] 800000
1 [+2,+2,+3] 240000
1 [-2,+2,+2,+2] 16000
1 [-2,-2,+3] 240000
1 [-2,+2,+3] 480000
1 [-4,+2] 400000
1 [+6] 100000
1 [-4,-2] 400000
1 [-2,-2,-2] 200000
1 [-4,+3] 160000
1 [-2,-2,+2] 600000
1 [+2,+4] 400000
1 [+2,+2,+5] 9600
1 [-2,+4] 400000
1 [+2,+3,+5] 7680
1 [-2,+2,+4] 48000
1 [-6] 100000
1 [-2,+2,+2,+3] 19200
1 [+3,+4] 160000
1 [-2,-2,+7] 390
1 [-2,+2,+5] 19200
1 [-2,+3,+3] 96000
1 [-2,-2,+2,+2,+3] 395
1 [+2,+3,+4] 19200
1 [-2,+3,+4] 19200
1 [+3,+3,+3] 12800
1 [-4,-4] 8000
1 [-2,-2,+2,+2] 24000
1 [-2,-2,-2,+2] 16000
1 [+2,+3,+3] 96000
1 [+4,+4] 8000
1 [-4,+2,+3] 19200
1 [+2,+2,+3,+3] 3840
1 [+5,+6] 250
1 [+2,+2,+6] 960
1 [-6,-2] 16000
1 [-4,-2,+2] 48000
1 [+2,+2,+4] 24000
1 [-4,+2,+2] 24000
1 [-6,+2] 16000
1 [-2,+2,+2,+4] 1920
1 [-2,+2,+7] 750
1 [-2,+5] 160000
1 [-2,+6] 16000
1 [+3,+3,+4] 3840
1 [-2,+2,+3,+3] 7680
1 [-2,-2,+3,+3] 3840
1 [+2,+5] 160000
1 [+2,+6] 16000
1 [+3,+5] 64000
1 [+5,+5] 1280
1 [-4,-2,+3] 19200
1 [-2,-2,+4] 24000
1 [-4,-2,-2] 24000
1 [-2,-2,+2,+3] 19200
1 [+2,+2,+2,+3] 6400
1 [-2,-2,+2,+4] 1920
1 [-6,+3] 6400
1 [-2,+7] 6400
1 [-2,-2,-2,+4] 640
1 [+3,+6] 6400
1 [+9] 1600
1 [+3,+3,+5] 1545
1 [-2,-2,+3,+3,+3] 20
1 [+2,+8] 640
1 [-2,+2,+4,+4] 60
1 [-4,+4] 16000
1 [-4,-2,+2,+4] 120
1 [-8] 4000
1 [-2,+3,+5] 7680
1 [+2,+2,+3,+4] 750
1 [-2,-2,-2,+3] 6400
1 [+8] 4000
1 [-4,+2,+4] 1920
1 [-4,-2,+2,+2] 1920
1 [-2,-2,+3,+4] 750
1 [+4,+5] 6400
1 [-2,+2,+2,+5] 790
1 [-4,-2,-2,+2] 1920
1 [-4,+5] 6400
1 [-2,-2,+5] 9600
1 [-2,-2,+9] 30
1 [-2,-2,-2,-2,+3] 65
1 [-4,+3,+5] 300
1 [-4,-2,+7] 60
1 [+2,+7] 6400
1 [-6,-2,+2] 1920
1 [-2,+3,+6] 750
1 [-2,+3,+3,+4] 300
1 [+2,+4,+4] 960
1 [+2,+2,+2,+2,+3] 65
1 [-4,+2,+5] 750
1 [+2,+2,+2,+2] 4000
1 [-2,-2,+2,+5] 750
1 [-2,-2,-2,-2] 4000
1 [-4,-2,+2,+3] 1500
1 [-4,+2,+2,+3] 790
1 [-2,+9] 260
1 [+2,+2,+3,+3,+3] 20
1 [-2,+2,+6] 1920
1 [-8,-2] 640
1 [-4,+3,+3] 3840
1 [-4,-4,-2] 960
1 [-4,-4,+2,+3] 30
1 [+2,+2,+4,+4] 60
1 [-10,+3] 20
1 [-2,-2,+3,+6] 30
1 [-2,+8] 640
1 [+3,+7] 2560
1 [-4,-2,-2,-2] 640
1 [-2,+2,+9] 30
1 [-2,+2,+2,+2,+2] 160
1 [+3,+4,+5] 300
1 [-8,+2] 640
1 [-2,-2,+6] 960
1 [+2,+4,+5] 790
1 [+2,+9] 250
1 [-6,-4] 640
1 [-2,-2,+2,+2,+2] 320
1 [-4,+6] 640
1 [-2,+2,+4,+5] 80
1 [+2,+3,+3,+3] 1020
1 [-4,-2,+4] 1920
1 [-4,-2,-2,+2,+3] 30
1 [-4,-2,-2,+3] 780
1 [+4,+6] 640
1 [+2,+2,+2,+5] 250
1 [-4,-2,+5] 780
1 [-6,+3,+4] 30
1 [-2,-2,+4,+5] 30
1 [-4,+3,+4] 750
1 [-6,-2,-2] 960
1 [-2,+2,+2,+2,+3] 250
1 [-2,+2,+3,+4] 1580
1 [+3,+9] 100
1 [+2,+2,+3,+5] 300
1 [+2,+3,+6] 790
1 [-6,-2,+3] 780
1 [-2,+3,+3,+3] 1030
1 [-2,+4,+4] 960
1 [+10] 160
1 [-2,-2,-2,+2,+3] 250
1 [+2,+3,+7] 300
1 [+2,+2,+3,+6] 30
1 [-6,+4] 640
1 [-2,+2,+2,+3,+4] 30
1 [-4,-2,+3,+3] 300
1 [-2,-2,-2,+2,+2] 320
1 [+2,+2,+9] 20
1 [-2,-2,-2,-2,+2] 160
1 [+3,+3,+3,+3] 100
1 [+2,+2,+4,+5] 30
1 [-4,+2,+2,+2] 640
1 [-6,-4,+2] 120
1 [-2,+2,+3,+5] 600
1 [+2,+2,+11] 5
1 [-4,-4,+2] 960
1 [+11] 65
1 [+3,+8] 250
1 [-6,+2,+3] 750
1 [-8,+3] 260
1 [+4,+4,+7] 5
1 [-2,+2,+8] 60
1 [+3,+4,+4] 395
1 [-2,+4,+5] 750
1 [-4,-4,+4] 60
1 [+2,+2,+7] 395
1 [-4,-2,+6] 120
1 [+2,+2,+2,+4] 640
1 [-2,+2,+2,+6] 60
1 [-4,-4,+3] 390
1 [-4,+2,+3,+3] 300
1 [-2,-2,+3,+5] 300
1 [-6,+2,+2] 960
1 [-2,+2,+5,+6] 20
1 [+3,+3,+6] 150
1 [-2,-2,+2,+3,+3] 150
1 [-8,+2,+2] 30
1 [-8,-2,+2] 120
1 [-2,+3,+7] 300
1 [-2,+2,+2,+2,+4] 40
1 [-4,+2,+3,+4] 80
1 [-8,+4] 40
1 [-2,+4,+6] 60
1 [-6,+5] 260
1 [-4,-4,-2,+3] 60
1 [+2,+3,+3,+4] 300
1 [-4,+2,+6] 60
1 [-4,+2,+4,+5] 20
1 [-2,+2,+2,+3,+3] 150
1 [-4,-2,-2,-2,+2] 40
1 [+4,+7] 250
1 [+3,+3,+7] 60
1 [-6,+2,+5] 30
1 [+2,+4,+6] 60
1 [-4,-4,-2,+2] 120
1 [-2,+3,+3,+5] 120
1 [+3,+3,+3,+3,+3] 1
1 [-2,+2,+3,+6] 80
1 [-4,+7] 260
1 [-2,-2,+8] 60
1 [-6,+3,+3] 150
1 [-2,+3,+8] 30
1 [-4,-2,-2,+2,+2] 30
1 [+2,+3,+3,+5] 180
1 [+2,+2,+2,+2,+2] 32
1 [+2,+2,+2,+6] 40
1 [-2,-2,+2,+2,+4] 30
1 [-4,-2,+2,+5] 60
1 [-2,-2,-2,-2,-2] 32
1 [-6,-2,+5] 60
1 [+2,+5,+6] 40
1 [-8,+2,+3] 30
1 [-2,-2,-2,+5] 260
1 [+3,+3,+9] 15
1 [+2,+5,+5] 150
1 [-4,-4,+5] 30
1 [-6,-2,-2,+2] 120
1 [+2,+2,+2,+2,+5] 5
1 [-2,-2,-2,-2,+5] 5
1 [-2,-2,+3,+3,+5] 15
1 [-6,+2,+2,+3] 40
1 [-2,-2,+2,+2,+7] 5
1 [-2,-2,+2,+7] 30
1 [-2,+2,+2,+7] 40
1 [-6,-2,+4] 120
1 [-4,+4,+5] 30
1 [+2,+2,+3,+3,+5] 15
1 [-2,+5,+5] 150
1 [+5,+7] 100
1 [-2,+2,+3,+8] 20
1 [-2,+10] 40
1 [-4,+3,+3,+5] 30
1 [-6,-2,-2,+3] 60
1 [-2,+3,+3,+7] 30
1 [-2,-2,+3,+4,+4] 5
1 [-4,+2,+2,+4] 60
1 [-4,-4,+2,+2,+3] 5
1 [-2,-2,+4,+4] 30
1 [-2,-2,+2,+6] 60
1 [-10] 160
1 [-4,+8] 40
1 [-4,-2,-2,+4] 120
1 [+3,+4,+6] 40
1 [+3,+3,+3,+4] 60
1 [-2,-2,-2,+6] 40
1 [-6,+2,+4] 60
1 [-2,-2,+2,+3,+4] 40
1 [+4,+8] 20
1 [-4,-2,+3,+4] 60
1 [-4,-2,+2,+2,+3] 40
1 [-6,+2,+3,+4] 20
1 [-6,+6] 40
1 [+6,+7] 10
1 [-6,+2,+2,+2] 20
1 [-6,-2,+2,+2] 60
1 [-2,-2,+2,+2,+5] 20
1 [-4,+2,+2,+5] 40
1 [-4,+2,+2,+2,+3] 10
1 [-2,-2,-2,+3,+4] 10
1 [-6,-2,+2,+3] 60
1 [-2,+4,+7] 30
1 [+2,+2,+2,+7] 10
1 [+2,+3,+4,+4] 30
1 [-4,-4,+2,+2] 30
1 [-2,+11] 20
1 [-2,-2,-2,+7] 20
1 [-2,-2,-2,+3,+3] 50
1 [+2,+2,+2,+3,+3] 50
1 [-2,+4,+4,+5] 10
1 [+2,+4,+9] 10
1 [+2,+10] 20
1 [-4,+3,+3,+3] 40
1 [+6,+6] 10
1 [-8,+5] 20
1 [+3,+10] 10
1 [-6,+7] 20
1 [-2,+3,+4,+4] 40
1 [+2,+3,+8] 40
1 [+4,+4,+4] 10
1 [+2,+2,+8] 30
1 [+2,+11] 10
1 [+3,+5,+7] 30
1 [+5,+8] 10
1 [-2,+3,+5,+5] 30
1 [+2,+3,+10] 10
1 [+2,+5,+8] 10
1 [+2,+2,+2,+3,+4] 20
1 [-4,-2,-2,-2,+3] 20
1 [-4,-2,-2,+5] 60
1 [+4,+5,+6] 10
1 [-4,+4,+4] 30
1 [-6,-4,+3] 60
1 [-4,+3,+4,+4] 10
1 [-8,+2,+2,+3] 10
1 [-2,-2,-2,+2,+4] 20
1 [-4,-2,+2,+2,+2] 20
1 [-4,+9] 20
1 [+2,+3,+3,+3,+4] 10
1 [-4,-2,+3,+3,+3] 10
1 [-4,+3,+6] 30
1 [-6,+3,+3,+3] 10
1 [-8,-2,+3] 60
1 [-2,+2,+2,+2,+5] 10
1 [-2,-2,-2,+2,+5] 10
1 [+2,+4,+7] 40
1 [-4,+2,+7] 30
1 [-2,+5,+6] 30
1 [-2,+3,+4,+6] 20
1 [-4,-2,+2,+2,+5] 10
1 [-2,-2,+2,+4,+5] 10
1 [-2,+2,+4,+7] 20
1 [-2,+2,+3,+3,+3] 60
1 [-2,-2,+2,+3,+6] 10
1 [-6,-2,+2,+2,+3] 10
1 [-2,+2,+2,+9] 10
1 [-4,+2,+2,+7] 10
1 [+4,+4,+5] 20
1 [+4,+9] 10
1 [-4,+2,+3,+6] 20
1 [+3,+4,+8] 10
1 [-2,-2,-2,-2,+4] 10
1 [-4,+2,+2,+2,+2] 10
1 [-4,-2,+2,+3,+4] 20
1 [-10,+2] 40
1 [+12] 10
1 [-6,+2,+2,+5] 10
1 [+2,+6,+7] 10
