Checked 17294403 curves in 0.935s
#Gamma(10,1) =  1038849 (in 296814 orbits) for p = 7
#Gamma(10,u) =  1022119 (in 292034 orbits) for p = 7

Frequencies of signed root multiplicities
Gamma(10,1): 34 different patterns
1 [+2,+2] 6489
1 [+3] 30618
1 [-2] 107163
1 [-2,+2] 13146
1 [+2] 107163
1 [] 750141
1 [+4] 2191
1 [-4] 2205
1 [-2,+4] 378
1 [-2,-2] 6615
1 [-2,+3] 3780
1 [+2,+3] 3780
1 [-2,-2,+2] 945
1 [+2,+2,+2] 210
1 [+3,+3] 525
1 [+2,+2,+3,+3] 21
1 [-4,+2] 378
1 [+6] 63
1 [+2,+4] 252
1 [-2,+3,+3] 105
1 [+2,+2,+3] 168
1 [-2,-2,+3] 210
1 [-2,+5] 84
1 [-2,+2,+2] 630
1 [+2,+3,+3] 84
1 [+5] 630
1 [+2,+2,+4] 63
1 [-2,+2,+3] 420
1 [-4,+3] 84
1 [+3,+4] 84
1 [-2,+2,+2,+2] 84
1 [+3,+5] 42
1 [+7] 14
1 [+2,+5] 84
Gamma(10,u): 22 different patterns
u [-2] 101430
u [] 744429
u [+2] 107163
u [-4] 1372
u [-2,-2] 4116
u [+2,+2] 6573
u [+4] 2205
u [+3,+3] 630
u [+3] 30618
u [-2,+2,+2] 945
u [-2,+2] 13230
u [+2,+2,+2] 210
u [-2,+3] 3528
u [+2,+3] 3780
u [-2,+2,+3] 420
u [+2,+5] 84
u [+2,+3,+3] 105
u [+5] 588
u [+2,+2,+2,+2] 21
u [+2,+4] 378
u [+2,+2,+3] 210
u [+3,+4] 84
