Checked 5931980229 curves in 221.369s
#Gamma(13,1) =  356336841 (in 101810526 orbits) for p = 7

Frequencies of signed root multiplicities
Gamma(13,1): 154 different patterns
1 [+2] 36756909
1 [] 257298363
1 [-2,+3] 1285956
1 [-2] 36756909
1 [+3] 10501974
1 [-2,+2,+3] 131040
1 [+4] 750141
1 [-2,+2] 4500846
1 [+2,+2] 2250423
1 [+2,+3] 1285956
1 [-2,-2,+3] 65730
1 [-2,+2,+2] 229635
1 [+2,+4] 91854
1 [-4] 750141
1 [-2,-2] 2250423
1 [+5] 214326
1 [-4,-2] 91854
1 [+3,+4] 26208
1 [-2,-2,+2] 229635
1 [-4,-2,+2] 9450
1 [+3,+3] 183708
1 [-2,+3,+4] 2625
1 [+2,+2,+3] 65688
1 [+2,+2,+2] 76545
1 [-2,+2,+5] 2625
1 [-2,+4] 91854
1 [-2,-2,-2] 76545
1 [-2,+5] 26292
1 [+2,+3,+3] 18837
1 [+2,+6] 1890
1 [-4,+2] 91854
1 [-2,+2,+2,+2] 6216
1 [+3,+5] 7434
1 [-4,+3] 26292
1 [-2,+2,+4] 9450
1 [-4,-2,+3] 3150
1 [-2,+3,+3] 18585
1 [+2,+5] 26208
1 [-4,+2,+2,+2] 112
1 [-2,+2,+7] 105
1 [-2,-2,+2,+2] 9450
1 [+2,+3,+5] 798
1 [-6] 15309
1 [+2,+2,+5] 1239
1 [-6,+2] 1890
1 [-4,+2,+2] 4725
1 [-2,+2,+3,+4] 336
1 [+2,+2,+4] 4662
1 [-2,+2,+3,+3] 1596
1 [-2,+6] 1890
1 [-2,-2,-2,+3] 2100
1 [+2,+2,+2,+2] 1554
1 [+2,+3,+4] 2478
1 [+6] 15309
1 [+7] 4382
1 [-2,-2,-2,+2] 6300
1 [-2,+2,+2,+3] 4956
1 [+2,+4,+4] 84
1 [-2,-2,+4] 4725
1 [-4,-4] 882
1 [+4,+4] 945
1 [-4,+2,+3] 2625
1 [-4,-2,+2,+2] 420
1 [+3,+3,+3] 1806
1 [-2,-2,+2,+3] 5250
1 [+2,+2,+2,+3] 1995
1 [+4,+5] 525
1 [+8] 315
1 [-2,+2,+2,+5] 168
1 [+2,+2,+3,+3] 714
1 [+9] 105
1 [-2,-2,+3,+3] 630
1 [-6,-2] 1764
1 [-4,-2,+4] 210
1 [-4,+2,+4] 210
1 [-4,-2,-2] 4410
1 [-6,+3] 630
1 [-4,+3,+4] 105
1 [-2,+3,+5] 630
1 [-4,-2,-2,+2] 420
1 [-2,+2,+2,+4] 336
1 [-2,-2,+2,+2,+2] 168
1 [-4,+3,+3] 315
1 [-2,+3,+6] 105
1 [-2,+2,+2,+2,+2] 84
1 [-2,+2,+6] 210
1 [-2,-2,-2,+2,+2] 210
1 [-2,+7] 630
1 [-2,-2,+2,+4] 420
1 [-4,+4] 1890
1 [+4,+7] 21
1 [-2,-2,-2,-2] 1470
1 [-2,-2,+5] 1575
1 [-4,+5] 630
1 [-2,-2,-2,+2,+3] 210
1 [+3,+3,+4] 399
1 [-4,-2,+2,+3] 420
1 [-2,-2,+2,+2,+3] 252
1 [-8] 294
1 [+2,+7] 525
1 [-4,+2,+2,+3] 168
1 [-6,+2,+2] 105
1 [-2,-2,-2,-2,+2] 105
1 [-2,-2,+3,+3,+3] 42
1 [+2,+2,+2,+4] 112
1 [-2,+8] 42
1 [-6,-2,+2] 210
1 [+3,+6] 525
1 [-4,-4,+2] 105
1 [-4,+6] 42
1 [+3,+3,+7] 21
1 [-2,-2,+2,+5] 210
1 [-2,-2,+3,+4] 210
1 [-2,+2,+2,+3,+4] 63
1 [+2,+3,+3,+3] 168
1 [-2,+3,+3,+3] 168
1 [-2,+2,+2,+2,+3] 63
1 [-4,+2,+5] 105
1 [+2,+3,+6] 84
1 [+2,+2,+2,+5] 21
1 [-2,+3,+3,+5] 84
1 [+2,+2,+3,+6] 21
1 [-2,+4,+5] 105
1 [-2,+2,+2,+2,+5] 21
1 [-4,+3,+3,+3] 28
1 [+3,+3,+5] 126
1 [+3,+4,+4] 42
1 [-6,+2,+3] 105
1 [+2,+4,+5] 84
1 [+3,+8] 21
1 [-2,+4,+4] 105
1 [-2,-2,-2,+4] 140
1 [-4,+2,+2,+2,+3] 21
1 [+2,+2,+7] 42
1 [-8,+2] 42
1 [+3,+7] 126
1 [+2,+2,+6] 84
1 [-2,-2,+6] 105
1 [+2,+2,+3,+3,+3] 21
1 [+2,+2,+4,+5] 21
1 [+2,+2,+3,+4] 63
1 [+2,+8] 42
1 [+10] 7
1 [-6,+4] 42
1 [+5,+6] 21
1 [+2,+2,+2,+2,+3] 42
1 [+3,+5,+5] 21
1 [+4,+6] 42
1 [+2,+3,+4,+4] 21
1 [+2,+2,+2,+7] 7
1 [-2,-2,+2,+2,+2,+3] 21
1 [+5,+5] 63
1 [+2,+2,+2,+2,+2] 21
1 [+2,+9] 21
