Checked 6561 curves in 0.008s
#Gamma(9,1) =  1728 (in 1152 orbits) for p = 3

Frequencies of signed root multiplicities
Gamma(9,1): 38 different patterns
1 [] 729
1 [-2] 243
1 [+2,+2] 27
1 [+3,+3,+3] 1
1 [+2] 243
1 [+3,+3] 12
1 [-4,+3] 6
1 [-4] 27
1 [+3] 162
1 [-6] 3
1 [+4] 27
1 [-2,-2] 27
1 [-2,+2,+5] 3
1 [-2,+2] 54
1 [-2,+4] 6
1 [+5] 18
1 [+2,+4] 6
1 [+2,+3] 36
1 [-2,+3] 36
1 [-2,+2,+3] 3
1 [-2,+5] 6
1 [-4,+2] 6
1 [+3,+6] 3
1 [+2,+2,+2] 1
1 [-2,-2,-2] 1
1 [+7] 3
1 [-2,+3,+4] 3
1 [-4,+2,+3] 3
1 [-4,-2] 6
1 [+6] 3
1 [+2,+7] 3
1 [-2,-2,+2] 3
1 [-2,+2,+2] 3
1 [+2,+5] 3
1 [+3,+4] 3
1 [+2,+2,+3] 3
1 [-2,-2,+3] 3
1 [+4,+5] 3
