Checked 177147 curves in 0.108s
#Gamma(12,1) =  46656 (in 31104 orbits) for p = 3
#Gamma(12,u) =  45927 (in 30618 orbits) for p = 3

Frequencies of signed root multiplicities
Gamma(12,1): 88 different patterns
1 [+10] 3
1 [+3] 4374
1 [] 19683
1 [+3,+3] 324
1 [+2,+2,+2] 27
1 [+2] 6561
1 [-2] 6561
1 [+3,+9] 6
1 [+4] 729
1 [-4,-4] 9
1 [-4] 729
1 [-2,+2] 1458
1 [+5] 486
1 [+2,+2] 729
1 [+6] 81
1 [-2,-2,-2] 27
1 [-2,+3] 972
1 [-2,+4] 162
1 [-2,+5] 108
1 [-4,-2] 162
1 [-2,-2] 729
1 [-4,+3,+3] 3
1 [-6,+3,+3] 3
1 [+2,+3] 972
1 [-6] 81
1 [+2,+5] 108
1 [+4,+4,+4] 1
1 [+2,+4] 162
1 [-4,+3] 108
1 [-4,-2,+2] 18
1 [-4,+2] 162
1 [-2,+2,+3] 108
1 [-6,+4] 6
1 [+7] 54
1 [-2,+2,+5] 12
1 [+3,+4] 108
1 [+2,+2,+8] 3
1 [+8] 9
1 [+4,+4] 9
1 [+2,+2,+4] 9
1 [-2,-2,+2] 81
1 [-2,+5,+5] 3
1 [-4,+2,+2] 9
1 [-2,+3,+3] 36
1 [-4,+5] 12
1 [+3,+5] 72
1 [+2,+2,+3] 54
1 [+2,+7] 12
1 [-2,+3,+4] 12
1 [+2,+6] 18
1 [-6,+2] 18
1 [-2,+2,+2] 81
1 [-2,-2,+4] 9
1 [+2,+3,+3] 36
1 [-4,-2,-2] 9
1 [-8] 9
1 [+5,+5] 3
1 [-2,-2,+3] 54
1 [-4,-4,+2] 3
1 [-2,+7] 12
1 [-2,-2,+6] 3
1 [+2,+3,+4] 12
1 [-2,+6] 18
1 [+3,+3,+3] 8
1 [+3,+6] 12
1 [-2,+2,+4] 18
1 [-4,-2,+3] 12
1 [-4,+4] 18
1 [-6,-2] 18
1 [+2,+3,+5] 12
1 [-4,+3,+5] 6
1 [+4,+5] 12
1 [+2,+2,+5] 6
1 [-6,+3] 12
1 [+3,+3,+4] 6
1 [-6,-2,+2] 6
1 [-8,+2] 6
1 [-2,+3,+7] 6
1 [-2,-2,+5] 6
1 [-4,+2,+3] 12
1 [+9] 6
1 [-2,+8] 6
1 [-2,+3,+5] 6
1 [-4,-2,+4] 6
1 [+3,+7] 6
1 [-4,+6] 6
1 [+5,+7] 6
1 [+2,+4,+6] 6
Gamma(12,u): 76 different patterns
u [] 19467
u [-2,-2,-2] 19
u [-2] 6345
u [+2] 6561
u [+3] 4374
u [+2,+2] 729
u [-4] 657
u [+4] 729
u [-2,+5] 108
u [-2,+3] 972
u [-2,+4] 162
u [-4,-2] 114
u [+5] 486
u [+3,+3] 324
u [+2,+2,+2] 27
u [-6] 57
u [+3,+4] 108
u [-2,+2] 1458
u [+6] 81
u [-2,-2] 657
u [+3,+3,+4] 3
u [+3,+3,+6] 3
u [-4,+2] 162
u [+2,+3] 972
u [+2,+4] 162
u [-2,+2,+4] 18
u [-2,+2,+3] 108
u [+3,+6] 12
u [+3,+7] 12
u [+2,+5] 108
u [+7] 54
u [-4,+3] 108
u [-2,+2,+5] 12
u [-4,+4] 18
u [-2,+2,+2] 81
u [+2,+5,+5] 3
u [-2,-2,+4] 9
u [+4,+4] 9
u [+2,+3,+3] 36
u [-2,+6] 18
u [-2,+7] 12
u [-2,-2,+3] 54
u [-4,+2,+3] 12
u [+3,+5] 72
u [+8] 9
u [-2,-2,+2] 81
u [-4,+2,+2] 9
u [+2,+6] 18
u [-2,+3,+3] 36
u [+4,+5] 12
u [+2,+2,+4] 9
u [+2,+2,+3] 54
u [-2,+4,+4] 3
u [-6,+2] 18
u [-6,+2,+2] 3
u [-4,-2,+3] 12
u [+3,+3,+3] 8
u [-4,-2,+2] 18
u [-4,+5] 12
u [+2,+3,+4] 12
u [+2,+8] 6
u [-2,+3,+5] 12
u [+3,+4,+5] 6
u [-2,-2,+5] 6
u [-6,+3] 12
u [-4,+3,+3] 6
u [-2,+2,+6] 6
u [+5,+5] 6
u [+4,+6] 6
u [+2,+7] 12
u [+2,+3,+7] 6
u [+2,+2,+5] 6
u [-2,+3,+4] 12
u [+9] 6
u [+2,+3,+5] 6
u [-4,+2,+4] 6
