Checked 4782969 curves in 2.488s
#Gamma(15,1) =  1259712 (in 839808 orbits) for p = 3

Frequencies of signed root multiplicities
Gamma(15,1): 216 different patterns
1 [] 531441
1 [+2,+2] 19683
1 [-2] 177147
1 [+3,+3,+3] 216
1 [+2] 177147
1 [+3,+3] 8748
1 [+3] 118098
1 [-2,-2] 19683
1 [-2,+2,+5] 324
1 [-4] 19683
1 [+4] 19683
1 [-6] 2187
1 [-2,+2] 39366
1 [+2,+3] 26244
1 [-4,+2] 4374
1 [+2,+4] 4374
1 [-2,+4] 4374
1 [-2,+3] 26244
1 [+5] 13122
1 [-2,+2,+3] 2916
1 [-4,+3] 2916
1 [-4,-2] 4374
1 [+6,+9] 3
1 [-6,+3] 324
1 [+2,+2,+2] 729
1 [-2,+5] 2916
1 [-4,+9] 6
1 [-2,-2,-2] 729
1 [+2,+5] 2916
1 [+3,+7] 216
1 [+6] 2187
1 [+3,+6] 324
1 [+3,+4] 2916
1 [+7] 1458
1 [-4,+3,+4] 36
1 [-4,-2,+2] 486
1 [+2,+8] 54
1 [-2,-2,+2] 2187
1 [-2,+2,+4] 486
1 [-2,+3,+4] 324
1 [+2,+6] 486
1 [+2,+7] 324
1 [+2,+2,+6] 27
1 [+2,+2,+3] 1458
1 [-4,-2,+3] 324
1 [-4,+4] 486
1 [-2,+3,+3] 972
1 [-2,+3,+5] 216
1 [+3,+5] 1944
1 [-4,+2,+2] 243
1 [-6,+2] 486
1 [-2,+4,+4] 27
1 [-2,+2,+2] 2187
1 [-6,-2,-2] 27
1 [-4,+2,+3] 324
1 [-8] 243
1 [+4,+4] 243
1 [+4,+5] 324
1 [-2,-2,+4] 243
1 [-6,-2] 486
1 [-2,-2,+3] 1458
1 [+2,+3,+3] 972
1 [+2,+3,+4] 324
1 [+2,+3,+5] 216
1 [-4,+5] 324
1 [-4,-4,+2] 27
1 [-6,+3,+6] 3
1 [-4,+6] 54
1 [+9] 162
1 [-2,+4,+5] 36
1 [-2,+7] 324
1 [-4,-4] 243
1 [+2,+2,+4] 243
1 [-4,+2,+5] 36
1 [+8] 243
1 [-2,+6] 486
1 [-4,-2,-2] 243
1 [+3,+3,+7] 9
1 [+5,+5] 108
1 [+3,+3,+9] 3
1 [+3,+12] 3
1 [-4,+4,+7] 3
1 [-6,+2,+2] 27
1 [-2,-2,+6] 27
1 [-4,+3,+3] 108
1 [+4,+6] 54
1 [+3,+3,+4] 108
1 [-2,-2,+7] 18
1 [-4,+2,+4] 54
1 [-6,+3,+3] 12
1 [-2,+5,+5] 12
1 [+2,+4,+4] 27
1 [-4,-4,+3] 18
1 [+2,+4,+5] 36
1 [+4,+7] 36
1 [+3,+9] 24
1 [+2,+2,+8] 3
1 [-4,+7] 36
1 [-10] 27
1 [-6,-4] 54
1 [-6,+4] 54
1 [-8,-2] 54
1 [-6,-6] 3
1 [-4,-2,+4] 54
1 [+2,+2,+7] 18
1 [-4,-4,-2] 27
1 [-2,+2,+11] 3
1 [+10] 27
1 [+3,+3,+6] 12
1 [-4,-2,+5] 36
1 [+2,+5,+5] 12
1 [+3,+4,+4] 18
1 [-12] 3
1 [-8,-2,-2] 3
1 [-2,+9] 36
1 [-2,+2,+7] 36
1 [+5,+5,+5] 1
1 [+2,+2,+5] 162
1 [+2,+9] 36
1 [-8,+2] 54
1 [-2,-2,+5] 162
1 [-2,+3,+6] 36
1 [-2,+3,+7] 24
1 [-6,+5] 36
1 [+2,+3,+7] 24
1 [-8,+4] 6
1 [+3,+3,+5] 72
1 [-2,+8] 54
1 [+4,+8] 6
1 [+2,+10] 6
1 [-2,+2,+6] 54
1 [-4,-2,+6] 6
1 [-2,+10] 6
1 [-6,+2,+3] 36
1 [-8,+3] 36
1 [+5,+7] 24
1 [+5,+6] 36
1 [-4,+3,+5] 24
1 [+3,+8] 36
1 [-4,+2,+6] 6
1 [+2,+3,+6] 36
1 [-2,+4,+6] 6
1 [-6,-2,+2] 54
1 [-6,-4,+2] 6
1 [-6,+2,+4] 6
1 [+3,+4,+5] 24
1 [-6,-2,+4] 6
1 [-6,-2,+3] 36
1 [+3,+5,+5] 9
1 [-4,+4,+5] 3
1 [-2,+2,+9] 3
1 [-2,+11] 6
1 [+2,+4,+7] 6
1 [-6,-2,+5] 6
1 [-6,-4,+3] 6
1 [-2,+3,+8] 3
1 [-4,-2,+7] 6
1 [+11] 18
1 [+2,+5,+6] 6
1 [-8,+2,+3] 3
1 [-8,+5] 6
1 [-2,+5,+8] 3
1 [+4,+4,+4] 1
1 [-4,+8] 6
1 [-10,+3] 6
1 [+6,+7] 3
1 [+3,+4,+6] 6
1 [-4,-4,-4] 1
1 [-8,+2,+5] 3
1 [-10,+2] 6
1 [+2,+13] 3
1 [-2,+4,+9] 3
1 [-4,+2,+9] 3
1 [+4,+11] 3
1 [+3,+5,+7] 6
1 [-8,-4] 6
1 [-10,-2] 6
1 [-8,-2,+2] 6
1 [-2,+2,+8] 6
1 [+6,+6] 3
1 [+12] 3
1 [-4,-4,+4] 3
1 [-4,+4,+4] 3
1 [+2,+11] 3
1 [+2,+2,+9] 3
1 [-2,-2,+9] 3
1 [+5,+10] 3
1 [-6,+2,+7] 3
1 [-2,+6,+7] 3
1 [-8,+3,+4] 3
1 [-4,+3,+8] 3
1 [-6,-4,-2] 6
1 [+2,+4,+6] 6
1 [-6,+6] 6
1 [-6,+7] 6
1 [-6,+3,+4] 3
1 [-4,+3,+6] 3
1 [+3,+10] 3
1 [+4,+9] 3
1 [+13] 3
1 [-2,+5,+6] 3
1 [-6,+2,+5] 3
1 [+2,+3,+8] 6
1 [-8,-2,+3] 6
1 [+4,+4,+5] 3
1 [-4,-4,+5] 3
1 [+5,+8] 3
1 [-4,+2,+7] 3
1 [-2,+4,+7] 3
1 [-2,+3,+10] 3
1 [-10,+2,+3] 3
1 [+7,+8] 3
1 [-4,+5,+6] 3
1 [-6,+4,+5] 3
1 [-2,-2,+8] 3
1 [-8,+2,+2] 3
