Checked 290667031221 curves in 2752.228s
#Gamma(15,1) =  17460505216 (in 1069010524 orbits) for p = 7

Frequencies of signed root multiplicities
Gamma(15,1): 330 different patterns
1 [-2] 1801088541
1 [] 12607619787
1 [+2,+2,+2] 3750705
1 [+3] 514596726
1 [+12] 7
1 [-2,+3] 63011844
1 [+4] 36756909
1 [-2,-2,-2] 3750705
1 [-2,-2,-2,+3] 87640
1 [+2] 1801088541
1 [-2,-2] 110270727
1 [+2,+2] 110270727
1 [-2,+2] 220541454
1 [+2,+3] 63011844
1 [-4] 36756909
1 [+5] 10501974
1 [-2,+2,+2] 11252115
1 [+6] 750141
1 [+3,+3] 9001692
1 [-2,+4] 4500846
1 [-6] 750141
1 [-2,-2,-2,+6] 140
1 [-2,-2,+3] 3214890
1 [-4,+2] 4500846
1 [-2,-2,+2] 11252115
1 [-2,+2,+3] 6429780
1 [+2,+4] 4500846
1 [-4,-2,+2] 459270
1 [-2,+3,+4] 131040
1 [-4,-2] 4500846
1 [+2,+5] 1285956
1 [-2,+3,+3] 918540
1 [+2,+2,+3] 3214890
1 [-2,+5] 1285956
1 [+2,+3,+3] 918540
1 [-2,+2,+4] 459270
1 [-2,+2,+2,+3] 262752
1 [+3,+4] 1285956
1 [-4,-2,+3] 131460
1 [-4,+3] 1285956
1 [-2,+6] 91854
1 [-6,-2] 91854
1 [+3,+3,+3] 87493
1 [+2,+2,+2,+2] 76545
1 [-2,-2,-2,+2] 306180
1 [+2,+2,+4] 229635
1 [+2,+3,+4] 131376
1 [+2,+6] 91854
1 [-4,+2,+2] 229635
1 [-2,+2,+5] 131040
1 [-2,+2,+2,+2] 306180
1 [-4,+2,+3] 131040
1 [-2,-2,+2,+2] 459270
1 [+2,+2,+3,+3] 37422
1 [-2,-2,+4] 229635
1 [-2,+3,+5] 37170
1 [+2,+2,+5] 65688
1 [-2,+7] 26292
1 [-4,-2,-2,+2] 18900
1 [-2,-2,+2,+3] 262080
1 [-2,-2,+6] 4725
1 [+4,+4] 45927
1 [-4,-2,-2] 229635
1 [+7] 214326
1 [-2,-2,-2,-2] 76545
1 [-4,-2,+2,+2] 18900
1 [-4,-4] 45927
1 [+8] 15309
1 [+2,+7] 26208
1 [+3,+5] 367416
1 [+3,+6] 26208
1 [-2,+2,+3,+3] 75348
1 [-4,-2,+2,+3] 10500
1 [+3,+3,+4] 18837
1 [-2,+2,+2,+4] 18648
1 [+9] 4382
1 [+2,+3,+5] 37674
1 [-6,+4] 1890
1 [-8] 15309
1 [-6,+3] 26292
1 [-4,+5] 26292
1 [-4,+2,+2,+2] 6216
1 [-6,+2,+2] 4725
1 [-4,-2,-2,-2] 5880
1 [-6,-2,-2] 4410
1 [+2,+2,+2,+9] 7
1 [+2,+2,+2,+3] 87381
1 [+3,+3,+3,+3] 490
1 [-6,+2] 91854
1 [+4,+5] 26208
1 [-4,+4] 91854
1 [+5,+5,+5] 7
1 [-4,-4,-2] 4410
1 [+2,+4,+4] 4662
1 [-4,-2,+5] 3150
1 [+2,+2,+6] 4662
1 [-2,+2,+6] 9450
1 [-4,+3,+3] 18585
1 [-2,-2,+5] 65730
1 [+3,+7] 7434
1 [+4,+4,+4] 28
1 [-2,-2,-2,-2,+2] 4725
1 [-2,-2,+2,+2,+4] 504
1 [-2,+2,+3,+4] 9912
1 [+2,+4,+5] 2478
1 [-4,-2,+3,+3] 1260
1 [-2,-2,+2,+4] 18900
1 [-2,-2,+3,+5] 1260
1 [-4,-2,+4] 9450
1 [-6,+3,+3,+3] 28
1 [-2,-2,+3,+3] 37170
1 [-2,+2,+7] 2625
1 [-2,+2,+3,+5] 3192
1 [+2,+3,+6] 2478
1 [-2,+9] 630
1 [-4,+2,+4] 9450
1 [-4,-4,+2] 4725
1 [+2,+2,+2,+4] 6216
1 [-2,+2,+2,+5] 4956
1 [-6,+2,+2,+2] 112
1 [-6,-2,+2] 9450
1 [-2,-2,-2,+4] 6300
1 [-2,+4,+5] 2625
1 [-2,-2,+3,+4] 5250
1 [+2,+2,+2,+5] 1995
1 [+3,+3,+5] 5418
1 [-4,+6] 1890
1 [-2,-2,-2,+3,+3,+3] 28
1 [-2,-2,-2,+2,+2,+2,+3] 7
1 [+2,+2,+2,+2,+2,+2] 7
1 [+4,+6] 1890
1 [-2,-2,-2,+2,+2,+2] 112
1 [+2,+8] 1890
1 [-2,+2,+2,+2,+3] 5985
1 [-2,+2,+2,+2,+2] 4662
1 [-2,+2,+4,+4] 336
1 [+2,+2,+2,+6] 112
1 [+2,+3,+3,+3] 7140
1 [-8,+2] 1890
1 [-4,-2,-2,+3] 6300
1 [-2,+4,+4] 4725
1 [-2,-2,-2,+2,+2] 9450
1 [+3,+4,+4,+4] 7
1 [-2,+3,+3,+3] 7224
1 [-4,+3,+4] 2625
1 [+2,+2,+3,+4] 5985
1 [-6,+2,+3] 2625
1 [-2,-2,+2,+2,+2] 9324
1 [+3,+5,+5] 126
1 [-2,-2,-2,+5] 2100
1 [-4,+2,+3,+3] 1596
1 [-2,-2,+2,+5] 5250
1 [+3,+9] 126
1 [-2,-2,-2,+2,+3] 5250
1 [-2,+3,+3,+4] 1596
1 [-4,+2,+2,+3] 4956
1 [+2,+2,+4,+5] 63
1 [-2,+3,+6] 2625
1 [-2,-2,-2,+3,+4] 210
1 [-4,-4,+3] 1575
1 [+2,+4,+6] 168
1 [-4,-2,-2,+2,+3] 630
1 [-2,-2,+7] 1575
1 [-2,-2,+2,+2,+5] 252
1 [-2,-2,+2,+3,+3] 2394
1 [-2,+4,+6] 210
1 [-2,-2,-2,-2,+3] 1575
1 [-6,-2,+2,+2] 420
1 [-4,-2,+2,+4] 840
1 [-2,-2,+2,+2,+3] 7434
1 [-6,-4] 1764
1 [-6,-2,-2,+2] 420
1 [-2,+8] 1890
1 [+2,+2,+7] 1239
1 [+2,+2,+3,+5] 1428
1 [-4,+2,+3,+4] 336
1 [-8,+3] 630
1 [-4,-2,+2,+5] 420
1 [-2,-2,-2,-2,-2] 882
1 [+2,+3,+3,+4] 1428
1 [+5,+5] 3717
1 [+4,+7] 525
1 [-4,-2,+2,+2,+2] 336
1 [-6,+5] 630
1 [-4,+2,+2,+2,+2] 84
1 [-2,+5,+5] 315
1 [-2,+2,+2,+3,+3] 2142
1 [+2,+2,+2,+3,+3] 714
1 [+3,+3,+3,+4] 168
1 [-6,+2,+2,+3] 168
1 [-2,-2,+4,+5] 210
1 [-2,-2,-2,+3,+3] 630
1 [+3,+3,+6] 399
1 [-8,-2] 1764
1 [-4,-2,-2,-2,+2] 420
1 [-6,-2,+3] 3150
1 [+2,+2,+2,+2,+2] 945
1 [-4,-4,-2,+2] 420
1 [+2,+3,+3,+5] 504
1 [-4,+2,+5] 2625
1 [+2,+2,+2,+2,+3] 1239
1 [-2,-2,+3,+6] 210
1 [+2,+9] 525
1 [+5,+6] 525
1 [+3,+4,+5] 798
1 [-4,-2,+2,+2,+3] 504
1 [-2,-2,-2,-2,+4] 105
1 [+3,+8] 525
1 [-4,-4,+2,+3] 210
1 [-2,+2,+3,+3,+3] 504
1 [-4,+4,+4] 105
1 [-2,+2,+2,+7] 168
1 [-6,-2,+2,+3] 420
1 [-2,+3,+3,+5] 504
1 [+11] 105
1 [-4,+3,+5] 630
1 [-2,-2,-2,-2,+2,+2] 105
1 [-8,+2,+3] 105
1 [-2,+3,+7] 630
1 [-2,+2,+8] 210
1 [+3,+4,+6] 84
1 [-8,+2,+2] 105
1 [+3,+4,+4] 1239
1 [-4,+2,+6] 210
1 [-2,-2,+2,+2,+3,+4] 63
1 [-6,+3,+4] 105
1 [-4,-4,+2,+2] 210
1 [-4,+2,+2,+4] 336
1 [-2,+2,+2,+6] 336
1 [-2,-2,+2,+3,+4] 504
1 [-2,-2,+2,+2,+2,+3] 63
1 [-2,+2,+2,+2,+4] 336
1 [+2,+5,+5] 399
1 [-6,+3,+3] 315
1 [+2,+3,+7] 798
1 [-4,+7] 630
1 [-2,+3,+4,+4] 168
1 [+3,+3,+7] 126
1 [-2,+3,+5,+5] 84
1 [-2,-2,-2,+2,+4] 420
1 [-2,+2,+3,+6] 336
1 [-8,+4] 42
1 [-4,-2,-2,+2,+2] 630
1 [-2,-2,+3,+3,+3] 252
1 [+2,+2,+3,+3,+3] 315
1 [-2,+5,+6] 105
1 [-2,-2,+3,+3,+5] 126
1 [-2,+2,+2,+3,+4] 189
1 [+2,+2,+4,+4] 168
1 [-8,-2,+2] 210
1 [-4,+2,+7] 105
1 [-2,-2,+4,+4] 210
1 [-2,-2,-2,+2,+2,+3] 168
1 [-2,+2,+2,+2,+2,+3] 84
1 [-2,-2,-2,+2,+5] 210
1 [-2,+2,+4,+5] 336
1 [+2,+2,+2,+3,+4] 168
1 [-10] 294
1 [+5,+7] 126
1 [+2,+5,+6] 84
1 [+2,+4,+7] 84
1 [-2,+2,+3,+4,+4] 63
1 [+2,+3,+4,+4] 63
1 [-4,+2,+2,+5] 168
1 [+10] 315
1 [-4,+2,+2,+3,+4] 63
1 [-6,-2,+4] 210
1 [+3,+10] 21
1 [-2,+10] 42
1 [-4,+3,+3,+5] 84
1 [-2,-2,+2,+6] 420
1 [-2,-2,+8] 105
1 [-2,+2,+2,+2,+2,+2] 42
1 [-2,-2,+2,+7] 210
1 [-4,-2,+3,+3,+3] 84
1 [-4,-2,+3,+4] 420
1 [-2,+2,+2,+3,+6] 63
1 [-4,+3,+3,+3] 168
1 [-6,-4,+2] 210
1 [-4,+4,+5] 105
1 [-4,+3,+6] 105
1 [-2,+2,+9] 105
1 [-4,-2,-2,+4] 420
1 [+2,+2,+3,+3,+5] 63
1 [+2,+3,+8] 84
1 [-2,+2,+2,+4,+5] 63
1 [+2,+2,+2,+2,+4] 105
1 [-2,+2,+2,+3,+3,+3] 42
1 [+4,+8] 42
1 [-4,+2,+2,+2,+3] 63
1 [+4,+4,+5] 42
1 [+3,+3,+9] 21
1 [-6,+6] 42
1 [-2,+3,+3,+7] 84
1 [-2,+4,+7] 105
1 [-4,-2,+6] 210
1 [+2,+3,+3,+3,+4] 42
1 [-6,+2,+4] 210
1 [+2,+2,+4,+7] 21
1 [+4,+9] 21
1 [-2,+3,+8] 105
1 [-2,+2,+2,+2,+5] 63
1 [+2,+2,+2,+2,+5] 42
1 [-6,+2,+5] 105
1 [+2,+2,+8] 84
1 [-2,-2,-2,-2,+2,+3] 105
1 [-6,+2,+2,+2,+3] 21
1 [+2,+2,+9] 42
1 [+2,+2,+3,+6] 63
1 [-4,-4,+4] 105
1 [+2,+2,+2,+7] 21
1 [+2,+2,+3,+8] 21
1 [-4,+8] 42
1 [+2,+3,+4,+6] 42
1 [-2,-2,+2,+2,+2,+2] 84
1 [-4,+2,+2,+2,+5] 21
1 [+2,+2,+2,+2,+2,+3] 21
1 [-2,+2,+2,+2,+7] 21
1 [-2,-2,-2,-2,-2,+2] 42
1 [+5,+8] 21
1 [-4,-2,+2,+2,+2,+3] 42
1 [+2,+10] 42
1 [+3,+5,+7] 42
1 [-2,-2,+2,+2,+2,+5] 21
1 [-10,+2] 42
1 [+6,+6] 21
1 [+2,+4,+4,+5] 21
1 [+6,+7] 21
1 [+2,+2,+5,+6] 21
1 [+2,+11] 21
