Checked 531441 curves in 0.276s
#Gamma(13,1) =  139968 (in 93312 orbits) for p = 3

Frequencies of signed root multiplicities
Gamma(13,1): 133 different patterns
1 [] 59049
1 [-2] 19683
1 [-2,+2] 4374
1 [-2,+2,+3] 324
1 [+2] 19683
1 [-4] 2187
1 [+3] 13122
1 [-2,+3] 2916
1 [+2,+3] 2916
1 [+2,+2] 2187
1 [+3,+4] 324
1 [+4,+9] 3
1 [-2,+9] 6
1 [-2,-2] 2187
1 [+2,+4] 486
1 [+4] 2187
1 [+3,+5] 216
1 [+5] 1458
1 [+2,+5] 324
1 [-6] 243
1 [+2,+6] 54
1 [-4,+3] 324
1 [-4,+2] 486
1 [-2,+4] 486
1 [+3,+3] 972
1 [-6,-2] 54
1 [-2,+2,+4] 54
1 [-4,+4,+5] 3
1 [+2,+2,+2] 81
1 [-2,+6] 54
1 [-4,-2] 486
1 [-2,-2,-2] 81
1 [-2,+5] 324
1 [-4,+4] 54
1 [-2,-2,+2] 243
1 [+6] 243
1 [-2,+2,+5] 36
1 [-2,+3,+3] 108
1 [-4,-2,+2] 54
1 [-2,+7] 36
1 [-4,+2,+2] 27
1 [+2,+2,+5] 18
1 [+3,+7] 24
1 [+3,+3,+5] 9
1 [+2,+2,+4] 27
1 [-8] 27
1 [-6,+2] 54
1 [-2,+2,+2] 243
1 [-6,-4] 6
1 [+7] 162
1 [-2,-2,+4] 27
1 [+2,+3,+3] 108
1 [-2,-2,+5] 18
1 [-2,+3,+4] 36
1 [+3,+3,+7] 3
1 [+4,+5] 36
1 [-4,-2,-2] 27
1 [+2,+2,+3] 162
1 [+3,+3,+3] 24
1 [-2,+8] 6
1 [-4,+7] 6
1 [-4,-2,+3] 36
1 [-2,+3,+5] 24
1 [-2,-2,+3] 162
1 [-4,+2,+3] 36
1 [-6,+4] 6
1 [+2,+3,+4] 36
1 [+2,+3,+5] 24
1 [-4,+5] 36
1 [-2,+2,+7] 3
1 [-6,-2,+3] 6
1 [-2,+2,+9] 3
1 [+2,+11] 3
1 [+3,+8] 3
1 [-4,-4] 27
1 [+2,+3,+6] 6
1 [+4,+4] 27
1 [-6,+5] 6
1 [+3,+5,+5] 3
1 [-4,+3,+3] 12
1 [+8] 27
1 [-6,+3] 36
1 [+3,+6] 36
1 [-8,-2] 6
1 [+9] 18
1 [-4,+2,+7] 3
1 [-6,-2,+2] 6
1 [+3,+3,+4] 12
1 [+4,+6] 6
1 [-4,+2,+4] 6
1 [+2,+8] 6
1 [-2,+2,+6] 6
1 [-4,-2,+4] 6
1 [+2,+9] 3
1 [+2,+7] 36
1 [-2,+3,+6] 3
1 [+5,+5] 12
1 [+2,+4,+5] 6
1 [-10] 3
1 [-2,+4,+4] 3
1 [-2,+4,+7] 3
1 [+10] 3
1 [-4,-4,+2] 3
1 [-4,+3,+4] 3
1 [-8,+2] 6
1 [+11] 3
1 [+2,+2,+7] 3
1 [-4,-4,+3] 3
1 [-4,-2,+5] 6
1 [-6,+2,+3] 3
1 [-8,+3] 6
1 [-2,-2,+7] 3
1 [+3,+10] 3
1 [+6,+7] 3
1 [-4,+3,+6] 3
1 [-2,+5,+6] 3
1 [-2,+3,+8] 3
1 [+2,+2,+6] 3
1 [+5,+8] 3
1 [+2,+4,+4] 3
1 [-4,+6] 6
1 [-2,-2,+6] 3
1 [+3,+4,+4] 3
1 [+4,+7] 3
1 [+5,+6] 3
1 [-4,+2,+5] 3
1 [-6,+3,+4] 3
1 [-4,-4,-2] 3
1 [-6,+2,+5] 3
1 [-8,+2,+3] 3
1 [-6,-2,-2] 3
1 [-6,+2,+2] 3
1 [-2,+4,+5] 3
