Checked 2470629 curves in 0.145s
#Gamma(9,1) =  148386 (in 42396 orbits) for p = 7

Frequencies of signed root multiplicities
Gamma(9,1): 26 different patterns
1 [] 107163
1 [+2,+2,+2] 28
1 [+3] 4382
1 [-2] 15309
1 [+2,+2] 945
1 [+2] 15309
1 [-2,+2] 1890
1 [-2,+3] 630
1 [+4] 315
1 [-2,-2] 882
1 [+2,+3] 525
1 [-2,+2,+3] 105
1 [-4,+2] 42
1 [-4] 294
1 [+5] 105
1 [-2,-2,+2] 105
1 [-2,+2,+2] 105
1 [+3,+3] 63
1 [+2,+4] 42
1 [+6] 7
1 [+3,+3,+3] 7
1 [+3,+4] 21
1 [-2,+4] 42
1 [+2,+2,+3] 42
1 [+2,+2,+2,+3] 7
1 [+2,+5] 21
