Checked 5376481182111 curves in 71422.068s
#Gamma(13,1) =  15412998412 (in 2371215398 orbits) for p = 13

Frequencies of signed root multiplicities
Gamma(13,1): 86 different patterns
1 [+3] 154578177
1 [] 13060694016
1 [+2] 1004686488
1 [-2] 1004640780
1 [-2,+2] 71368128
1 [+2,+2,+2,+2,+3] 195
1 [+2,+2] 35663472
1 [-2,+3] 10978344
1 [-2,-2] 35640072
1 [+4] 5947344
1 [-2,-2,+2] 2357784
1 [-2,+2,+3] 717288
1 [-4] 5940012
1 [+2,+3] 10978032
1 [+5] 914862
1 [-2,+2,+2] 2334618
1 [+2,+2,+2] 769080
1 [+2,+2,+3] 356772
1 [+7] 5577
1 [-2,+4] 428688
1 [-2,-2,+3] 368082
1 [+3,+3] 848016
1 [-4,-2] 389376
1 [-2,+6] 1872
1 [-4,+2] 428688
1 [-2,-2,-2] 713856
1 [-2,+3,+3] 51480
1 [-2,+2,+2,+2] 47580
1 [-2,+2,+3,+3] 5460
1 [+2,+4] 424476
1 [+2,+2,+4] 14274
1 [+3,+4] 65208
1 [-4,+3] 66924
1 [-2,+5] 66924
1 [+2,+5] 65208
1 [-4,-2,+2] 20592
1 [-2,-2,+2,+2] 77220
1 [-2,+2,+4] 30888
1 [+3,+3,+3] 3510
1 [-2,+2,+2,+3] 20670
1 [-2,-2,+4] 10296
1 [+2,+2,+2,+2] 10842
1 [+2,+2,+5] 2067
1 [-4,-2,+3] 5148
1 [-6] 32448
1 [+6] 35724
1 [-2,-2,-2,+3] 8580
1 [+2,+3,+3] 56394
1 [-2,-2,+5] 2574
1 [-2,-2,+2,+3] 21450
1 [-2,-2,-2,+2] 34320
1 [-2,+2,+2,+4] 780
1 [+9] 39
1 [-4,+2,+2] 15444
1 [+2,+2,+2,+3] 8034
1 [-6,+2] 1872
1 [+2,+2,+2,+4] 416
1 [+4,+4] 1404
1 [+2,+3,+4] 4134
1 [-4,+2,+3] 4290
1 [+3,+5] 9360
1 [-2,+2,+5] 4290
1 [-2,+3,+4] 4290
1 [+2,+2,+3,+3] 1170
1 [+2,+6] 2808
1 [-2,-2,+2,+2,+2] 1170
1 [-4,+4] 1872
1 [+2,+3,+5] 1092
1 [+2,+3,+3,+3] 312
1 [+2,+2,+3,+3,+3] 39
1 [+2,+2,+2,+5] 78
1 [+4,+5] 390
1 [-4,+2,+2,+2] 260
1 [+2,+4,+4] 78
1 [-4,+5] 468
1 [-2,+7] 468
1 [-2,+2,+2,+2,+2] 936
1 [-2,+2,+2,+2,+3] 702
1 [+2,+2,+3,+4] 234
1 [+2,+7] 390
1 [-6,+3] 468
1 [+3,+3,+4] 546
1 [+3,+6] 390
1 [+8] 156
1 [+2,+2,+2,+2,+2] 78
1 [+2,+2,+6] 78
